Unable to capture context for thread 9400 in process 11196, can not generate back trace
Unable to capture context for thread 6240 in process 11196, can not generate back trace
Exception at PC 0x00007FF83752BB93
Printing stacktrace...

[0]  [0x00007FF83752BB93]
[1]  [0x00007FF83752BB93]
[2]  [0x00007FF83752B4A1]
[3]  [0x00007FF83752B3EF]
[4]  [0x00007FF8375119FE]
[5]  [0x00007FF837510ED1]
[6]  [0x00007FF837510D76]
[7]  [0x00007FF8374B79F6]
[8]  [0x00007FF8374A7AFB]
[9]  [0x00007FF8375CE90A]
[10]  [0x00007FF8375E9F87]
[11]  [0x00007FF8375EA05F]
[12] (BaseThreadInitThunk+0x14) [0x00007FF867343034]
[13] (RtlUserThreadStart+0x21) [0x00007FF869C63691]
Done
Exception at PC 0x00007FF837231A52
Attemped to write at address 0x00007FF838FEABA4
Printing stacktrace...

[0]  [0x00007FF837231A52]
[1]  [0x00007FF837231A52]
[2]  [0x00007FF837231AD4]
[3]  [0x00007FF837373FF7]
[4]  [0x00007FF837259128]
[5]  [0x00007FF83750DFB9]
[6]  [0x00007FF8376DEF23]
[7]  [0x00007FF8375EB06B]
[8]  [0x00007FF8375E08AF]
[9]  [0x00007FF8375E0A32]
[10] (RtlActivateActivationContextUnsafeFast+0x123) [0x00007FF869C2B583]
[11] (LdrShutdownProcess+0x125) [0x00007FF869C37F85]
[12] (RtlExitUserProcess+0xd8) [0x00007FF869C37E48]
[13] (FatalExit+0xa) [0x00007FF86734B19A]
[14] (exit+0x75) [0x00007FF867CE9CE5]
[15] (initterm_e+0x235) [0x00007FF867CEA345]
[16]  [0x00000000004014CD]
[17]  [0x000000000040151B]
[18] (BaseThreadInitThunk+0x14) [0x00007FF867343034]
[19] (RtlUserThreadStart+0x21) [0x00007FF869C63691]
Done
