Copyright 1986-2017 Xilinx, Inc. All Rights Reserved.
-----------------------------------------------------------------------------------------------------------------------
| Tool Version : Vivado v.2017.2 (win64) Build 1909853 Thu Jun 15 18:39:09 MDT 2017
| Date         : Sun Dec 16 15:04:43 2018
| Host         : DESKTOP-ECK2RKS running 64-bit major release  (build 9200)
| Command      : report_methodology -file convolve_methodology_drc_routed.rpt -rpx convolve_methodology_drc_routed.rpx
| Design       : convolve
| Device       : xc7z010clg400-1
| Speed File   : -1
| Design State : Routed
-----------------------------------------------------------------------------------------------------------------------

Report Methodology

Table of Contents
-----------------
1. REPORT SUMMARY
2. REPORT DETAILS

1. REPORT SUMMARY
-----------------
            Netlist: netlist
          Floorplan: checkpoint_convolve
      Design limits: <entire design considered>
             Max violations: <unlimited>
             Violations found: 110
+-----------+----------+-------------------------------+------------+
| Rule      | Severity | Description                   | Violations |
+-----------+----------+-------------------------------+------------+
| TIMING-18 | Warning  | Missing input or output delay | 110        |
+-----------+----------+-------------------------------+------------+

2. REPORT DETAILS
-----------------
TIMING-18#1 Warning
Missing input or output delay  
An input delay is missing on ap_rst_n relative to clock(s) ap_clk 
Related violations: <none>

TIMING-18#2 Warning
Missing input or output delay  
An input delay is missing on s_axi_conv_ARADDR[0] relative to clock(s) ap_clk 
Related violations: <none>

TIMING-18#3 Warning
Missing input or output delay  
An input delay is missing on s_axi_conv_ARADDR[10] relative to clock(s) ap_clk 
Related violations: <none>

TIMING-18#4 Warning
Missing input or output delay  
An input delay is missing on s_axi_conv_ARADDR[11] relative to clock(s) ap_clk 
Related violations: <none>

TIMING-18#5 Warning
Missing input or output delay  
An input delay is missing on s_axi_conv_ARADDR[12] relative to clock(s) ap_clk 
Related violations: <none>

TIMING-18#6 Warning
Missing input or output delay  
An input delay is missing on s_axi_conv_ARADDR[13] relative to clock(s) ap_clk 
Related violations: <none>

TIMING-18#7 Warning
Missing input or output delay  
An input delay is missing on s_axi_conv_ARADDR[14] relative to clock(s) ap_clk 
Related violations: <none>

TIMING-18#8 Warning
Missing input or output delay  
An input delay is missing on s_axi_conv_ARADDR[1] relative to clock(s) ap_clk 
Related violations: <none>

TIMING-18#9 Warning
Missing input or output delay  
An input delay is missing on s_axi_conv_ARADDR[2] relative to clock(s) ap_clk 
Related violations: <none>

TIMING-18#10 Warning
Missing input or output delay  
An input delay is missing on s_axi_conv_ARADDR[3] relative to clock(s) ap_clk 
Related violations: <none>

TIMING-18#11 Warning
Missing input or output delay  
An input delay is missing on s_axi_conv_ARADDR[4] relative to clock(s) ap_clk 
Related violations: <none>

TIMING-18#12 Warning
Missing input or output delay  
An input delay is missing on s_axi_conv_ARADDR[5] relative to clock(s) ap_clk 
Related violations: <none>

TIMING-18#13 Warning
Missing input or output delay  
An input delay is missing on s_axi_conv_ARADDR[6] relative to clock(s) ap_clk 
Related violations: <none>

TIMING-18#14 Warning
Missing input or output delay  
An input delay is missing on s_axi_conv_ARADDR[7] relative to clock(s) ap_clk 
Related violations: <none>

TIMING-18#15 Warning
Missing input or output delay  
An input delay is missing on s_axi_conv_ARADDR[8] relative to clock(s) ap_clk 
Related violations: <none>

TIMING-18#16 Warning
Missing input or output delay  
An input delay is missing on s_axi_conv_ARADDR[9] relative to clock(s) ap_clk 
Related violations: <none>

TIMING-18#17 Warning
Missing input or output delay  
An input delay is missing on s_axi_conv_ARVALID relative to clock(s) ap_clk 
Related violations: <none>

TIMING-18#18 Warning
Missing input or output delay  
An input delay is missing on s_axi_conv_AWADDR[0] relative to clock(s) ap_clk 
Related violations: <none>

TIMING-18#19 Warning
Missing input or output delay  
An input delay is missing on s_axi_conv_AWADDR[10] relative to clock(s) ap_clk 
Related violations: <none>

TIMING-18#20 Warning
Missing input or output delay  
An input delay is missing on s_axi_conv_AWADDR[11] relative to clock(s) ap_clk 
Related violations: <none>

TIMING-18#21 Warning
Missing input or output delay  
An input delay is missing on s_axi_conv_AWADDR[12] relative to clock(s) ap_clk 
Related violations: <none>

TIMING-18#22 Warning
Missing input or output delay  
An input delay is missing on s_axi_conv_AWADDR[13] relative to clock(s) ap_clk 
Related violations: <none>

TIMING-18#23 Warning
Missing input or output delay  
An input delay is missing on s_axi_conv_AWADDR[14] relative to clock(s) ap_clk 
Related violations: <none>

TIMING-18#24 Warning
Missing input or output delay  
An input delay is missing on s_axi_conv_AWADDR[1] relative to clock(s) ap_clk 
Related violations: <none>

TIMING-18#25 Warning
Missing input or output delay  
An input delay is missing on s_axi_conv_AWADDR[2] relative to clock(s) ap_clk 
Related violations: <none>

TIMING-18#26 Warning
Missing input or output delay  
An input delay is missing on s_axi_conv_AWADDR[3] relative to clock(s) ap_clk 
Related violations: <none>

TIMING-18#27 Warning
Missing input or output delay  
An input delay is missing on s_axi_conv_AWADDR[4] relative to clock(s) ap_clk 
Related violations: <none>

TIMING-18#28 Warning
Missing input or output delay  
An input delay is missing on s_axi_conv_AWADDR[5] relative to clock(s) ap_clk 
Related violations: <none>

TIMING-18#29 Warning
Missing input or output delay  
An input delay is missing on s_axi_conv_AWADDR[6] relative to clock(s) ap_clk 
Related violations: <none>

TIMING-18#30 Warning
Missing input or output delay  
An input delay is missing on s_axi_conv_AWADDR[7] relative to clock(s) ap_clk 
Related violations: <none>

TIMING-18#31 Warning
Missing input or output delay  
An input delay is missing on s_axi_conv_AWADDR[8] relative to clock(s) ap_clk 
Related violations: <none>

TIMING-18#32 Warning
Missing input or output delay  
An input delay is missing on s_axi_conv_AWADDR[9] relative to clock(s) ap_clk 
Related violations: <none>

TIMING-18#33 Warning
Missing input or output delay  
An input delay is missing on s_axi_conv_AWVALID relative to clock(s) ap_clk 
Related violations: <none>

TIMING-18#34 Warning
Missing input or output delay  
An input delay is missing on s_axi_conv_BREADY relative to clock(s) ap_clk 
Related violations: <none>

TIMING-18#35 Warning
Missing input or output delay  
An input delay is missing on s_axi_conv_RREADY relative to clock(s) ap_clk 
Related violations: <none>

TIMING-18#36 Warning
Missing input or output delay  
An input delay is missing on s_axi_conv_WDATA[0] relative to clock(s) ap_clk 
Related violations: <none>

TIMING-18#37 Warning
Missing input or output delay  
An input delay is missing on s_axi_conv_WDATA[10] relative to clock(s) ap_clk 
Related violations: <none>

TIMING-18#38 Warning
Missing input or output delay  
An input delay is missing on s_axi_conv_WDATA[11] relative to clock(s) ap_clk 
Related violations: <none>

TIMING-18#39 Warning
Missing input or output delay  
An input delay is missing on s_axi_conv_WDATA[12] relative to clock(s) ap_clk 
Related violations: <none>

TIMING-18#40 Warning
Missing input or output delay  
An input delay is missing on s_axi_conv_WDATA[13] relative to clock(s) ap_clk 
Related violations: <none>

TIMING-18#41 Warning
Missing input or output delay  
An input delay is missing on s_axi_conv_WDATA[14] relative to clock(s) ap_clk 
Related violations: <none>

TIMING-18#42 Warning
Missing input or output delay  
An input delay is missing on s_axi_conv_WDATA[15] relative to clock(s) ap_clk 
Related violations: <none>

TIMING-18#43 Warning
Missing input or output delay  
An input delay is missing on s_axi_conv_WDATA[16] relative to clock(s) ap_clk 
Related violations: <none>

TIMING-18#44 Warning
Missing input or output delay  
An input delay is missing on s_axi_conv_WDATA[17] relative to clock(s) ap_clk 
Related violations: <none>

TIMING-18#45 Warning
Missing input or output delay  
An input delay is missing on s_axi_conv_WDATA[18] relative to clock(s) ap_clk 
Related violations: <none>

TIMING-18#46 Warning
Missing input or output delay  
An input delay is missing on s_axi_conv_WDATA[19] relative to clock(s) ap_clk 
Related violations: <none>

TIMING-18#47 Warning
Missing input or output delay  
An input delay is missing on s_axi_conv_WDATA[1] relative to clock(s) ap_clk 
Related violations: <none>

TIMING-18#48 Warning
Missing input or output delay  
An input delay is missing on s_axi_conv_WDATA[20] relative to clock(s) ap_clk 
Related violations: <none>

TIMING-18#49 Warning
Missing input or output delay  
An input delay is missing on s_axi_conv_WDATA[21] relative to clock(s) ap_clk 
Related violations: <none>

TIMING-18#50 Warning
Missing input or output delay  
An input delay is missing on s_axi_conv_WDATA[22] relative to clock(s) ap_clk 
Related violations: <none>

TIMING-18#51 Warning
Missing input or output delay  
An input delay is missing on s_axi_conv_WDATA[23] relative to clock(s) ap_clk 
Related violations: <none>

TIMING-18#52 Warning
Missing input or output delay  
An input delay is missing on s_axi_conv_WDATA[24] relative to clock(s) ap_clk 
Related violations: <none>

TIMING-18#53 Warning
Missing input or output delay  
An input delay is missing on s_axi_conv_WDATA[25] relative to clock(s) ap_clk 
Related violations: <none>

TIMING-18#54 Warning
Missing input or output delay  
An input delay is missing on s_axi_conv_WDATA[26] relative to clock(s) ap_clk 
Related violations: <none>

TIMING-18#55 Warning
Missing input or output delay  
An input delay is missing on s_axi_conv_WDATA[27] relative to clock(s) ap_clk 
Related violations: <none>

TIMING-18#56 Warning
Missing input or output delay  
An input delay is missing on s_axi_conv_WDATA[28] relative to clock(s) ap_clk 
Related violations: <none>

TIMING-18#57 Warning
Missing input or output delay  
An input delay is missing on s_axi_conv_WDATA[29] relative to clock(s) ap_clk 
Related violations: <none>

TIMING-18#58 Warning
Missing input or output delay  
An input delay is missing on s_axi_conv_WDATA[2] relative to clock(s) ap_clk 
Related violations: <none>

TIMING-18#59 Warning
Missing input or output delay  
An input delay is missing on s_axi_conv_WDATA[30] relative to clock(s) ap_clk 
Related violations: <none>

TIMING-18#60 Warning
Missing input or output delay  
An input delay is missing on s_axi_conv_WDATA[31] relative to clock(s) ap_clk 
Related violations: <none>

TIMING-18#61 Warning
Missing input or output delay  
An input delay is missing on s_axi_conv_WDATA[3] relative to clock(s) ap_clk 
Related violations: <none>

TIMING-18#62 Warning
Missing input or output delay  
An input delay is missing on s_axi_conv_WDATA[4] relative to clock(s) ap_clk 
Related violations: <none>

TIMING-18#63 Warning
Missing input or output delay  
An input delay is missing on s_axi_conv_WDATA[5] relative to clock(s) ap_clk 
Related violations: <none>

TIMING-18#64 Warning
Missing input or output delay  
An input delay is missing on s_axi_conv_WDATA[6] relative to clock(s) ap_clk 
Related violations: <none>

TIMING-18#65 Warning
Missing input or output delay  
An input delay is missing on s_axi_conv_WDATA[7] relative to clock(s) ap_clk 
Related violations: <none>

TIMING-18#66 Warning
Missing input or output delay  
An input delay is missing on s_axi_conv_WDATA[8] relative to clock(s) ap_clk 
Related violations: <none>

TIMING-18#67 Warning
Missing input or output delay  
An input delay is missing on s_axi_conv_WDATA[9] relative to clock(s) ap_clk 
Related violations: <none>

TIMING-18#68 Warning
Missing input or output delay  
An input delay is missing on s_axi_conv_WSTRB[0] relative to clock(s) ap_clk 
Related violations: <none>

TIMING-18#69 Warning
Missing input or output delay  
An input delay is missing on s_axi_conv_WSTRB[1] relative to clock(s) ap_clk 
Related violations: <none>

TIMING-18#70 Warning
Missing input or output delay  
An input delay is missing on s_axi_conv_WSTRB[2] relative to clock(s) ap_clk 
Related violations: <none>

TIMING-18#71 Warning
Missing input or output delay  
An input delay is missing on s_axi_conv_WSTRB[3] relative to clock(s) ap_clk 
Related violations: <none>

TIMING-18#72 Warning
Missing input or output delay  
An input delay is missing on s_axi_conv_WVALID relative to clock(s) ap_clk 
Related violations: <none>

TIMING-18#73 Warning
Missing input or output delay  
An output delay is missing on interrupt relative to clock(s) ap_clk 
Related violations: <none>

TIMING-18#74 Warning
Missing input or output delay  
An output delay is missing on s_axi_conv_ARREADY relative to clock(s) ap_clk 
Related violations: <none>

TIMING-18#75 Warning
Missing input or output delay  
An output delay is missing on s_axi_conv_AWREADY relative to clock(s) ap_clk 
Related violations: <none>

TIMING-18#76 Warning
Missing input or output delay  
An output delay is missing on s_axi_conv_BVALID relative to clock(s) ap_clk 
Related violations: <none>

TIMING-18#77 Warning
Missing input or output delay  
An output delay is missing on s_axi_conv_RDATA[0] relative to clock(s) ap_clk 
Related violations: <none>

TIMING-18#78 Warning
Missing input or output delay  
An output delay is missing on s_axi_conv_RDATA[10] relative to clock(s) ap_clk 
Related violations: <none>

TIMING-18#79 Warning
Missing input or output delay  
An output delay is missing on s_axi_conv_RDATA[11] relative to clock(s) ap_clk 
Related violations: <none>

TIMING-18#80 Warning
Missing input or output delay  
An output delay is missing on s_axi_conv_RDATA[12] relative to clock(s) ap_clk 
Related violations: <none>

TIMING-18#81 Warning
Missing input or output delay  
An output delay is missing on s_axi_conv_RDATA[13] relative to clock(s) ap_clk 
Related violations: <none>

TIMING-18#82 Warning
Missing input or output delay  
An output delay is missing on s_axi_conv_RDATA[14] relative to clock(s) ap_clk 
Related violations: <none>

TIMING-18#83 Warning
Missing input or output delay  
An output delay is missing on s_axi_conv_RDATA[15] relative to clock(s) ap_clk 
Related violations: <none>

TIMING-18#84 Warning
Missing input or output delay  
An output delay is missing on s_axi_conv_RDATA[16] relative to clock(s) ap_clk 
Related violations: <none>

TIMING-18#85 Warning
Missing input or output delay  
An output delay is missing on s_axi_conv_RDATA[17] relative to clock(s) ap_clk 
Related violations: <none>

TIMING-18#86 Warning
Missing input or output delay  
An output delay is missing on s_axi_conv_RDATA[18] relative to clock(s) ap_clk 
Related violations: <none>

TIMING-18#87 Warning
Missing input or output delay  
An output delay is missing on s_axi_conv_RDATA[19] relative to clock(s) ap_clk 
Related violations: <none>

TIMING-18#88 Warning
Missing input or output delay  
An output delay is missing on s_axi_conv_RDATA[1] relative to clock(s) ap_clk 
Related violations: <none>

TIMING-18#89 Warning
Missing input or output delay  
An output delay is missing on s_axi_conv_RDATA[20] relative to clock(s) ap_clk 
Related violations: <none>

TIMING-18#90 Warning
Missing input or output delay  
An output delay is missing on s_axi_conv_RDATA[21] relative to clock(s) ap_clk 
Related violations: <none>

TIMING-18#91 Warning
Missing input or output delay  
An output delay is missing on s_axi_conv_RDATA[22] relative to clock(s) ap_clk 
Related violations: <none>

TIMING-18#92 Warning
Missing input or output delay  
An output delay is missing on s_axi_conv_RDATA[23] relative to clock(s) ap_clk 
Related violations: <none>

TIMING-18#93 Warning
Missing input or output delay  
An output delay is missing on s_axi_conv_RDATA[24] relative to clock(s) ap_clk 
Related violations: <none>

TIMING-18#94 Warning
Missing input or output delay  
An output delay is missing on s_axi_conv_RDATA[25] relative to clock(s) ap_clk 
Related violations: <none>

TIMING-18#95 Warning
Missing input or output delay  
An output delay is missing on s_axi_conv_RDATA[26] relative to clock(s) ap_clk 
Related violations: <none>

TIMING-18#96 Warning
Missing input or output delay  
An output delay is missing on s_axi_conv_RDATA[27] relative to clock(s) ap_clk 
Related violations: <none>

TIMING-18#97 Warning
Missing input or output delay  
An output delay is missing on s_axi_conv_RDATA[28] relative to clock(s) ap_clk 
Related violations: <none>

TIMING-18#98 Warning
Missing input or output delay  
An output delay is missing on s_axi_conv_RDATA[29] relative to clock(s) ap_clk 
Related violations: <none>

TIMING-18#99 Warning
Missing input or output delay  
An output delay is missing on s_axi_conv_RDATA[2] relative to clock(s) ap_clk 
Related violations: <none>

TIMING-18#100 Warning
Missing input or output delay  
An output delay is missing on s_axi_conv_RDATA[30] relative to clock(s) ap_clk 
Related violations: <none>

TIMING-18#101 Warning
Missing input or output delay  
An output delay is missing on s_axi_conv_RDATA[31] relative to clock(s) ap_clk 
Related violations: <none>

TIMING-18#102 Warning
Missing input or output delay  
An output delay is missing on s_axi_conv_RDATA[3] relative to clock(s) ap_clk 
Related violations: <none>

TIMING-18#103 Warning
Missing input or output delay  
An output delay is missing on s_axi_conv_RDATA[4] relative to clock(s) ap_clk 
Related violations: <none>

TIMING-18#104 Warning
Missing input or output delay  
An output delay is missing on s_axi_conv_RDATA[5] relative to clock(s) ap_clk 
Related violations: <none>

TIMING-18#105 Warning
Missing input or output delay  
An output delay is missing on s_axi_conv_RDATA[6] relative to clock(s) ap_clk 
Related violations: <none>

TIMING-18#106 Warning
Missing input or output delay  
An output delay is missing on s_axi_conv_RDATA[7] relative to clock(s) ap_clk 
Related violations: <none>

TIMING-18#107 Warning
Missing input or output delay  
An output delay is missing on s_axi_conv_RDATA[8] relative to clock(s) ap_clk 
Related violations: <none>

TIMING-18#108 Warning
Missing input or output delay  
An output delay is missing on s_axi_conv_RDATA[9] relative to clock(s) ap_clk 
Related violations: <none>

TIMING-18#109 Warning
Missing input or output delay  
An output delay is missing on s_axi_conv_RVALID relative to clock(s) ap_clk 
Related violations: <none>

TIMING-18#110 Warning
Missing input or output delay  
An output delay is missing on s_axi_conv_WREADY relative to clock(s) ap_clk 
Related violations: <none>


