==============================================================
File generated by Vivado(TM) HLS - High-Level Synthesis from C, C++ and SystemC
Version: 2017.2
Copyright (C) 1986-2017 Xilinx, Inc. All Rights Reserved.

==============================================================

INFO: [SYN 201-201] Setting up clock 'default' with a period of 8ns.
INFO: [HLS 200-10] Setting target device to 'xc7z010clg400-1'
INFO: [SYN 201-201] Setting up clock 'default' with a period of 8ns.
INFO: [HLS 200-10] Analyzing design file 'HoughTransform.cpp' ... 
INFO: [HLS 200-10] Validating synthesis directives ...
INFO: [HLS 200-111] Finished Checking Pragmas Time (s): cpu = 00:00:01 ; elapsed = 00:00:05 . Memory (MB): peak = 96.172 ; gain = 46.684
INFO: [HLS 200-111] Finished Linking Time (s): cpu = 00:00:01 ; elapsed = 00:01:05 . Memory (MB): peak = 96.191 ; gain = 46.703
INFO: [HLS 200-10] Starting code transformations ...
INFO: [XFORM 203-603] Inlining function 'ap_fixed_base<137, 84, false, (ap_q_mode)5, (ap_o_mode)3, 0>::operator<<' into 'hls::cast_IEEE754<int, (ap_q_mode)6, double>' (r:/builds/2017.2/nightly/2017_06_15_1909853/src/products/hls/hls_lib/src/hls/hls_round.h:441).
INFO: [XFORM 203-603] Inlining function 'ap_fixed_base<1, 32, false, (ap_q_mode)5, (ap_o_mode)0, 0>::overflow_adjust' into 'ap_fixed_base<1, 32, false, (ap_q_mode)5, (ap_o_mode)0, 0>::ap_fixed_base<137, 84, false, (ap_q_mode)5, (ap_o_mode)3, 0>' ().
INFO: [XFORM 203-603] Inlining function 'ap_fixed_base<124, 0, false, (ap_q_mode)5, (ap_o_mode)3, 0>::operator<<' into 'hls::range_redux_payne_hanek_hotbm_pi<61, double, 63, 63>' (r:/builds/2017.2/nightly/2017_06_15_1909853/src/products/hls/hls_lib/src/hls/hls_range_redux.h:645).
INFO: [XFORM 203-603] Inlining function 'ap_fixed_base<124, 0, false, (ap_q_mode)5, (ap_o_mode)3, 0>::operator<<' into 'hls::range_redux_payne_hanek_hotbm<61, double, 63, 63>' (r:/builds/2017.2/nightly/2017_06_15_1909853/src/products/hls/hls_lib/src/hls/hls_range_redux.h:528).
INFO: [XFORM 203-603] Inlining function 'ap_fixed_base<63, 0, false, (ap_q_mode)5, (ap_o_mode)3, 0>::operator<<' into 'hls::range_redux_payne_hanek_hotbm_pi<61, double, 63, 63>' (r:/builds/2017.2/nightly/2017_06_15_1909853/src/products/hls/hls_lib/src/hls/hls_range_redux.h:647).
INFO: [XFORM 203-603] Inlining function 'ap_fixed_base<63, 0, false, (ap_q_mode)5, (ap_o_mode)3, 0>::operator<<' into 'hls::range_redux_payne_hanek_hotbm<61, double, 63, 63>' (r:/builds/2017.2/nightly/2017_06_15_1909853/src/products/hls/hls_lib/src/hls/hls_range_redux.h:530).
INFO: [XFORM 203-603] Inlining function 'ap_fixed_base<63, 0, false, (ap_q_mode)0, (ap_o_mode)0, 0>::overflow_adjust' into 'ap_fixed_base<63, 0, false, (ap_q_mode)0, (ap_o_mode)0, 0>::ap_fixed_base<32, 32, true, (ap_q_mode)5, (ap_o_mode)3, 0>.1' ().
INFO: [XFORM 203-603] Inlining function 'ap_fixed_base<63, 1, true, (ap_q_mode)5, (ap_o_mode)3, 0>::operator<<' into 'hls::scaled_fixed2ieee<63, 1>' (r:/builds/2017.2/nightly/2017_06_15_1909853/src/products/hls/hls_lib/src/hls/utils/x_hls_float_utils.h:442).
INFO: [XFORM 203-603] Inlining function 'ap_fixed_base<111, 87, false, (ap_q_mode)5, (ap_o_mode)3, 0>::operator<<' into 'hls::cast_IEEE754<long long, (ap_q_mode)6, float>' (r:/builds/2017.2/nightly/2017_06_15_1909853/src/products/hls/hls_lib/src/hls/hls_round.h:441).
INFO: [XFORM 203-603] Inlining function 'ap_fixed_base<1, 64, false, (ap_q_mode)5, (ap_o_mode)0, 0>::overflow_adjust' into 'ap_fixed_base<1, 64, false, (ap_q_mode)5, (ap_o_mode)0, 0>::ap_fixed_base<169, 116, false, (ap_q_mode)5, (ap_o_mode)3, 0>' ().
INFO: [XFORM 203-603] Inlining function 'ap_fixed_base<1, 64, false, (ap_q_mode)5, (ap_o_mode)0, 0>::overflow_adjust' into 'ap_fixed_base<1, 64, false, (ap_q_mode)5, (ap_o_mode)0, 0>::ap_fixed_base<111, 87, false, (ap_q_mode)5, (ap_o_mode)3, 0>' ().
INFO: [XFORM 203-603] Inlining function 'ap_fixed_base<169, 116, false, (ap_q_mode)5, (ap_o_mode)3, 0>::operator<<' into 'hls::cast_IEEE754<long long, (ap_q_mode)6, double>' (r:/builds/2017.2/nightly/2017_06_15_1909853/src/products/hls/hls_lib/src/hls/hls_round.h:441).
INFO: [HLS 200-111] Finished Standard Transforms Time (s): cpu = 00:00:37 ; elapsed = 00:02:16 . Memory (MB): peak = 1247.363 ; gain = 1197.875
INFO: [HLS 200-10] Checking synthesizability ...
INFO: [XFORM 203-602] Inlining function 'fp_struct<double>::mantissa' into 'hls::cast_IEEE754<int, (ap_q_mode)6, double>' (r:/builds/2017.2/nightly/2017_06_15_1909853/src/products/hls/hls_lib/src/hls/hls_round.h:438) automatically.
INFO: [XFORM 203-602] Inlining function 'fp_struct<double>::expv' into 'hls::cast_IEEE754<int, (ap_q_mode)6, double>' (r:/builds/2017.2/nightly/2017_06_15_1909853/src/products/hls/hls_lib/src/hls/hls_round.h:441) automatically.
INFO: [XFORM 203-602] Inlining function 'fp_struct<double>::__signbit' into 'hls::cast_IEEE754<int, (ap_q_mode)6, double>' (r:/builds/2017.2/nightly/2017_06_15_1909853/src/products/hls/hls_lib/src/hls/hls_round.h:473) automatically.
INFO: [XFORM 203-602] Inlining function 'hls::cast_IEEE754<int, (ap_q_mode)6, double>' into 'hls::cast_IEEE754<int, double>' (r:/builds/2017.2/nightly/2017_06_15_1909853/src/products/hls/hls_lib/src/hls/hls_round.h:523) automatically.
INFO: [XFORM 203-602] Inlining function 'hls::cast_IEEE754<int, double>' into '__hls_fptosi_double_i32' (r:/builds/2017.2/nightly/2017_06_15_1909853/src/products/hls/hls_lib/src/lib_floatconversion.cpp:47) automatically.
INFO: [XFORM 203-602] Inlining function 'fp_struct<double>::expv' into 'hls::range_redux_payne_hanek_hotbm<61, double, 63, 63>' (r:/builds/2017.2/nightly/2017_06_15_1909853/src/products/hls/hls_lib/src/hls/hls_range_redux.h:465) automatically.
INFO: [XFORM 203-602] Inlining function 'hls::table_lookup_4oPi_hotbm<52, 61>' into 'hls::range_redux_payne_hanek_hotbm<61, double, 63, 63>' (r:/builds/2017.2/nightly/2017_06_15_1909853/src/products/hls/hls_lib/src/hls/hls_range_redux.h:491) automatically.
INFO: [XFORM 203-602] Inlining function 'hls::clz<61, 124, 0>' into 'hls::range_redux_payne_hanek_hotbm<61, double, 63, 63>' (r:/builds/2017.2/nightly/2017_06_15_1909853/src/products/hls/hls_lib/src/hls/hls_range_redux.h:519) automatically.
INFO: [XFORM 203-602] Inlining function 'fp_struct<double>::data' into 'fp_struct<double>::to_double' (r:/builds/2017.2/nightly/2017_06_15_1909853/src/products/hls/hls_lib/src/hls/utils/x_hls_utils.h:512) automatically.
INFO: [XFORM 203-602] Inlining function 'fp_struct<double>::to_double' into 'fp_struct<double>::to_ieee' (r:/builds/2017.2/nightly/2017_06_15_1909853/src/products/hls/hls_lib/src/hls/utils/x_hls_utils.h:526) automatically.
INFO: [XFORM 203-602] Inlining function 'hls::clz' into 'hls::scaled_fixed2ieee<63, 1>' (r:/builds/2017.2/nightly/2017_06_15_1909853/src/products/hls/hls_lib/src/hls/utils/x_hls_float_utils.h:434) automatically.
INFO: [XFORM 203-602] Inlining function 'fp_struct<double>::set_mantissa' into 'hls::scaled_fixed2ieee<63, 1>' (r:/builds/2017.2/nightly/2017_06_15_1909853/src/products/hls/hls_lib/src/hls/utils/x_hls_float_utils.h:462) automatically.
INFO: [XFORM 203-602] Inlining function 'fp_struct<double>::to_ieee' into 'hls::scaled_fixed2ieee<63, 1>' (r:/builds/2017.2/nightly/2017_06_15_1909853/src/products/hls/hls_lib/src/hls/utils/x_hls_float_utils.h:465) automatically.
INFO: [XFORM 203-602] Inlining function 'hls::hotbm::value_list<double>::sin_or_cos_approximation<63, 63>' into 'hls::hotbm::sin_or_cos<double>' (r:/builds/2017.2/nightly/2017_06_15_1909853/src/products/hls/hls_lib/src/hls/hls_hotbm.h:510) automatically.
INFO: [XFORM 203-602] Inlining function 'fp_struct<double>::to_ieee' into 'hls::hotbm::sin_or_cos<double>' (r:/builds/2017.2/nightly/2017_06_15_1909853/src/products/hls/hls_lib/src/hls/hls_hotbm.h:547) automatically.
INFO: [XFORM 203-602] Inlining function 'hls::hotbm::cos' into 'hls::cos' (r:/builds/2017.2/nightly/2017_06_15_1909853/src/products/hls/hls_lib/src/hls_math.h:352) automatically.
INFO: [XFORM 203-602] Inlining function 'hls::cos' into 'cos' (r:/builds/2017.2/nightly/2017_06_15_1909853/src/products/hls/hls_lib/src/lib_hlsm.cpp:101) automatically.
INFO: [XFORM 203-602] Inlining function 'hls::hotbm::sin' into 'hls::sin' (r:/builds/2017.2/nightly/2017_06_15_1909853/src/products/hls/hls_lib/src/hls_math.h:330) automatically.
INFO: [XFORM 203-602] Inlining function 'hls::sin' into 'sin' (r:/builds/2017.2/nightly/2017_06_15_1909853/src/products/hls/hls_lib/src/lib_hlsm.cpp:98) automatically.
INFO: [XFORM 203-602] Inlining function 'fp_struct<float>::data' into 'fp_struct<float>::to_float' (r:/builds/2017.2/nightly/2017_06_15_1909853/src/products/hls/hls_lib/src/hls/utils/x_hls_utils.h:349) automatically.
INFO: [XFORM 203-602] Inlining function 'fp_struct<float>::to_float' into 'fp_struct<float>::to_ieee' (r:/builds/2017.2/nightly/2017_06_15_1909853/src/products/hls/hls_lib/src/hls/utils/x_hls_utils.h:370) automatically.
INFO: [XFORM 203-602] Inlining function 'fp_struct<float>::to_ieee' into 'hls::copysignf' (r:/builds/2017.2/nightly/2017_06_15_1909853/src/products/hls/hls_lib/src/hls/hls_basic_math.h:345) automatically.
INFO: [XFORM 203-602] Inlining function 'hls::copysignf' into 'hls::copysign.1' (r:/builds/2017.2/nightly/2017_06_15_1909853/src/products/hls/hls_lib/src/hls/hls_basic_math.h:359) automatically.
INFO: [XFORM 203-602] Inlining function 'hls::copysign.1' into 'hls::generic_round<float>' (r:/builds/2017.2/nightly/2017_06_15_1909853/src/products/hls/hls_lib/src/hls/hls_round.h:278) automatically.
INFO: [XFORM 203-602] Inlining function 'fp_struct<float>::data' into 'hls::generic_round<float>' (r:/builds/2017.2/nightly/2017_06_15_1909853/src/products/hls/hls_lib/src/hls/hls_round.h:291) automatically.
INFO: [XFORM 203-602] Inlining function 'fp_struct<float>::to_ieee' into 'hls::generic_round<float>' (r:/builds/2017.2/nightly/2017_06_15_1909853/src/products/hls/hls_lib/src/hls/hls_round.h:294) automatically.
INFO: [XFORM 203-602] Inlining function 'hls::roundf' into 'roundf' (r:/builds/2017.2/nightly/2017_06_15_1909853/src/products/hls/hls_lib/src/lib_hlsm.cpp:299) automatically.
INFO: [XFORM 203-602] Inlining function 'fp_struct<float>::mantissa' into 'hls::cast_IEEE754<long long, (ap_q_mode)6, float>' (r:/builds/2017.2/nightly/2017_06_15_1909853/src/products/hls/hls_lib/src/hls/hls_round.h:438) automatically.
INFO: [XFORM 203-602] Inlining function 'fp_struct<float>::expv' into 'hls::cast_IEEE754<long long, (ap_q_mode)6, float>' (r:/builds/2017.2/nightly/2017_06_15_1909853/src/products/hls/hls_lib/src/hls/hls_round.h:441) automatically.
INFO: [XFORM 203-602] Inlining function 'fp_struct<float>::__signbit' into 'hls::cast_IEEE754<long long, (ap_q_mode)6, float>' (r:/builds/2017.2/nightly/2017_06_15_1909853/src/products/hls/hls_lib/src/hls/hls_round.h:473) automatically.
INFO: [XFORM 203-602] Inlining function 'hls::cast_IEEE754<long long, (ap_q_mode)6, float>' into 'hls::cast_IEEE754<long long, float>' (r:/builds/2017.2/nightly/2017_06_15_1909853/src/products/hls/hls_lib/src/hls/hls_round.h:523) automatically.
INFO: [XFORM 203-602] Inlining function 'hls::cast_IEEE754<long long, float>' into '__hls_fptosi_float_i64' (r:/builds/2017.2/nightly/2017_06_15_1909853/src/products/hls/hls_lib/src/lib_floatconversion.cpp:44) automatically.
INFO: [XFORM 203-602] Inlining function 'hls::hotbm::value_list<double>::sincos_approximation<63, 63>' into 'hls::hotbm::generic_sincos<double>' (r:/builds/2017.2/nightly/2017_06_15_1909853/src/products/hls/hls_lib/src/hls/hls_hotbm.h:419) automatically.
INFO: [XFORM 203-602] Inlining function 'fp_struct<double>::to_ieee' into 'hls::hotbm::generic_sincos<double>' (r:/builds/2017.2/nightly/2017_06_15_1909853/src/products/hls/hls_lib/src/hls/hls_hotbm.h:456) automatically.
INFO: [XFORM 203-602] Inlining function 'hls::hotbm::sincos' into 'hls::sincos' (r:/builds/2017.2/nightly/2017_06_15_1909853/src/products/hls/hls_lib/src/hls_math.h:448) automatically.
INFO: [XFORM 203-602] Inlining function 'hls::sincos' into 'hls::tan' (r:/builds/2017.2/nightly/2017_06_15_1909853/src/products/hls/hls_lib/src/hls_math.h:571) automatically.
INFO: [XFORM 203-602] Inlining function 'hls::tan' into 'tan' (r:/builds/2017.2/nightly/2017_06_15_1909853/src/products/hls/hls_lib/src/lib_hlsm.cpp:116) automatically.
INFO: [XFORM 203-602] Inlining function 'fp_struct<double>::to_ieee' into 'hls::copysign' (r:/builds/2017.2/nightly/2017_06_15_1909853/src/products/hls/hls_lib/src/hls/hls_basic_math.h:337) automatically.
INFO: [XFORM 203-602] Inlining function 'hls::copysign' into 'hls::generic_round<double>' (r:/builds/2017.2/nightly/2017_06_15_1909853/src/products/hls/hls_lib/src/hls/hls_round.h:278) automatically.
INFO: [XFORM 203-602] Inlining function 'fp_struct<double>::data' into 'hls::generic_round<double>' (r:/builds/2017.2/nightly/2017_06_15_1909853/src/products/hls/hls_lib/src/hls/hls_round.h:291) automatically.
INFO: [XFORM 203-602] Inlining function 'fp_struct<double>::to_ieee' into 'hls::generic_round<double>' (r:/builds/2017.2/nightly/2017_06_15_1909853/src/products/hls/hls_lib/src/hls/hls_round.h:294) automatically.
INFO: [XFORM 203-602] Inlining function 'hls::round' into 'round' (r:/builds/2017.2/nightly/2017_06_15_1909853/src/products/hls/hls_lib/src/lib_hlsm.cpp:295) automatically.
INFO: [XFORM 203-602] Inlining function 'fp_struct<double>::mantissa' into 'hls::cast_IEEE754<long long, (ap_q_mode)6, double>' (r:/builds/2017.2/nightly/2017_06_15_1909853/src/products/hls/hls_lib/src/hls/hls_round.h:438) automatically.
INFO: [XFORM 203-602] Inlining function 'fp_struct<double>::expv' into 'hls::cast_IEEE754<long long, (ap_q_mode)6, double>' (r:/builds/2017.2/nightly/2017_06_15_1909853/src/products/hls/hls_lib/src/hls/hls_round.h:441) automatically.
INFO: [XFORM 203-602] Inlining function 'fp_struct<double>::__signbit' into 'hls::cast_IEEE754<long long, (ap_q_mode)6, double>' (r:/builds/2017.2/nightly/2017_06_15_1909853/src/products/hls/hls_lib/src/hls/hls_round.h:473) automatically.
INFO: [XFORM 203-602] Inlining function 'hls::cast_IEEE754<long long, (ap_q_mode)6, double>' into 'hls::cast_IEEE754<long long, double>' (r:/builds/2017.2/nightly/2017_06_15_1909853/src/products/hls/hls_lib/src/hls/hls_round.h:523) automatically.
INFO: [XFORM 203-602] Inlining function 'hls::cast_IEEE754<long long, double>' into '__hls_fptosi_double_i64' (r:/builds/2017.2/nightly/2017_06_15_1909853/src/products/hls/hls_lib/src/lib_floatconversion.cpp:48) automatically.
INFO: [XFORM 203-602] Inlining function '__hls_fptosi_double_i32' into 'houghTransform' (HoughTransform.cpp:16) automatically.
INFO: [XFORM 203-602] Inlining function 'cos' into 'houghTransform' (HoughTransform.cpp:27) automatically.
INFO: [XFORM 203-602] Inlining function 'sin' into 'houghTransform' (HoughTransform.cpp:27) automatically.
INFO: [XFORM 203-602] Inlining function 'roundf' into 'houghTransform' (HoughTransform.cpp:27) automatically.
INFO: [XFORM 203-602] Inlining function '__hls_fptosi_float_i64' into 'houghTransform' (HoughTransform.cpp:27) automatically.
INFO: [XFORM 203-602] Inlining function 'tan' into 'houghTransform' (HoughTransform.cpp:75) automatically.
INFO: [XFORM 203-602] Inlining function 'round' into 'houghTransform' (HoughTransform.cpp:75) automatically.
INFO: [XFORM 203-602] Inlining function '__hls_fptosi_double_i64' into 'houghTransform' (HoughTransform.cpp:75) automatically.
WARNING: [SYNCHK 200-23] r:/builds/2017.2/nightly/2017_06_15_1909853/src/products/hls/hls_lib/src/hls/utils/x_hls_float_utils.h:424: variable-indexed range selection may cause suboptimal QoR.
INFO: [SYNCHK 200-10] 0 error(s), 1 warning(s).
INFO: [HLS 200-111] Finished Checking Synthesizability Time (s): cpu = 00:00:46 ; elapsed = 00:02:26 . Memory (MB): peak = 1405.492 ; gain = 1356.004
INFO: [XFORM 203-102] Automatically partitioning small array 'out_bits.V' (r:/builds/2017.2/nightly/2017_06_15_1909853/src/products/hls/hls_lib/src/hls/utils/x_hls_float_utils.h:421) completely based on array size.
INFO: [XFORM 203-102] Automatically partitioning small array 'c' (r:/builds/2017.2/nightly/2017_06_15_1909853/src/products/hls/hls_lib/src/hls/utils/x_hls_float_utils.h:432) completely based on array size.
INFO: [XFORM 203-101] Partitioning array 'swap_table.2'  in dimension 1 completely.
INFO: [XFORM 203-101] Partitioning array 'swap_table.3'  in dimension 1 completely.
INFO: [XFORM 203-101] Partitioning array 'neg_sin_table.1'  in dimension 1 completely.
INFO: [XFORM 203-101] Partitioning array 'neg_cos_table.1'  in dimension 1 completely.
INFO: [XFORM 203-101] Partitioning array 'swap_table'  in dimension 1 completely.
INFO: [XFORM 203-101] Partitioning array 'neg_sin_table'  in dimension 1 completely.
INFO: [XFORM 203-101] Partitioning array 'neg_cos_table'  in dimension 1 completely.
INFO: [XFORM 203-101] Partitioning array 'out_bits.V' (r:/builds/2017.2/nightly/2017_06_15_1909853/src/products/hls/hls_lib/src/hls/utils/x_hls_float_utils.h:421) in dimension 1 completely.
INFO: [XFORM 203-101] Partitioning array 'c' (r:/builds/2017.2/nightly/2017_06_15_1909853/src/products/hls/hls_lib/src/hls/utils/x_hls_float_utils.h:432) in dimension 1 completely.
INFO: [XFORM 203-602] Inlining function 'fp_struct<double>::mantissa' into 'hls::cast_IEEE754<int, (ap_q_mode)6, double>' (r:/builds/2017.2/nightly/2017_06_15_1909853/src/products/hls/hls_lib/src/hls/hls_round.h:438) automatically.
INFO: [XFORM 203-602] Inlining function 'fp_struct<double>::expv' into 'hls::cast_IEEE754<int, (ap_q_mode)6, double>' (r:/builds/2017.2/nightly/2017_06_15_1909853/src/products/hls/hls_lib/src/hls/hls_round.h:441) automatically.
INFO: [XFORM 203-602] Inlining function 'fp_struct<double>::__signbit' into 'hls::cast_IEEE754<int, (ap_q_mode)6, double>' (r:/builds/2017.2/nightly/2017_06_15_1909853/src/products/hls/hls_lib/src/hls/hls_round.h:473) automatically.
INFO: [XFORM 203-602] Inlining function 'hls::cast_IEEE754<int, (ap_q_mode)6, double>' into 'hls::cast_IEEE754<int, double>' (r:/builds/2017.2/nightly/2017_06_15_1909853/src/products/hls/hls_lib/src/hls/hls_round.h:523) automatically.
INFO: [XFORM 203-602] Inlining function 'hls::cast_IEEE754<int, double>' into '__hls_fptosi_double_i32' (r:/builds/2017.2/nightly/2017_06_15_1909853/src/products/hls/hls_lib/src/lib_floatconversion.cpp:47) automatically.
INFO: [XFORM 203-602] Inlining function 'fp_struct<double>::expv' into 'hls::range_redux_payne_hanek_hotbm<61, double, 63, 63>' (r:/builds/2017.2/nightly/2017_06_15_1909853/src/products/hls/hls_lib/src/hls/hls_range_redux.h:465) automatically.
INFO: [XFORM 203-602] Inlining function 'hls::table_lookup_4oPi_hotbm<52, 61>' into 'hls::range_redux_payne_hanek_hotbm<61, double, 63, 63>' (r:/builds/2017.2/nightly/2017_06_15_1909853/src/products/hls/hls_lib/src/hls/hls_range_redux.h:491) automatically.
INFO: [XFORM 203-602] Inlining function 'hls::clz<61, 124, 0>' into 'hls::range_redux_payne_hanek_hotbm<61, double, 63, 63>' (r:/builds/2017.2/nightly/2017_06_15_1909853/src/products/hls/hls_lib/src/hls/hls_range_redux.h:519) automatically.
INFO: [XFORM 203-602] Inlining function 'fp_struct<double>::data' into 'fp_struct<double>::to_double' (r:/builds/2017.2/nightly/2017_06_15_1909853/src/products/hls/hls_lib/src/hls/utils/x_hls_utils.h:512) automatically.
INFO: [XFORM 203-602] Inlining function 'fp_struct<double>::to_double' into 'fp_struct<double>::to_ieee' (r:/builds/2017.2/nightly/2017_06_15_1909853/src/products/hls/hls_lib/src/hls/utils/x_hls_utils.h:526) automatically.
INFO: [XFORM 203-602] Inlining function 'hls::clz' into 'hls::scaled_fixed2ieee<63, 1>' (r:/builds/2017.2/nightly/2017_06_15_1909853/src/products/hls/hls_lib/src/hls/utils/x_hls_float_utils.h:434) automatically.
INFO: [XFORM 203-602] Inlining function 'fp_struct<double>::set_mantissa' into 'hls::scaled_fixed2ieee<63, 1>' (r:/builds/2017.2/nightly/2017_06_15_1909853/src/products/hls/hls_lib/src/hls/utils/x_hls_float_utils.h:462) automatically.
INFO: [XFORM 203-602] Inlining function 'fp_struct<double>::to_ieee' into 'hls::scaled_fixed2ieee<63, 1>' (r:/builds/2017.2/nightly/2017_06_15_1909853/src/products/hls/hls_lib/src/hls/utils/x_hls_float_utils.h:465) automatically.
INFO: [XFORM 203-602] Inlining function 'hls::range_redux_payne_hanek_hotbm<61, double, 63, 63>' into 'hls::hotbm::sin_or_cos<double>' (r:/builds/2017.2/nightly/2017_06_15_1909853/src/products/hls/hls_lib/src/hls/hls_hotbm.h:499) automatically.
INFO: [XFORM 203-602] Inlining function 'hls::hotbm::value_list<double>::sin_or_cos_approximation<63, 63>' into 'hls::hotbm::sin_or_cos<double>' (r:/builds/2017.2/nightly/2017_06_15_1909853/src/products/hls/hls_lib/src/hls/hls_hotbm.h:510) automatically.
INFO: [XFORM 203-602] Inlining function 'fp_struct<double>::to_ieee' into 'hls::hotbm::sin_or_cos<double>' (r:/builds/2017.2/nightly/2017_06_15_1909853/src/products/hls/hls_lib/src/hls/hls_hotbm.h:547) automatically.
INFO: [XFORM 203-602] Inlining function 'hls::hotbm::cos' into 'hls::cos' (r:/builds/2017.2/nightly/2017_06_15_1909853/src/products/hls/hls_lib/src/hls_math.h:352) automatically.
INFO: [XFORM 203-602] Inlining function 'hls::cos' into 'cos' (r:/builds/2017.2/nightly/2017_06_15_1909853/src/products/hls/hls_lib/src/lib_hlsm.cpp:101) automatically.
INFO: [XFORM 203-602] Inlining function 'hls::hotbm::sin' into 'hls::sin' (r:/builds/2017.2/nightly/2017_06_15_1909853/src/products/hls/hls_lib/src/hls_math.h:330) automatically.
INFO: [XFORM 203-602] Inlining function 'hls::sin' into 'sin' (r:/builds/2017.2/nightly/2017_06_15_1909853/src/products/hls/hls_lib/src/lib_hlsm.cpp:98) automatically.
INFO: [XFORM 203-602] Inlining function 'fp_struct<float>::data' into 'fp_struct<float>::to_float' (r:/builds/2017.2/nightly/2017_06_15_1909853/src/products/hls/hls_lib/src/hls/utils/x_hls_utils.h:349) automatically.
INFO: [XFORM 203-602] Inlining function 'fp_struct<float>::to_float' into 'fp_struct<float>::to_ieee' (r:/builds/2017.2/nightly/2017_06_15_1909853/src/products/hls/hls_lib/src/hls/utils/x_hls_utils.h:370) automatically.
INFO: [XFORM 203-602] Inlining function 'fp_struct<float>::to_ieee' into 'hls::copysignf' (r:/builds/2017.2/nightly/2017_06_15_1909853/src/products/hls/hls_lib/src/hls/hls_basic_math.h:345) automatically.
INFO: [XFORM 203-602] Inlining function 'hls::copysignf' into 'hls::copysign.1' (r:/builds/2017.2/nightly/2017_06_15_1909853/src/products/hls/hls_lib/src/hls/hls_basic_math.h:359) automatically.
INFO: [XFORM 203-602] Inlining function 'hls::copysign.1' into 'hls::generic_round<float>' (r:/builds/2017.2/nightly/2017_06_15_1909853/src/products/hls/hls_lib/src/hls/hls_round.h:278) automatically.
INFO: [XFORM 203-602] Inlining function 'fp_struct<float>::data' into 'hls::generic_round<float>' (r:/builds/2017.2/nightly/2017_06_15_1909853/src/products/hls/hls_lib/src/hls/hls_round.h:291) automatically.
INFO: [XFORM 203-602] Inlining function 'fp_struct<float>::to_ieee' into 'hls::generic_round<float>' (r:/builds/2017.2/nightly/2017_06_15_1909853/src/products/hls/hls_lib/src/hls/hls_round.h:294) automatically.
INFO: [XFORM 203-602] Inlining function 'hls::generic_round<float>' into 'hls::roundf' (r:/builds/2017.2/nightly/2017_06_15_1909853/src/products/hls/hls_lib/src/hls/hls_round.h:308) automatically.
INFO: [XFORM 203-602] Inlining function 'hls::roundf' into 'roundf' (r:/builds/2017.2/nightly/2017_06_15_1909853/src/products/hls/hls_lib/src/lib_hlsm.cpp:299) automatically.
INFO: [XFORM 203-602] Inlining function 'fp_struct<float>::mantissa' into 'hls::cast_IEEE754<long long, (ap_q_mode)6, float>' (r:/builds/2017.2/nightly/2017_06_15_1909853/src/products/hls/hls_lib/src/hls/hls_round.h:438) automatically.
INFO: [XFORM 203-602] Inlining function 'fp_struct<float>::expv' into 'hls::cast_IEEE754<long long, (ap_q_mode)6, float>' (r:/builds/2017.2/nightly/2017_06_15_1909853/src/products/hls/hls_lib/src/hls/hls_round.h:441) automatically.
INFO: [XFORM 203-602] Inlining function 'fp_struct<float>::__signbit' into 'hls::cast_IEEE754<long long, (ap_q_mode)6, float>' (r:/builds/2017.2/nightly/2017_06_15_1909853/src/products/hls/hls_lib/src/hls/hls_round.h:473) automatically.
INFO: [XFORM 203-602] Inlining function 'hls::cast_IEEE754<long long, (ap_q_mode)6, float>' into 'hls::cast_IEEE754<long long, float>' (r:/builds/2017.2/nightly/2017_06_15_1909853/src/products/hls/hls_lib/src/hls/hls_round.h:523) automatically.
INFO: [XFORM 203-602] Inlining function 'hls::cast_IEEE754<long long, float>' into '__hls_fptosi_float_i64' (r:/builds/2017.2/nightly/2017_06_15_1909853/src/products/hls/hls_lib/src/lib_floatconversion.cpp:44) automatically.
INFO: [XFORM 203-602] Inlining function 'hls::range_redux_payne_hanek_hotbm<61, double, 63, 63>' into 'hls::hotbm::generic_sincos<double>' (r:/builds/2017.2/nightly/2017_06_15_1909853/src/products/hls/hls_lib/src/hls/hls_hotbm.h:416) automatically.
INFO: [XFORM 203-602] Inlining function 'hls::hotbm::value_list<double>::sincos_approximation<63, 63>' into 'hls::hotbm::generic_sincos<double>' (r:/builds/2017.2/nightly/2017_06_15_1909853/src/products/hls/hls_lib/src/hls/hls_hotbm.h:419) automatically.
INFO: [XFORM 203-602] Inlining function 'fp_struct<double>::to_ieee' into 'hls::hotbm::generic_sincos<double>' (r:/builds/2017.2/nightly/2017_06_15_1909853/src/products/hls/hls_lib/src/hls/hls_hotbm.h:456) automatically.
INFO: [XFORM 203-602] Inlining function 'hls::hotbm::sincos' into 'hls::sincos' (r:/builds/2017.2/nightly/2017_06_15_1909853/src/products/hls/hls_lib/src/hls_math.h:448) automatically.
INFO: [XFORM 203-602] Inlining function 'hls::sincos' into 'hls::tan' (r:/builds/2017.2/nightly/2017_06_15_1909853/src/products/hls/hls_lib/src/hls_math.h:571) automatically.
INFO: [XFORM 203-602] Inlining function 'hls::tan' into 'tan' (r:/builds/2017.2/nightly/2017_06_15_1909853/src/products/hls/hls_lib/src/lib_hlsm.cpp:116) automatically.
INFO: [XFORM 203-602] Inlining function 'fp_struct<double>::to_ieee' into 'hls::copysign' (r:/builds/2017.2/nightly/2017_06_15_1909853/src/products/hls/hls_lib/src/hls/hls_basic_math.h:337) automatically.
INFO: [XFORM 203-602] Inlining function 'hls::copysign' into 'hls::generic_round<double>' (r:/builds/2017.2/nightly/2017_06_15_1909853/src/products/hls/hls_lib/src/hls/hls_round.h:278) automatically.
INFO: [XFORM 203-602] Inlining function 'fp_struct<double>::data' into 'hls::generic_round<double>' (r:/builds/2017.2/nightly/2017_06_15_1909853/src/products/hls/hls_lib/src/hls/hls_round.h:291) automatically.
INFO: [XFORM 203-602] Inlining function 'fp_struct<double>::to_ieee' into 'hls::generic_round<double>' (r:/builds/2017.2/nightly/2017_06_15_1909853/src/products/hls/hls_lib/src/hls/hls_round.h:294) automatically.
INFO: [XFORM 203-602] Inlining function 'hls::generic_round<double>' into 'hls::round' (r:/builds/2017.2/nightly/2017_06_15_1909853/src/products/hls/hls_lib/src/hls/hls_round.h:301) automatically.
INFO: [XFORM 203-602] Inlining function 'hls::round' into 'round' (r:/builds/2017.2/nightly/2017_06_15_1909853/src/products/hls/hls_lib/src/lib_hlsm.cpp:295) automatically.
INFO: [XFORM 203-602] Inlining function 'fp_struct<double>::mantissa' into 'hls::cast_IEEE754<long long, (ap_q_mode)6, double>' (r:/builds/2017.2/nightly/2017_06_15_1909853/src/products/hls/hls_lib/src/hls/hls_round.h:438) automatically.
INFO: [XFORM 203-602] Inlining function 'fp_struct<double>::expv' into 'hls::cast_IEEE754<long long, (ap_q_mode)6, double>' (r:/builds/2017.2/nightly/2017_06_15_1909853/src/products/hls/hls_lib/src/hls/hls_round.h:441) automatically.
INFO: [XFORM 203-602] Inlining function 'fp_struct<double>::__signbit' into 'hls::cast_IEEE754<long long, (ap_q_mode)6, double>' (r:/builds/2017.2/nightly/2017_06_15_1909853/src/products/hls/hls_lib/src/hls/hls_round.h:473) automatically.
INFO: [XFORM 203-602] Inlining function 'hls::cast_IEEE754<long long, (ap_q_mode)6, double>' into 'hls::cast_IEEE754<long long, double>' (r:/builds/2017.2/nightly/2017_06_15_1909853/src/products/hls/hls_lib/src/hls/hls_round.h:523) automatically.
INFO: [XFORM 203-602] Inlining function 'hls::cast_IEEE754<long long, double>' into '__hls_fptosi_double_i64' (r:/builds/2017.2/nightly/2017_06_15_1909853/src/products/hls/hls_lib/src/lib_floatconversion.cpp:48) automatically.
INFO: [XFORM 203-602] Inlining function '__hls_fptosi_double_i32' into 'houghTransform' (HoughTransform.cpp:16) automatically.
INFO: [XFORM 203-602] Inlining function 'cos' into 'houghTransform' (HoughTransform.cpp:27) automatically.
INFO: [XFORM 203-602] Inlining function 'sin' into 'houghTransform' (HoughTransform.cpp:27) automatically.
INFO: [XFORM 203-602] Inlining function 'roundf' into 'houghTransform' (HoughTransform.cpp:27) automatically.
INFO: [XFORM 203-602] Inlining function '__hls_fptosi_float_i64' into 'houghTransform' (HoughTransform.cpp:27) automatically.
INFO: [XFORM 203-602] Inlining function 'tan' into 'houghTransform' (HoughTransform.cpp:75) automatically.
INFO: [XFORM 203-602] Inlining function 'round' into 'houghTransform' (HoughTransform.cpp:75) automatically.
INFO: [XFORM 203-602] Inlining function '__hls_fptosi_double_i64' into 'houghTransform' (HoughTransform.cpp:75) automatically.
INFO: [XFORM 203-401] Performing if-conversion on hyperblock from (HoughTransform.cpp:27:40) to (HoughTransform.cpp:25:40) in function 'houghTransform'... converting 5 basic blocks.
INFO: [XFORM 203-401] Performing if-conversion on hyperblock from (HoughTransform.cpp:75:28) to (HoughTransform.cpp:76:4) in function 'houghTransform'... converting 5 basic blocks.
INFO: [XFORM 203-401] Performing if-conversion on hyperblock from (r:/builds/2017.2/nightly/2017_06_15_1909853/src/products/hls/hls_lib/src/hls/utils/x_hls_float_utils.h:423:35) to (r:/builds/2017.2/nightly/2017_06_15_1909853/src/products/hls/hls_lib/src/hls/utils/x_hls_float_utils.h:422:39) in function 'hls::scaled_fixed2ieee<63, 1>'... converting 9 basic blocks.
INFO: [XFORM 203-401] Performing if-conversion on hyperblock to (r:/builds/2017.2/nightly/2017_06_15_1909853/src/products/hls/hls_lib/src/hls/utils/x_hls_float_utils.h:433:37) in function 'hls::scaled_fixed2ieee<63, 1>'... converting 6 basic blocks.
INFO: [XFORM 203-401] Performing if-conversion on hyperblock from (r:/builds/2017.2/nightly/2017_06_15_1909853/src/products/hls/hls_lib/src/hls/utils/x_hls_float_utils.h:451:51) to (r:/builds/2017.2/nightly/2017_06_15_1909853/src/products/hls/hls_lib/src/hls/utils/x_hls_float_utils.h:466:1) in function 'hls::scaled_fixed2ieee<63, 1>'... converting 3 basic blocks.
INFO: [XFORM 203-401] Performing if-conversion on hyperblock from (r:/builds/2017.2/nightly/2017_06_15_1909853/src/products/hls/hls_lib/src/hls/hls_hotbm.h:469:16) to (r:/builds/2017.2/nightly/2017_06_15_1909853/src/products/hls/hls_lib/src/hls/hls_hotbm.h:547:12) in function 'hls::hotbm::sin_or_cos<double>'... converting 11 basic blocks.
INFO: [XFORM 203-401] Performing if-conversion on hyperblock from (r:/builds/2017.2/nightly/2017_06_15_1909853/src/products/hls/hls_lib/src/hls/hls_hotbm.h:389:23) to (r:/builds/2017.2/nightly/2017_06_15_1909853/src/products/hls/hls_lib/src/hls/hls_hotbm.h:465:1) in function 'hls::hotbm::generic_sincos<double>'... converting 10 basic blocks.
INFO: [XFORM 203-11] Balancing expressions in function 'hls::hotbm::generic_sincos<double>' (r:/builds/2017.2/nightly/2017_06_15_1909853/src/products/hls/hls_lib/src/hls/hls_hotbm.h:389)...4 expression(s) balanced.
INFO: [HLS 200-111] Finished Pre-synthesis Time (s): cpu = 00:00:59 ; elapsed = 00:02:46 . Memory (MB): peak = 1932.551 ; gain = 1883.063
WARNING: [XFORM 203-631] Renaming function 'hls::scaled_fixed2ieee<63, 1>' (r:/builds/2017.2/nightly/2017_06_15_1909853/src/products/hls/hls_lib/src/hls/utils/x_hls_float_utils.h:106:37) into scaled_fixed2ieee.
WARNING: [XFORM 203-631] Renaming function 'hls::hotbm::sin_or_cos<double>' (r:/builds/2017.2/nightly/2017_06_15_1909853/src/products/hls/hls_lib/src/hls/hls_hotbm.h:469) into sin_or_cos<double>.
WARNING: [XFORM 203-631] Renaming function 'hls::hotbm::generic_sincos<double>' (r:/builds/2017.2/nightly/2017_06_15_1909853/src/products/hls/hls_lib/src/hls/hls_hotbm.h:97:1) into generic_sincos.
INFO: [HLS 200-111] Finished Architecture Synthesis Time (s): cpu = 00:01:04 ; elapsed = 00:02:56 . Memory (MB): peak = 2241.000 ; gain = 2191.512
INFO: [HLS 200-10] Starting hardware synthesis ...
INFO: [HLS 200-10] Synthesizing 'houghTransform' ...
WARNING: [SYN 201-103] Legalizing function name 'sin_or_cos<double>' to 'sin_or_cos_double_s'.
WARNING: [SYN 201-107] Renaming port name 'houghTransform/in' to 'houghTransform/in_r' to avoid the conflict with HDL keywords or other object names.
WARNING: [SYN 201-107] Renaming port name 'houghTransform/out' to 'houghTransform/out_r' to avoid the conflict with HDL keywords or other object names.
INFO: [HLS 200-10] ----------------------------------------------------------------
INFO: [HLS 200-10] -- Implementing module 'scaled_fixed2ieee' 
INFO: [HLS 200-10] ----------------------------------------------------------------
INFO: [SCHED 204-11] Starting scheduling ...
INFO: [SCHED 204-11] Finished scheduling.
INFO: [HLS 200-111]  Elapsed time: 177.156 seconds; current allocated memory: 1.953 GB.
INFO: [BIND 205-100] Starting micro-architecture generation ...
INFO: [BIND 205-101] Performing variable lifetime analysis.
INFO: [BIND 205-101] Exploring resource sharing.
INFO: [BIND 205-101] Binding ...
INFO: [BIND 205-100] Finished micro-architecture generation.
INFO: [HLS 200-111]  Elapsed time: 0.931 seconds; current allocated memory: 1.954 GB.
INFO: [HLS 200-10] ----------------------------------------------------------------
INFO: [HLS 200-10] -- Implementing module 'sin_or_cos_double_s' 
INFO: [HLS 200-10] ----------------------------------------------------------------
INFO: [SCHED 204-11] Starting scheduling ...
INFO: [SCHED 204-11] Finished scheduling.
INFO: [HLS 200-111]  Elapsed time: 1.225 seconds; current allocated memory: 1.954 GB.
INFO: [BIND 205-100] Starting micro-architecture generation ...
INFO: [BIND 205-101] Performing variable lifetime analysis.
INFO: [BIND 205-101] Exploring resource sharing.
INFO: [BIND 205-101] Binding ...
INFO: [BIND 205-100] Finished micro-architecture generation.
INFO: [HLS 200-111]  Elapsed time: 1.192 seconds; current allocated memory: 1.955 GB.
INFO: [HLS 200-10] ----------------------------------------------------------------
INFO: [HLS 200-10] -- Implementing module 'generic_sincos' 
INFO: [HLS 200-10] ----------------------------------------------------------------
INFO: [SCHED 204-11] Starting scheduling ...
INFO: [SCHED 204-11] Finished scheduling.
INFO: [HLS 200-111]  Elapsed time: 1.645 seconds; current allocated memory: 1.956 GB.
INFO: [BIND 205-100] Starting micro-architecture generation ...
INFO: [BIND 205-101] Performing variable lifetime analysis.
INFO: [BIND 205-101] Exploring resource sharing.
INFO: [BIND 205-101] Binding ...
INFO: [BIND 205-100] Finished micro-architecture generation.
INFO: [HLS 200-111]  Elapsed time: 1.406 seconds; current allocated memory: 1.957 GB.
INFO: [HLS 200-10] ----------------------------------------------------------------
INFO: [HLS 200-10] -- Implementing module 'houghTransform' 
INFO: [HLS 200-10] ----------------------------------------------------------------
INFO: [SCHED 204-11] Starting scheduling ...
WARNING: [SCHED 204-21] Estimated clock period (9.63ns) exceeds the target (target clock period: 8ns, clock uncertainty: 1ns, effective delay budget: 7ns).
WARNING: [SCHED 204-21] The critical path consists of the following:
	'mul' operation ('tmp_34', HoughTransform.cpp:28) (3.36 ns)
	'add' operation ('tmp_41', HoughTransform.cpp:28) (3.02 ns)
	'getelementptr' operation ('acc_addr_2', HoughTransform.cpp:28) (0 ns)
	'load' operation ('acc_load', HoughTransform.cpp:28) on array 'acc' (3.25 ns)
INFO: [SCHED 204-11] Finished scheduling.
INFO: [HLS 200-111]  Elapsed time: 2.108 seconds; current allocated memory: 1.960 GB.
INFO: [BIND 205-100] Starting micro-architecture generation ...
INFO: [BIND 205-101] Performing variable lifetime analysis.
INFO: [BIND 205-101] Exploring resource sharing.
INFO: [BIND 205-101] Binding ...
INFO: [BIND 205-100] Finished micro-architecture generation.
INFO: [HLS 200-111]  Elapsed time: 3.145 seconds; current allocated memory: 1.962 GB.
INFO: [HLS 200-10] ----------------------------------------------------------------
INFO: [HLS 200-10] -- Generating RTL for module 'scaled_fixed2ieee' 
INFO: [HLS 200-10] ----------------------------------------------------------------
INFO: [SYN 201-210] Renamed object name 'houghTransform_mux_42_32_1' to 'houghTransform_mubkb' due to the length limit 20
INFO: [RTGEN 206-100] Generating core module 'houghTransform_mubkb': 2 instance(s).
INFO: [RTGEN 206-100] Finished creating RTL model for 'scaled_fixed2ieee'.
INFO: [HLS 200-111]  Elapsed time: 3.629 seconds; current allocated memory: 1.964 GB.
INFO: [HLS 200-10] ----------------------------------------------------------------
INFO: [HLS 200-10] -- Generating RTL for module 'sin_or_cos_double_s' 
INFO: [HLS 200-10] ----------------------------------------------------------------
INFO: [SYN 201-210] Renamed object name 'sin_or_cos_double_s_hls_ref_4oPi_table_s' to 'sin_or_cos_doublecud' due to the length limit 20
INFO: [SYN 201-210] Renamed object name 'sin_or_cos_double_s_hls_hotbm_fourth_o_19' to 'sin_or_cos_doubledEe' due to the length limit 20
INFO: [SYN 201-210] Renamed object name 'sin_or_cos_double_s_hls_hotbm_fourth_o_20' to 'sin_or_cos_doubleeOg' due to the length limit 20
INFO: [SYN 201-210] Renamed object name 'sin_or_cos_double_s_hls_hotbm_fourth_o_21' to 'sin_or_cos_doublefYi' due to the length limit 20
INFO: [SYN 201-210] Renamed object name 'sin_or_cos_double_s_hls_hotbm_fourth_o_27' to 'sin_or_cos_doubleg8j' due to the length limit 20
INFO: [SYN 201-210] Renamed object name 'sin_or_cos_double_s_hls_hotbm_fourth_o' to 'sin_or_cos_doublehbi' due to the length limit 20
INFO: [SYN 201-210] Renamed object name 'houghTransform_mul_170ns_53ns_223_5' to 'houghTransform_muibs' due to the length limit 20
INFO: [SYN 201-210] Renamed object name 'houghTransform_mul_49ns_49ns_98_5' to 'houghTransform_mujbC' due to the length limit 20
INFO: [SYN 201-210] Renamed object name 'houghTransform_mux_83_1_1' to 'houghTransform_mukbM' due to the length limit 20
INFO: [SYN 201-210] Renamed object name 'houghTransform_mul_56ns_52s_108_5' to 'houghTransform_mulbW' due to the length limit 20
INFO: [SYN 201-210] Renamed object name 'houghTransform_mul_49ns_44s_93_5' to 'houghTransform_mumb6' due to the length limit 20
INFO: [SYN 201-210] Renamed object name 'houghTransform_mul_42ns_33ns_75_2' to 'houghTransform_muncg' due to the length limit 20
INFO: [SYN 201-210] Renamed object name 'houghTransform_mul_35ns_25ns_60_2' to 'houghTransform_muocq' due to the length limit 20
INFO: [SYN 201-210] Renamed object name 'houghTransform_mul_64s_63ns_126_5' to 'houghTransform_mupcA' due to the length limit 20
INFO: [SYN 201-210] Renamed object name 'houghTransform_mux_164_1_1' to 'houghTransform_muqcK' due to the length limit 20
INFO: [RTGEN 206-100] Generating core module 'houghTransform_muibs': 1 instance(s).
INFO: [RTGEN 206-100] Generating core module 'houghTransform_mujbC': 3 instance(s).
INFO: [RTGEN 206-100] Generating core module 'houghTransform_mukbM': 1 instance(s).
INFO: [RTGEN 206-100] Generating core module 'houghTransform_mulbW': 1 instance(s).
INFO: [RTGEN 206-100] Generating core module 'houghTransform_mumb6': 1 instance(s).
INFO: [RTGEN 206-100] Generating core module 'houghTransform_muncg': 1 instance(s).
INFO: [RTGEN 206-100] Generating core module 'houghTransform_muocq': 1 instance(s).
INFO: [RTGEN 206-100] Generating core module 'houghTransform_mupcA': 1 instance(s).
INFO: [RTGEN 206-100] Generating core module 'houghTransform_muqcK': 2 instance(s).
INFO: [RTGEN 206-100] Finished creating RTL model for 'sin_or_cos_double_s'.
INFO: [HLS 200-111]  Elapsed time: 1.381 seconds; current allocated memory: 1.965 GB.
INFO: [HLS 200-10] ----------------------------------------------------------------
INFO: [HLS 200-10] -- Generating RTL for module 'generic_sincos' 
INFO: [HLS 200-10] ----------------------------------------------------------------
INFO: [SYN 201-210] Renamed object name 'generic_sincos_hls_ref_4oPi_table_s' to 'generic_sincos_hlrcU' due to the length limit 20
INFO: [SYN 201-210] Renamed object name 'generic_sincos_hls_hotbm_fourth_o_22' to 'generic_sincos_hlsc4' due to the length limit 20
INFO: [SYN 201-210] Renamed object name 'generic_sincos_hls_hotbm_fourth_o_23' to 'generic_sincos_hltde' due to the length limit 20
INFO: [SYN 201-210] Renamed object name 'generic_sincos_hls_hotbm_fourth_o_24' to 'generic_sincos_hludo' due to the length limit 20
INFO: [SYN 201-210] Renamed object name 'generic_sincos_hls_hotbm_fourth_o_25' to 'generic_sincos_hlvdy' due to the length limit 20
INFO: [SYN 201-210] Renamed object name 'generic_sincos_hls_hotbm_fourth_o_26' to 'generic_sincos_hlwdI' due to the length limit 20
INFO: [SYN 201-210] Renamed object name 'generic_sincos_hls_hotbm_fourth_o_9' to 'generic_sincos_hlxdS' due to the length limit 20
INFO: [SYN 201-210] Renamed object name 'generic_sincos_hls_hotbm_fourth_o_15' to 'generic_sincos_hlyd2' due to the length limit 20
INFO: [SYN 201-210] Renamed object name 'generic_sincos_hls_hotbm_fourth_o_16' to 'generic_sincos_hlzec' due to the length limit 20
INFO: [SYN 201-210] Renamed object name 'generic_sincos_hls_hotbm_fourth_o_17' to 'generic_sincos_hlAem' due to the length limit 20
INFO: [SYN 201-210] Renamed object name 'generic_sincos_hls_hotbm_fourth_o_18' to 'generic_sincos_hlBew' due to the length limit 20
WARNING: [RTGEN 206-101] RTL name 'houghTransform_muibs' is changed to 'houghTransform_muibs_x' due to conflict.
WARNING: [RTGEN 206-101] RTL name 'houghTransform_mujbC' is changed to 'houghTransform_mujbC_x' due to conflict.
INFO: [SYN 201-210] Renamed object name 'houghTransform_mul_49ns_44ns_93_5' to 'houghTransform_muCeG' due to the length limit 20
INFO: [SYN 201-210] Renamed object name 'houghTransform_mul_56ns_51s_107_5' to 'houghTransform_muDeQ' due to the length limit 20
INFO: [SYN 201-210] Renamed object name 'houghTransform_mul_49ns_43s_92_5' to 'houghTransform_muEe0' due to the length limit 20
INFO: [SYN 201-210] Renamed object name 'houghTransform_mul_56ns_53s_109_5' to 'houghTransform_muFfa' due to the length limit 20
INFO: [SYN 201-210] Renamed object name 'houghTransform_mul_42ns_35s_77_2' to 'houghTransform_muGfk' due to the length limit 20
INFO: [SYN 201-210] Renamed object name 'houghTransform_mul_35ns_27s_62_2' to 'houghTransform_muHfu' due to the length limit 20
INFO: [SYN 201-210] Renamed object name 'houghTransform_mul_42ns_33s_75_2' to 'houghTransform_muIfE' due to the length limit 20
INFO: [SYN 201-210] Renamed object name 'houghTransform_mul_35ns_23ns_58_2' to 'houghTransform_muJfO' due to the length limit 20
INFO: [SYN 201-210] Renamed object name 'houghTransform_mul_62ns_63ns_125_5' to 'houghTransform_muKfY' due to the length limit 20
WARNING: [RTGEN 206-101] RTL name 'houghTransform_muqcK' is changed to 'houghTransform_muqcK_x' due to conflict.
WARNING: [RTGEN 206-101] RTL name 'houghTransform_mukbM' is changed to 'houghTransform_mukbM_x' due to conflict.
INFO: [RTGEN 206-100] Generating core module 'houghTransform_muCeG': 1 instance(s).
INFO: [RTGEN 206-100] Generating core module 'houghTransform_muDeQ': 1 instance(s).
INFO: [RTGEN 206-100] Generating core module 'houghTransform_muEe0': 1 instance(s).
INFO: [RTGEN 206-100] Generating core module 'houghTransform_muFfa': 1 instance(s).
INFO: [RTGEN 206-100] Generating core module 'houghTransform_muGfk': 1 instance(s).
INFO: [RTGEN 206-100] Generating core module 'houghTransform_muHfu': 1 instance(s).
INFO: [RTGEN 206-100] Generating core module 'houghTransform_muIfE': 1 instance(s).
INFO: [RTGEN 206-100] Generating core module 'houghTransform_muJfO': 1 instance(s).
INFO: [RTGEN 206-100] Generating core module 'houghTransform_muKfY': 1 instance(s).
INFO: [RTGEN 206-100] Generating core module 'houghTransform_muibs': 1 instance(s).
INFO: [RTGEN 206-100] Generating core module 'houghTransform_mujbC': 3 instance(s).
INFO: [RTGEN 206-100] Generating core module 'houghTransform_mukbM': 1 instance(s).
INFO: [RTGEN 206-100] Generating core module 'houghTransform_muqcK': 2 instance(s).
INFO: [RTGEN 206-100] Finished creating RTL model for 'generic_sincos'.
INFO: [HLS 200-111]  Elapsed time: 1.964 seconds; current allocated memory: 1.968 GB.
INFO: [HLS 200-10] ----------------------------------------------------------------
INFO: [HLS 200-10] -- Generating RTL for module 'houghTransform' 
INFO: [HLS 200-10] ----------------------------------------------------------------
INFO: [RTGEN 206-500] Setting interface mode on port 'houghTransform/in_r' to 'ap_memory'.
INFO: [RTGEN 206-500] Setting interface mode on port 'houghTransform/out_r' to 'ap_memory'.
INFO: [RTGEN 206-500] Setting interface mode on port 'houghTransform/acc' to 'ap_memory'.
INFO: [RTGEN 206-500] Setting interface mode on port 'houghTransform/dNonZero' to 'ap_memory'.
INFO: [RTGEN 206-500] Setting interface mode on port 'houghTransform/fiNonZero' to 'ap_memory'.
INFO: [RTGEN 206-500] Setting interface mode on port 'houghTransform/threshold' to 'ap_none'.
INFO: [RTGEN 206-500] Setting interface mode on function 'houghTransform' to 'ap_ctrl_hs'.
INFO: [SYN 201-210] Renamed object name 'houghTransform_mask_table1' to 'houghTransform_maLf8' due to the length limit 20
INFO: [SYN 201-210] Renamed object name 'houghTransform_one_half_table2' to 'houghTransform_onMgi' due to the length limit 20
INFO: [SYN 201-210] Renamed object name 'houghTransform_mask_table4' to 'houghTransform_maNgs' due to the length limit 20
INFO: [SYN 201-210] Renamed object name 'houghTransform_one_half_table6' to 'houghTransform_onOgC' due to the length limit 20
INFO: [SYN 201-210] Renamed object name 'houghTransform_fadd_32ns_32ns_32_7_full_dsp' to 'houghTransform_faPgM' due to the length limit 20
INFO: [SYN 201-210] Renamed object name 'houghTransform_fdiv_32ns_32ns_32_16' to 'houghTransform_fdQgW' due to the length limit 20
INFO: [SYN 201-210] Renamed object name 'houghTransform_sitofp_64s_32_6' to 'houghTransform_siRg6' due to the length limit 20
INFO: [SYN 201-210] Renamed object name 'houghTransform_fptrunc_64ns_32_1' to 'houghTransform_fpShg' due to the length limit 20
INFO: [SYN 201-210] Renamed object name 'houghTransform_fpext_32ns_64_1' to 'houghTransform_fpThq' due to the length limit 20
INFO: [SYN 201-210] Renamed object name 'houghTransform_fcmp_32ns_32ns_1_1' to 'houghTransform_fcUhA' due to the length limit 20
INFO: [SYN 201-210] Renamed object name 'houghTransform_dadd_64ns_64ns_64_8_full_dsp' to 'houghTransform_daVhK' due to the length limit 20
INFO: [SYN 201-210] Renamed object name 'houghTransform_dmul_64ns_64ns_64_7_max_dsp' to 'houghTransform_dmWhU' due to the length limit 20
INFO: [SYN 201-210] Renamed object name 'houghTransform_ddiv_64ns_64ns_64_59' to 'houghTransform_ddXh4' due to the length limit 20
INFO: [SYN 201-210] Renamed object name 'houghTransform_sitodp_64ns_64_6' to 'houghTransform_siYie' due to the length limit 20
INFO: [SYN 201-210] Renamed object name 'houghTransform_mac_muladd_9ns_17s_8ns_17_1' to 'houghTransform_maZio' due to the length limit 20
INFO: [SYN 201-210] Renamed object name 'houghTransform_mac_muladd_7ns_13s_6ns_13_1' to 'houghTransform_ma0iy' due to the length limit 20
INFO: [RTGEN 206-100] Generating core module 'houghTransform_daVhK': 1 instance(s).
INFO: [RTGEN 206-100] Generating core module 'houghTransform_ddXh4': 1 instance(s).
INFO: [RTGEN 206-100] Generating core module 'houghTransform_dmWhU': 2 instance(s).
INFO: [RTGEN 206-100] Generating core module 'houghTransform_faPgM': 1 instance(s).
INFO: [RTGEN 206-100] Generating core module 'houghTransform_fcUhA': 1 instance(s).
INFO: [RTGEN 206-100] Generating core module 'houghTransform_fdQgW': 1 instance(s).
INFO: [RTGEN 206-100] Generating core module 'houghTransform_fpShg': 1 instance(s).
INFO: [RTGEN 206-100] Generating core module 'houghTransform_fpThq': 1 instance(s).
INFO: [RTGEN 206-100] Generating core module 'houghTransform_ma0iy': 1 instance(s).
INFO: [RTGEN 206-100] Generating core module 'houghTransform_maZio': 1 instance(s).
INFO: [RTGEN 206-100] Generating core module 'houghTransform_siRg6': 1 instance(s).
INFO: [RTGEN 206-100] Generating core module 'houghTransform_siYie': 1 instance(s).
INFO: [RTGEN 206-100] Finished creating RTL model for 'houghTransform'.
INFO: [HLS 200-111]  Elapsed time: 2.581 seconds; current allocated memory: 1.973 GB.
INFO: [RTMG 210-282] Generating pipelined core: 'houghTransform_muibs_MulnS_0'
INFO: [RTMG 210-282] Generating pipelined core: 'houghTransform_mujbC_MulnS_1'
INFO: [RTMG 210-282] Generating pipelined core: 'houghTransform_mulbW_MulnS_2'
INFO: [RTMG 210-282] Generating pipelined core: 'houghTransform_mumb6_MulnS_3'
INFO: [RTMG 210-282] Generating pipelined core: 'houghTransform_muncg_MulnS_4'
INFO: [RTMG 210-282] Generating pipelined core: 'houghTransform_muocq_MulnS_5'
INFO: [RTMG 210-282] Generating pipelined core: 'houghTransform_mupcA_MulnS_6'
INFO: [RTMG 210-279] Implementing memory 'sin_or_cos_doublecud_rom' using auto ROMs.
INFO: [RTMG 210-279] Implementing memory 'sin_or_cos_doubledEe_rom' using distributed ROMs.
INFO: [RTMG 210-279] Implementing memory 'sin_or_cos_doubleeOg_rom' using distributed ROMs.
INFO: [RTMG 210-279] Implementing memory 'sin_or_cos_doublefYi_rom' using distributed ROMs.
INFO: [RTMG 210-279] Implementing memory 'sin_or_cos_doubleg8j_rom' using distributed ROMs.
INFO: [RTMG 210-279] Implementing memory 'sin_or_cos_doublehbi_rom' using distributed ROMs.
INFO: [RTMG 210-282] Generating pipelined core: 'houghTransform_muCeG_MulnS_7'
INFO: [RTMG 210-282] Generating pipelined core: 'houghTransform_muDeQ_MulnS_8'
INFO: [RTMG 210-282] Generating pipelined core: 'houghTransform_muEe0_MulnS_9'
INFO: [RTMG 210-282] Generating pipelined core: 'houghTransform_muFfa_MulnS_10'
INFO: [RTMG 210-282] Generating pipelined core: 'houghTransform_muGfk_MulnS_11'
INFO: [RTMG 210-282] Generating pipelined core: 'houghTransform_muHfu_MulnS_12'
INFO: [RTMG 210-282] Generating pipelined core: 'houghTransform_muIfE_MulnS_13'
INFO: [RTMG 210-282] Generating pipelined core: 'houghTransform_muJfO_MulnS_14'
INFO: [RTMG 210-282] Generating pipelined core: 'houghTransform_muKfY_MulnS_15'
INFO: [RTMG 210-279] Implementing memory 'generic_sincos_hlsc4_rom' using distributed ROMs.
INFO: [RTMG 210-279] Implementing memory 'generic_sincos_hltde_rom' using distributed ROMs.
INFO: [RTMG 210-279] Implementing memory 'generic_sincos_hludo_rom' using distributed ROMs.
INFO: [RTMG 210-279] Implementing memory 'generic_sincos_hlvdy_rom' using distributed ROMs.
INFO: [RTMG 210-279] Implementing memory 'generic_sincos_hlwdI_rom' using distributed ROMs.
INFO: [RTMG 210-279] Implementing memory 'generic_sincos_hlxdS_rom' using distributed ROMs.
INFO: [RTMG 210-279] Implementing memory 'generic_sincos_hlyd2_rom' using distributed ROMs.
INFO: [RTMG 210-279] Implementing memory 'generic_sincos_hlzec_rom' using distributed ROMs.
INFO: [RTMG 210-279] Implementing memory 'generic_sincos_hlAem_rom' using distributed ROMs.
INFO: [RTMG 210-279] Implementing memory 'generic_sincos_hlBew_rom' using distributed ROMs.
INFO: [RTMG 210-279] Implementing memory 'houghTransform_maLf8_rom' using distributed ROMs.
INFO: [RTMG 210-279] Implementing memory 'houghTransform_onMgi_rom' using distributed ROMs.
INFO: [RTMG 210-279] Implementing memory 'houghTransform_maNgs_rom' using auto ROMs.
INFO: [RTMG 210-279] Implementing memory 'houghTransform_onOgC_rom' using auto ROMs.
INFO: [HLS 200-111] Finished generating all RTL models Time (s): cpu = 00:01:30 ; elapsed = 00:03:30 . Memory (MB): peak = 2241.000 ; gain = 2191.512
INFO: [SYSC 207-301] Generating SystemC RTL for houghTransform.
INFO: [VHDL 208-304] Generating VHDL RTL for houghTransform.
INFO: [VLOG 209-307] Generating Verilog RTL for houghTransform.
INFO: [HLS 200-112] Total elapsed time: 210.235 seconds; peak allocated memory: 1.973 GB.
