

================================================================
== Vivado HLS Report for 'houghTransform'
================================================================
* Date:           Tue Dec 18 11:49:25 2018

* Version:        2017.2 (Build 1909853 on Thu Jun 15 18:55:24 MDT 2017)
* Project:        houghTransfrom.prj
* Solution:       solution1
* Product family: zynq
* Target device:  xc7z010clg400-1


================================================================
== Performance Estimates
================================================================
+ Timing (ns): 
    * Summary: 
    +--------+-------+----------+------------+
    |  Clock | Target| Estimated| Uncertainty|
    +--------+-------+----------+------------+
    |ap_clk  |   8.00|      9.63|        1.00|
    +--------+-------+----------+------------+

+ Latency (clock cycles): 
    * Summary: 
    +-----+-----+-----+-----+---------+
    |  Latency  |  Interval | Pipeline|
    | min | max | min | max |   Type  |
    +-----+-----+-----+-----+---------+
    |    ?|    ?|    ?|    ?|   none  |
    +-----+-----+-----+-----+---------+

    + Detail: 
        * Instance: 
        +--------------------------------+---------------------+-----+-----+-----+-----+---------+
        |                                |                     |  Latency  |  Interval | Pipeline|
        |            Instance            |        Module       | min | max | min | max |   Type  |
        +--------------------------------+---------------------+-----+-----+-----+-----+---------+
        |grp_generic_sincos_fu_594       |generic_sincos       |   56|   64|   56|   64|   none  |
        |grp_sin_or_cos_double_s_fu_621  |sin_or_cos_double_s  |   55|   63|   55|   63|   none  |
        |grp_sin_or_cos_double_s_fu_640  |sin_or_cos_double_s  |   55|   63|   55|   63|   none  |
        +--------------------------------+---------------------+-----+-----+-----+-----+---------+

        * Loop: 
        +-----------------+--------+----------+---------------+-----------+-----------+------+----------+
        |                 |      Latency      |   Iteration   |  Initiation Interval  | Trip |          |
        |    Loop Name    |   min  |    max   |    Latency    |  achieved |   target  | Count| Pipelined|
        +-----------------+--------+----------+---------------+-----------+-----------+------+----------+
        |- Loop 1         |    7850|  79670350| 157 ~ 1593407 |          -|          -|    50|    no    |
        | + Loop 1.1      |     150|   1593400|   3 ~ 31868   |          -|          -|    50|    no    |
        |  ++ Loop 1.1.1  |   30420|     31860|   169 ~ 177   |          -|          -|   180|    no    |
        |- Loop 2         |   25100|     25100|            502|          -|          -|    50|    no    |
        | + Loop 2.1      |     500|       500|             10|          -|          -|    50|    no    |
        |- Loop 3         |   62600|     62600|           1252|          -|          -|    50|    no    |
        | + Loop 3.1      |    1250|      1250|             25|          -|          -|    50|    no    |
        |- Loop 4         |  181260|    361260|  1007 ~ 2007  |          -|          -|   180|    no    |
        | + Loop 4.1      |    1000|      2000|     5 ~ 10    |          -|          -|   200|    no    |
        |- Loop 5         |       ?|         ?| 10452 ~ 17002 |          -|          -|     ?|    no    |
        | + Loop 5.1      |   10450|     17000|   209 ~ 340   |          -|          -|    50|    no    |
        +-----------------+--------+----------+---------------+-----------+-----------+------+----------+



================================================================
== Utilization Estimates
================================================================
* Summary: 
+-----------------+---------+-------+-------+-------+
|       Name      | BRAM_18K| DSP48E|   FF  |  LUT  |
+-----------------+---------+-------+-------+-------+
|DSP              |        -|      2|      -|      -|
|Expression       |        -|      -|   2640|   2795|
|FIFO             |        -|      -|      -|      -|
|Instance         |       24|    312|  43360|  33622|
|Memory           |        4|      -|     47|     24|
|Multiplexer      |        -|      -|      -|   2632|
|Register         |        -|      -|   2886|      -|
+-----------------+---------+-------+-------+-------+
|Total            |       28|    314|  48933|  39073|
+-----------------+---------+-------+-------+-------+
|Available        |      120|     80|  35200|  17600|
+-----------------+---------+-------+-------+-------+
|Utilization (%)  |       23|    392|    139|    222|
+-----------------+---------+-------+-------+-------+

+ Detail: 
    * Instance: 
    +--------------------------------+----------------------+---------+-------+-------+-------+
    |            Instance            |        Module        | BRAM_18K| DSP48E|   FF  |  LUT  |
    +--------------------------------+----------------------+---------+-------+-------+-------+
    |grp_generic_sincos_fu_594       |generic_sincos        |        8|    113|  14278|  10005|
    |houghTransform_daVhK_U57        |houghTransform_daVhK  |        0|      3|    687|   1071|
    |houghTransform_ddXh4_U60        |houghTransform_ddXh4  |        0|      0|   6160|   3871|
    |houghTransform_dmWhU_U58        |houghTransform_dmWhU  |        0|     11|    342|    586|
    |houghTransform_dmWhU_U59        |houghTransform_dmWhU  |        0|     11|    342|    586|
    |houghTransform_faPgM_U51        |houghTransform_faPgM  |        0|      2|    306|    418|
    |houghTransform_fcUhA_U56        |houghTransform_fcUhA  |        0|      0|     66|    239|
    |houghTransform_fdQgW_U52        |houghTransform_fdQgW  |        0|      0|    761|    994|
    |houghTransform_fpShg_U54        |houghTransform_fpShg  |        0|      0|    128|    277|
    |houghTransform_fpThq_U55        |houghTransform_fpThq  |        0|      0|    100|    138|
    |houghTransform_siRg6_U53        |houghTransform_siRg6  |        0|      0|    340|    554|
    |houghTransform_siYie_U61        |houghTransform_siYie  |        0|      0|    412|    645|
    |grp_sin_or_cos_double_s_fu_621  |sin_or_cos_double_s   |        8|     86|   9719|   7119|
    |grp_sin_or_cos_double_s_fu_640  |sin_or_cos_double_s   |        8|     86|   9719|   7119|
    +--------------------------------+----------------------+---------+-------+-------+-------+
    |Total                           |                      |       24|    312|  43360|  33622|
    +--------------------------------+----------------------+---------+-------+-------+-------+

    * DSP48: 
    +--------------------------+----------------------+--------------+
    |         Instance         |        Module        |  Expression  |
    +--------------------------+----------------------+--------------+
    |houghTransform_ma0iy_U63  |houghTransform_ma0iy  | i0 * i1 + i2 |
    |houghTransform_maZio_U62  |houghTransform_maZio  | i0 * i1 + i2 |
    +--------------------------+----------------------+--------------+

    * Memory: 
    +-------------------+----------------------+---------+----+----+------+-----+------+-------------+
    |       Memory      |        Module        | BRAM_18K| FF | LUT| Words| Bits| Banks| W*Bits*Banks|
    +-------------------+----------------------+---------+----+----+------+-----+------+-------------+
    |mask_table1_U      |houghTransform_maLf8  |        0|  23|  12|    32|   23|     1|          736|
    |mask_table4_U      |houghTransform_maNgs  |        2|   0|   0|    64|   52|     1|         3328|
    |one_half_table2_U  |houghTransform_onMgi  |        0|  24|  12|    32|   24|     1|          768|
    |one_half_table6_U  |houghTransform_onOgC  |        2|   0|   0|    64|   53|     1|         3392|
    +-------------------+----------------------+---------+----+----+------+-----+------+-------------+
    |Total              |                      |        4|  47|  24|   192|  152|     4|         8224|
    +-------------------+----------------------+---------+----+----+------+-----+------+-------------+

    * FIFO: 
    N/A

    * Expression: 
    +----------------------------------+----------+-------+-----+-----+------------+------------+
    |           Variable Name          | Operation| DSP48E|  FF | LUT | Bitwidth P0| Bitwidth P1|
    +----------------------------------+----------+-------+-----+-----+------------+------------+
    |c_1_fu_790_p2                     |     +    |      0|   23|   11|           6|           1|
    |c_2_fu_1143_p2                    |     +    |      0|   23|   11|           6|           1|
    |c_3_fu_1284_p2                    |     +    |      0|   23|   11|           6|           1|
    |c_4_fu_1375_p2                    |     +    |      0|   29|   13|           8|           1|
    |c_5_fu_1530_p2                    |     +    |      0|   23|   11|           6|           1|
    |fi_1_fu_854_p2                    |     +    |      0|   29|   13|           8|           1|
    |k_1_fu_1508_p2                    |     +    |      0|  194|   68|          63|           1|
    |next_mul2_fu_1165_p2              |     +    |      0|   41|   17|           6|          12|
    |next_mul4_fu_1328_p2              |     +    |      0|   41|   17|          12|           6|
    |next_mul6_fu_1344_p2              |     +    |      0|   47|   19|          14|           8|
    |next_mul8_fu_1401_p2              |     +    |      0|   53|   21|           8|          16|
    |next_mul_fu_805_p2                |     +    |      0|   41|   17|          12|           6|
    |nonZeroCount_1_fu_1487_p2         |     +    |      0|  197|   69|           1|          64|
    |p_Val2_47_fu_1637_p2              |     +    |      0|  197|   69|          64|          64|
    |p_Val2_s_fu_919_p2                |     +    |      0|  101|   37|          32|          32|
    |r_1_fu_1159_p2                    |     +    |      0|   23|   11|           6|           1|
    |r_2_fu_1322_p2                    |     +    |      0|   23|   11|           6|           1|
    |r_3_fu_821_p2                     |     +    |      0|   23|   11|           6|           1|
    |r_4_fu_1395_p2                    |     +    |      0|   29|   13|           8|           1|
    |sh_assign_2_fu_1734_p2            |     +    |      0|   41|   17|          11|          12|
    |sh_assign_fu_1014_p2              |     +    |      0|   32|   14|           8|           9|
    |tmp_16_fu_1171_p2                 |     +    |      0|   41|   17|          12|          12|
    |tmp_46_fu_1334_p2                 |     +    |      0|   41|   17|          12|          12|
    |tmp_47_fu_1350_p2                 |     +    |      0|   47|   19|          14|          14|
    |tmp_49_fu_1407_p2                 |     +    |      0|   53|   21|          16|          16|
    |tmp_s_fu_827_p2                   |     +    |      0|   41|   17|          12|          12|
    |tmp_132_i_i_i_fu_1028_p2          |     -    |      0|   29|   13|           7|           8|
    |tmp_141_i_i_i_fu_1748_p2          |     -    |      0|   38|   16|          10|          11|
    |tmp_149_i_i_i_fu_1834_p2          |     -    |      0|  197|   69|           1|          64|
    |tmp_62_fu_1118_p2                 |     -    |      0|   56|   22|           1|          17|
    |or_cond_fu_1867_p2                |    and   |      0|    0|    2|           1|           1|
    |sel_tmp2_fu_973_p2                |    and   |      0|    0|    2|           1|           1|
    |sel_tmp6_fu_1692_p2               |    and   |      0|    0|    2|           1|           1|
    |tmp_20_fu_1254_p2                 |    and   |      0|    0|    2|           1|           1|
    |tmp_23_fu_1260_p2                 |    and   |      0|    0|    2|           1|           1|
    |tmp_54_fu_1470_p2                 |    and   |      0|    0|    2|           1|           1|
    |tmp_56_fu_1476_p2                 |    and   |      0|    0|    2|           1|           1|
    |xs_sig_V_1_fu_1652_p2             |    and   |      0|    0|   52|          52|          52|
    |xs_sig_V_fu_933_p2                |    and   |      0|    0|   23|          23|          23|
    |exitcond1_fu_1389_p2              |   icmp   |      0|    0|    4|           8|           7|
    |exitcond2_fu_1369_p2              |   icmp   |      0|    0|    4|           8|           8|
    |exitcond3_fu_1316_p2              |   icmp   |      0|    0|    3|           6|           5|
    |exitcond4_fu_1278_p2              |   icmp   |      0|    0|    3|           6|           5|
    |exitcond5_fu_1153_p2              |   icmp   |      0|    0|    3|           6|           5|
    |exitcond6_fu_1137_p2              |   icmp   |      0|    0|    3|           6|           5|
    |exitcond7_fu_848_p2               |   icmp   |      0|    0|    4|           8|           8|
    |exitcond8_fu_815_p2               |   icmp   |      0|    0|    3|           6|           5|
    |exitcond9_fu_784_p2               |   icmp   |      0|    0|    3|           6|           5|
    |exitcond_fu_1524_p2               |   icmp   |      0|    0|    3|           6|           5|
    |icmp1_fu_1857_p2                  |   icmp   |      0|    0|   32|          63|           1|
    |icmp_fu_1550_p2                   |   icmp   |      0|    0|    5|          10|           1|
    |notlhs1_fu_1234_p2                |   icmp   |      0|    0|    4|           8|           2|
    |notlhs2_fu_1450_p2                |   icmp   |      0|    0|    4|           8|           2|
    |notlhs3_fu_1426_p2                |   icmp   |      0|    0|    4|           8|           2|
    |notlhs_fu_1222_p2                 |   icmp   |      0|    0|    4|           8|           2|
    |notrhs1_fu_1240_p2                |   icmp   |      0|    0|   13|          23|           1|
    |notrhs2_fu_1456_p2                |   icmp   |      0|    0|   13|          23|           1|
    |notrhs3_fu_1305_p2                |   icmp   |      0|    0|   13|          23|           1|
    |notrhs_fu_1228_p2                 |   icmp   |      0|    0|   13|          23|           1|
    |tmp_119_i_i_i_fu_879_p2           |   icmp   |      0|    0|    4|           8|           8|
    |tmp_125_i_i_i_fu_1598_p2          |   icmp   |      0|    0|    6|          11|          11|
    |tmp_26_fu_1502_p2                 |   icmp   |      0|    0|   32|          64|          64|
    |tmp_43_fu_1862_p2                 |   icmp   |      0|    0|   32|          64|           6|
    |tmp_6_fu_837_p2                   |   icmp   |      0|    0|    8|          16|           1|
    |tmp_i_i_i3_fu_1592_p2             |   icmp   |      0|    0|    6|          11|          10|
    |tmp_i_i_i_62_fu_873_p2            |   icmp   |      0|    0|    4|           8|           7|
    |tmp_134_i_i_i_fu_1069_p2          |   lshr   |      0|   85|   73|          25|          25|
    |tmp_143_i_i_i_fu_1790_p2          |   lshr   |      0|  143|  162|          54|          54|
    |ap_block_state88_on_subcall_done  |    or    |      0|    0|    2|           1|           1|
    |tmp_17_fu_1246_p2                 |    or    |      0|    0|    2|           1|           1|
    |tmp_18_fu_1250_p2                 |    or    |      0|    0|    2|           1|           1|
    |tmp_52_fu_1462_p2                 |    or    |      0|    0|    2|           1|           1|
    |tmp_53_fu_1466_p2                 |    or    |      0|    0|    2|           1|           1|
    |accMax_2_fu_1265_p3               |  select  |      0|    0|   32|           1|          32|
    |p_Val2_51_fu_1824_p3              |  select  |      0|    0|   63|           1|          63|
    |p_Val2_54_fu_1840_p3              |  select  |      0|    0|   64|           1|          64|
    |sel_tmp4_v_fu_1676_p3             |  select  |      0|    0|   64|           1|          64|
    |sel_tmp_v_fu_957_p3               |  select  |      0|    0|   32|           1|          32|
    |sh_assign_1_fu_1038_p3            |  select  |      0|    0|    9|           1|           9|
    |sh_assign_3_fu_1758_p3            |  select  |      0|    0|   12|           1|          12|
    |tmp_31_fu_1103_p3                 |  select  |      0|    0|   32|           1|          32|
    |tmp_64_fu_1123_p3                 |  select  |      0|    0|   17|           1|          17|
    |x_assign_2_fu_978_p3              |  select  |      0|    0|   32|           1|          32|
    |x_assign_5_fu_1697_p3             |  select  |      0|    0|   64|           1|          64|
    |tmp_135_i_i_i_fu_1075_p2          |    shl   |      0|  257|  372|         111|         111|
    |tmp_144_i_i_i_fu_1796_p2          |    shl   |      0|  379|  602|         169|         169|
    |sel_tmp1_fu_968_p2                |    xor   |      0|    0|    2|           1|           2|
    |sel_tmp5_fu_1687_p2               |    xor   |      0|    0|    2|           1|           2|
    |tmp_122_i_i_i_fu_928_p2           |    xor   |      0|    0|   23|          23|           2|
    |tmp_128_i_i_i_fu_1646_p2          |    xor   |      0|    0|   52|          52|           2|
    |tmp_39_neg_fu_1568_p2             |    xor   |      0|    0|   65|          64|          65|
    +----------------------------------+----------+-------+-----+-----+------------+------------+
    |Total                             |          |      0| 2640| 2795|        1425|        1525|
    +----------------------------------+----------+-------+-----+-----+------------+------------+

    * Multiplexer: 
    +---------------------+------+-----------+-----+-----------+
    |         Name        |  LUT | Input Size| Bits| Total Bits|
    +---------------------+------+-----------+-----+-----------+
    |accMax_fu_236        |     9|          2|   32|         64|
    |acc_address0         |    27|          5|   16|         80|
    |acc_d0               |    15|          3|   32|         96|
    |ap_NS_fsm            |  2113|        396|    1|        396|
    |c1_reg_451           |     9|          2|    6|         12|
    |c3_reg_484           |     9|          2|    6|         12|
    |c5_reg_528           |     9|          2|    8|         16|
    |c7_reg_573           |     9|          2|    6|         12|
    |c_reg_405            |     9|          2|    6|         12|
    |dNonZero_address0    |    15|          3|   16|         48|
    |fiNonZero_address0   |    15|          3|   16|         48|
    |fi_reg_439           |     9|          2|    8|         16|
    |grp_fu_659_p0        |    15|          3|   32|         96|
    |grp_fu_659_p1        |    15|          3|   32|         96|
    |grp_fu_669_p0        |    27|          5|   64|        320|
    |grp_fu_675_p0        |    15|          3|   32|         96|
    |grp_fu_678_p0        |    15|          3|   32|         96|
    |grp_fu_678_p1        |    15|          3|   32|         96|
    |grp_fu_682_p0        |    15|          3|   64|        192|
    |grp_fu_682_p1        |    21|          4|   64|        256|
    |grp_fu_687_p0        |    27|          5|   64|        320|
    |grp_fu_687_p1        |    21|          4|   64|        256|
    |grp_fu_696_p0        |    21|          4|   64|        256|
    |grp_fu_696_p1        |    21|          4|   64|        256|
    |grp_fu_701_p0        |    27|          5|   64|        320|
    |in_r_address0        |    21|          4|   12|         48|
    |k_reg_562            |     9|          2|   63|        126|
    |nonZeroCount_fu_240  |     9|          2|   64|        128|
    |p_i_i_reg_585        |     9|          2|   64|        128|
    |phi_mul1_reg_473     |     9|          2|   12|         24|
    |phi_mul3_reg_506     |     9|          2|   12|         24|
    |phi_mul5_reg_517     |     9|          2|   14|         28|
    |phi_mul7_reg_551     |     9|          2|   16|         32|
    |phi_mul_reg_428      |     9|          2|   12|         24|
    |r2_reg_462           |     9|          2|    6|         12|
    |r4_reg_495           |     9|          2|    6|         12|
    |r6_reg_540           |     9|          2|    8|         16|
    |r_reg_417            |     9|          2|    6|         12|
    +---------------------+------+-----------+-----+-----------+
    |Total                |  2632|        501| 1120|       4082|
    +---------------------+------+-----------+-----+-----------+

    * Register: 
    +------------------------------------------------+-----+----+-----+-----------+
    |                      Name                      |  FF | LUT| Bits| Const Bits|
    +------------------------------------------------+-----+----+-----+-----------+
    |accMax_fu_236                                   |   32|   0|   32|          0|
    |acc_addr_2_reg_2076                             |   16|   0|   16|          0|
    |ap_CS_fsm                                       |  395|   0|  395|          0|
    |ap_reg_grp_generic_sincos_fu_594_ap_start       |    1|   0|    1|          0|
    |ap_reg_grp_sin_or_cos_double_s_fu_621_ap_start  |    1|   0|    1|          0|
    |ap_reg_grp_sin_or_cos_double_s_fu_640_ap_start  |    1|   0|    1|          0|
    |c1_reg_451                                      |    6|   0|    6|          0|
    |c3_reg_484                                      |    6|   0|    6|          0|
    |c5_reg_528                                      |    8|   0|    8|          0|
    |c7_cast9_reg_2303                               |    6|   0|   64|         58|
    |c7_reg_573                                      |    6|   0|    6|          0|
    |c_1_reg_1915                                    |    6|   0|    6|          0|
    |c_2_reg_2084                                    |    6|   0|    6|          0|
    |c_3_reg_2145                                    |    6|   0|    6|          0|
    |c_4_reg_2223                                    |    8|   0|    8|          0|
    |c_5_reg_2311                                    |    6|   0|    6|          0|
    |c_out_reg_2330                                  |   64|   0|   64|          0|
    |c_reg_405                                       |    6|   0|    6|          0|
    |dNonZero_addr_reg_2298                          |   16|   0|   16|          0|
    |dNonZero_load_reg_2340                          |   32|   0|   32|          0|
    |fiNonZero_addr_reg_2293                         |   16|   0|   16|          0|
    |fiNonZero_load_reg_2316                         |   32|   0|   32|          0|
    |fi_1_reg_1972                                   |    8|   0|    8|          0|
    |fi_reg_439                                      |    8|   0|    8|          0|
    |icmp_reg_2321                                   |    1|   0|    1|          0|
    |isNeg_1_reg_2407                                |    1|   0|    1|          0|
    |isNeg_reg_2050                                  |    1|   0|    1|          0|
    |k_1_reg_2288                                    |   63|   0|   63|          0|
    |k_reg_562                                       |   63|   0|   63|          0|
    |loc_V_10_reg_2402                               |   52|   0|   52|          0|
    |loc_V_6_reg_2045                                |   23|   0|   23|          0|
    |mask_reg_2025                                   |   23|   0|   23|          0|
    |next_mul2_reg_2102                              |   12|   0|   12|          0|
    |next_mul4_reg_2185                              |   12|   0|   12|          0|
    |next_mul6_reg_2195                              |   14|   0|   14|          0|
    |next_mul8_reg_2246                              |   16|   0|   16|          0|
    |next_mul_reg_1932                               |   12|   0|   12|          0|
    |nonZeroCount_fu_240                             |   64|   0|   64|          0|
    |notlhs1_reg_2127                                |    1|   0|    1|          0|
    |notlhs2_reg_2261                                |    1|   0|    1|          0|
    |notlhs3_reg_2256                                |    1|   0|    1|          0|
    |notlhs_reg_2117                                 |    1|   0|    1|          0|
    |notrhs1_reg_2132                                |    1|   0|    1|          0|
    |notrhs2_reg_2266                                |    1|   0|    1|          0|
    |notrhs3_reg_2172                                |    1|   0|    1|          0|
    |notrhs_reg_2122                                 |    1|   0|    1|          0|
    |one_half_1_reg_2387                             |   53|   0|   53|          0|
    |one_half_reg_2030                               |   24|   0|   24|          0|
    |p_Result_60_reg_2040                            |    1|   0|    1|          0|
    |p_Result_63_reg_2397                            |    1|   0|    1|          0|
    |p_Val2_51_reg_2417                              |   63|   0|   63|          0|
    |p_Val2_54_reg_2422                              |   64|   0|   64|          0|
    |p_i_i_reg_585                                   |   64|   0|   64|          0|
    |phi_mul1_reg_473                                |   12|   0|   12|          0|
    |phi_mul3_reg_506                                |   12|   0|   12|          0|
    |phi_mul5_reg_517                                |   14|   0|   14|          0|
    |phi_mul7_reg_551                                |   16|   0|   16|          0|
    |phi_mul_reg_428                                 |   12|   0|   12|          0|
    |r2_reg_462                                      |    6|   0|    6|          0|
    |r4_reg_495                                      |    6|   0|    6|          0|
    |r6_cast_reg_2233                                |    8|   0|   64|         56|
    |r6_reg_540                                      |    8|   0|    8|          0|
    |r_1_reg_2097                                    |    6|   0|    6|          0|
    |r_2_reg_2180                                    |    6|   0|    6|          0|
    |r_3_reg_1945                                    |    6|   0|    6|          0|
    |r_4_reg_2241                                    |    8|   0|    8|          0|
    |r_cast_reg_1937                                 |    6|   0|   64|         58|
    |r_reg_417                                       |    6|   0|    6|          0|
    |reg_712                                         |   64|   0|   64|          0|
    |reg_718                                         |   64|   0|   64|          0|
    |reg_724                                         |   64|   0|   64|          0|
    |reg_733                                         |   64|   0|   64|          0|
    |reg_739                                         |   64|   0|   64|          0|
    |reg_745                                         |   32|   0|   32|          0|
    |reg_751                                         |   32|   0|   32|          0|
    |reg_757                                         |   16|   0|   16|          0|
    |reg_761                                         |   32|   0|   32|          0|
    |reg_768                                         |   32|   0|   32|          0|
    |reg_773                                         |   64|   0|   64|          0|
    |s_out_reg_2325                                  |   64|   0|   64|          0|
    |sel_tmp4_reg_2392                               |   64|   0|   64|          0|
    |sel_tmp_reg_2035                                |   32|   0|   32|          0|
    |sh_assign_1_reg_2055                            |    9|   0|    9|          0|
    |sh_assign_3_reg_2412                            |   12|   0|   12|          0|
    |t_V_3_reg_1998                                  |   32|   0|   32|          0|
    |t_V_6_reg_2355                                  |   64|   0|   64|          0|
    |threshold_to_int_reg_2167                       |   32|   0|   32|          0|
    |tmp_119_i_i_i_reg_2010                          |    1|   0|    1|          0|
    |tmp_125_i_i_i_reg_2367                          |    1|   0|    1|          0|
    |tmp_126_i_i_i_reg_2372                          |    6|   0|   32|         26|
    |tmp_13_reg_1987                                 |   64|   0|   64|          0|
    |tmp_18_cast_reg_2228                            |    8|   0|   16|          8|
    |tmp_1_cast_reg_1927                             |    6|   0|   12|          6|
    |tmp_21_reg_2137                                 |    1|   0|    1|          0|
    |tmp_25_reg_2210                                 |   32|   0|   32|          0|
    |tmp_30_reg_2280                                 |   32|   0|   32|          0|
    |tmp_39_neg_reg_2345                             |   64|   0|   64|          0|
    |tmp_3_cast_reg_2089                             |    6|   0|   12|          6|
    |tmp_47_reg_2200                                 |   14|   0|   14|          0|
    |tmp_55_reg_2271                                 |    1|   0|    1|          0|
    |tmp_56_reg_2276                                 |    1|   0|    1|          0|
    |tmp_61_reg_2061                                 |   17|   0|   17|          0|
    |tmp_63_reg_2066                                 |   17|   0|   17|          0|
    |tmp_64_reg_2071                                 |   17|   0|   17|          0|
    |tmp_6_reg_1955                                  |    1|   0|    1|          0|
    |tmp_75_reg_2428                                 |   63|   0|   63|          0|
    |tmp_7_reg_1959                                  |   64|   0|   64|          0|
    |tmp_8_cast9_reg_2150                            |    6|   0|   14|          8|
    |tmp_8_cast_reg_2155                             |    6|   0|   12|          6|
    |tmp_9_reg_1977                                  |   64|   0|   64|          0|
    |tmp_i_i_i1_reg_1982                             |   64|   0|   64|          0|
    |tmp_i_i_i3_reg_2361                             |    1|   0|    1|          0|
    |tmp_i_i_i_62_reg_2004                           |    1|   0|    1|          0|
    |x_assign_1_reg_1992                             |   32|   0|   32|          0|
    +------------------------------------------------+-----+----+-----+-----------+
    |Total                                           | 2886|   0| 3118|        232|
    +------------------------------------------------+-----+----+-----+-----------+



================================================================
== Interface
================================================================
* Summary: 
+--------------------+-----+-----+------------+----------------+--------------+
|      RTL Ports     | Dir | Bits|  Protocol  |  Source Object |    C Type    |
+--------------------+-----+-----+------------+----------------+--------------+
|ap_clk              |  in |    1| ap_ctrl_hs | houghTransform | return value |
|ap_rst              |  in |    1| ap_ctrl_hs | houghTransform | return value |
|ap_start            |  in |    1| ap_ctrl_hs | houghTransform | return value |
|ap_done             | out |    1| ap_ctrl_hs | houghTransform | return value |
|ap_idle             | out |    1| ap_ctrl_hs | houghTransform | return value |
|ap_ready            | out |    1| ap_ctrl_hs | houghTransform | return value |
|in_r_address0       | out |   12|  ap_memory |      in_r      |     array    |
|in_r_ce0            | out |    1|  ap_memory |      in_r      |     array    |
|in_r_q0             |  in |   16|  ap_memory |      in_r      |     array    |
|out_r_address0      | out |   12|  ap_memory |      out_r     |     array    |
|out_r_ce0           | out |    1|  ap_memory |      out_r     |     array    |
|out_r_we0           | out |    1|  ap_memory |      out_r     |     array    |
|out_r_d0            | out |   16|  ap_memory |      out_r     |     array    |
|acc_address0        | out |   16|  ap_memory |       acc      |     array    |
|acc_ce0             | out |    1|  ap_memory |       acc      |     array    |
|acc_we0             | out |    1|  ap_memory |       acc      |     array    |
|acc_d0              | out |   32|  ap_memory |       acc      |     array    |
|acc_q0              |  in |   32|  ap_memory |       acc      |     array    |
|dNonZero_address0   | out |   16|  ap_memory |    dNonZero    |     array    |
|dNonZero_ce0        | out |    1|  ap_memory |    dNonZero    |     array    |
|dNonZero_we0        | out |    1|  ap_memory |    dNonZero    |     array    |
|dNonZero_d0         | out |   32|  ap_memory |    dNonZero    |     array    |
|dNonZero_q0         |  in |   32|  ap_memory |    dNonZero    |     array    |
|fiNonZero_address0  | out |   16|  ap_memory |    fiNonZero   |     array    |
|fiNonZero_ce0       | out |    1|  ap_memory |    fiNonZero   |     array    |
|fiNonZero_we0       | out |    1|  ap_memory |    fiNonZero   |     array    |
|fiNonZero_d0        | out |   32|  ap_memory |    fiNonZero   |     array    |
|fiNonZero_q0        |  in |   32|  ap_memory |    fiNonZero   |     array    |
|threshold           |  in |   32|   ap_none  |    threshold   |    scalar    |
+--------------------+-----+-----+------------+----------------+--------------+

