

================================================================
== Vivado HLS Report for 'sin_or_cos_double_s'
================================================================
* Date:           Tue Dec 18 11:49:19 2018

* Version:        2017.2 (Build 1909853 on Thu Jun 15 18:55:24 MDT 2017)
* Project:        houghTransfrom.prj
* Solution:       solution1
* Product family: zynq
* Target device:  xc7z010clg400-1


================================================================
== Performance Estimates
================================================================
+ Timing (ns): 
    * Summary: 
    +--------+-------+----------+------------+
    |  Clock | Target| Estimated| Uncertainty|
    +--------+-------+----------+------------+
    |ap_clk  |   8.00|      6.98|        1.00|
    +--------+-------+----------+------------+

+ Latency (clock cycles): 
    * Summary: 
    +-----+-----+-----+-----+---------+
    |  Latency  |  Interval | Pipeline|
    | min | max | min | max |   Type  |
    +-----+-----+-----+-----+---------+
    |   55|   63|   55|   63|   none  |
    +-----+-----+-----+-----+---------+

    + Detail: 
        * Instance: 
        +------------------------------+-------------------+-----+-----+-----+-----+---------+
        |                              |                   |  Latency  |  Interval | Pipeline|
        |           Instance           |       Module      | min | max | min | max |   Type  |
        +------------------------------+-------------------+-----+-----+-----+-----+---------+
        |grp_scaled_fixed2ieee_fu_260  |scaled_fixed2ieee  |   24|   32|   24|   32|   none  |
        +------------------------------+-------------------+-----+-----+-----+-----+---------+

        * Loop: 
        N/A



================================================================
== Utilization Estimates
================================================================
* Summary: 
+-----------------+---------+-------+-------+-------+
|       Name      | BRAM_18K| DSP48E|   FF  |  LUT  |
+-----------------+---------+-------+-------+-------+
|DSP              |        -|      -|      -|      -|
|Expression       |        -|      -|   1804|   2710|
|FIFO             |        -|      -|      -|      -|
|Instance         |        -|     86|   5662|   3399|
|Memory           |        8|      -|    213|    852|
|Multiplexer      |        -|      -|      -|    158|
|Register         |        -|      -|   2040|      -|
+-----------------+---------+-------+-------+-------+
|Total            |        8|     86|   9719|   7119|
+-----------------+---------+-------+-------+-------+
|Available        |      120|     80|  35200|  17600|
+-----------------+---------+-------+-------+-------+
|Utilization (%)  |        6|    107|     27|     40|
+-----------------+---------+-------+-------+-------+

+ Detail: 
    * Instance: 
    +------------------------------+----------------------+---------+-------+------+------+
    |           Instance           |        Module        | BRAM_18K| DSP48E|  FF  |  LUT |
    +------------------------------+----------------------+---------+-------+------+------+
    |houghTransform_muibs_U4       |houghTransform_muibs  |        0|     16|   441|   256|
    |houghTransform_mujbC_U5       |houghTransform_mujbC  |        0|      9|   334|    84|
    |houghTransform_mujbC_U7       |houghTransform_mujbC  |        0|      9|   334|    84|
    |houghTransform_mujbC_U8       |houghTransform_mujbC  |        0|      9|   334|    84|
    |houghTransform_mukbM_U6       |houghTransform_mukbM  |        0|      0|   150|    45|
    |houghTransform_mulbW_U9       |houghTransform_mulbW  |        0|      9|   345|   218|
    |houghTransform_mumb6_U10      |houghTransform_mumb6  |        0|      9|   334|    84|
    |houghTransform_muncg_U11      |houghTransform_muncg  |        0|      5|   205|    88|
    |houghTransform_muocq_U12      |houghTransform_muocq  |        0|      4|   188|    70|
    |houghTransform_mupcA_U13      |houghTransform_mupcA  |        0|     16|   441|   256|
    |houghTransform_muqcK_U14      |houghTransform_muqcK  |        0|      0|   150|    45|
    |houghTransform_muqcK_U15      |houghTransform_muqcK  |        0|      0|   150|    45|
    |grp_scaled_fixed2ieee_fu_260  |scaled_fixed2ieee     |        0|      0|  2256|  2040|
    +------------------------------+----------------------+---------+-------+------+------+
    |Total                         |                      |        0|     86|  5662|  3399|
    +------------------------------+----------------------+---------+-------+------+------+

    * DSP48: 
    N/A

    * Memory: 
    +-------------------------+----------------------+---------+----+-----+------+-----+------+-------------+
    |          Memory         |        Module        | BRAM_18K| FF | LUT | Words| Bits| Banks| W*Bits*Banks|
    +-------------------------+----------------------+---------+----+-----+------+-----+------+-------------+
    |hls_ref_4oPi_table_s_U   |sin_or_cos_doublecud  |        8|   0|    0|    10|  256|     1|         2560|
    |hls_hotbm_fourth_o_19_U  |sin_or_cos_doubledEe  |        0|  59|  236|   256|   59|     1|        15104|
    |hls_hotbm_fourth_o_20_U  |sin_or_cos_doubleeOg  |        0|  52|  208|   256|   52|     1|        13312|
    |hls_hotbm_fourth_o_21_U  |sin_or_cos_doublefYi  |        0|  44|  176|   256|   44|     1|        11264|
    |hls_hotbm_fourth_o_27_U  |sin_or_cos_doubleg8j  |        0|  33|  132|   256|   33|     1|         8448|
    |hls_hotbm_fourth_o_U     |sin_or_cos_doublehbi  |        0|  25|  100|   256|   25|     1|         6400|
    +-------------------------+----------------------+---------+----+-----+------+-----+------+-------------+
    |Total                    |                      |        8| 213|  852|  1290|  469|     6|        57088|
    +-------------------------+----------------------+---------+----+-----+------+-----+------+-------------+

    * FIFO: 
    N/A

    * Expression: 
    +---------------------------------+----------+-------+-----+-----+------------+------------+
    |          Variable Name          | Operation| DSP48E|  FF | LUT | Bitwidth P0| Bitwidth P1|
    +---------------------------------+----------+-------+-----+-----+------------+------------+
    |expv_op_fu_298_p2                |     +    |      0|   38|   16|          11|          11|
    |p_Val2_21_fu_761_p2              |     +    |      0|    0|   62|          64|          64|
    |p_Val2_22_fu_770_p2              |     +    |      0|    0|   62|          64|          64|
    |p_Val2_23_fu_817_p2              |     +    |      0|    0|   62|          64|          64|
    |r_V_3_fu_825_p2                  |     +    |      0|    0|   62|          64|          64|
    |tmp_i_fu_407_p2                  |     +    |      0|   38|   16|          11|          11|
    |Ex_V_fu_502_p2                   |     -    |      0|   38|   16|          11|          11|
    |p_Val2_i_fu_402_p2               |     -    |      0|  377|  129|           1|         124|
    |r_V_fu_864_p2                    |     -    |      0|   41|   17|           1|          12|
    |tmp_70_i_fu_520_p2               |     -    |      0|   41|   17|           1|          12|
    |not_or_cond_demorgan_fu_1045_p2  |    and   |      0|    0|    2|           1|           1|
    |or_cond_fu_996_p2                |    and   |      0|    0|    2|           1|           1|
    |p_Result_1_fu_1000_p2            |    and   |      0|    0|    2|           1|           1|
    |p_Result_s_55_fu_1016_p2         |    and   |      0|    0|    2|           1|           1|
    |tmp_i4_i_fu_453_p3               |   cttz   |      0|   73|   71|          64|           0|
    |closepath_fu_292_p2              |   icmp   |      0|    0|    6|          11|          10|
    |tmp_6_fu_465_p2                  |   icmp   |      0|    0|    6|          11|           1|
    |tmp_7_fu_367_p2                  |   icmp   |      0|    0|   29|          52|           1|
    |tmp_8_fu_470_p2                  |   icmp   |      0|    0|    6|          11|           2|
    |tmp_72_i_fu_541_p2               |   lshr   |      0|  161|  180|          63|          63|
    |p_Result_s_fu_990_p2             |    or    |      0|    0|    2|           1|           1|
    |tmp_9_fu_1063_p2                 |    or    |      0|    0|    2|           1|           1|
    |Mx_V_read_assign_fu_807_p3       |  select  |      0|    0|   63|           1|           2|
    |addr_V_fu_304_p3                 |  select  |      0|    0|   11|           1|           7|
    |cos_basis_fu_801_p3              |  select  |      0|    0|    2|           1|           1|
    |p_Ex_V_ret_fu_843_p3             |  select  |      0|    0|   11|           1|           1|
    |p_Result_2_fu_1022_p3            |  select  |      0|    0|   11|           1|           2|
    |p_Result_3_cast_fu_1055_p3       |  select  |      0|    0|    2|           1|           2|
    |p_Result_s_56_fu_1029_p3         |  select  |      0|    0|    2|           1|           1|
    |p_Val2_11_fu_412_p3              |  select  |      0|    0|  124|           1|         124|
    |p_Val2_14_fu_551_p3              |  select  |      0|    0|   63|           1|          63|
    |p_Val2_29_fu_392_p3              |  select  |      0|    0|    3|           1|           1|
    |p_cast_cast_fu_1004_p3           |  select  |      0|    0|   10|           1|          10|
    |ret_V_6_fu_1037_p3               |  select  |      0|    0|   11|           1|          11|
    |ret_V_7_fu_1068_p3               |  select  |      0|    0|   52|           1|          52|
    |sh_assign_fu_526_p3              |  select  |      0|    0|   12|           1|          12|
    |storemerge_i_fu_475_p3           |  select  |      0|    0|   11|           1|          11|
    |tmp_5_fu_983_p3                  |  select  |      0|    0|    2|           1|           1|
    |p_Val2_13_fu_484_p2              |    shl   |      0|  283|  411|         124|         124|
    |r_V_4_fu_332_p2                  |    shl   |      0|  553|  950|         256|         256|
    |tmp_73_i_fu_546_p2               |    shl   |      0|  161|  180|          63|          63|
    |not_do_cos_i_fu_612_p2           |    xor   |      0|    0|    2|           1|           2|
    |not_or_cond_fu_1049_p2           |    xor   |      0|    0|    2|           1|           2|
    |not_tmp_s_fu_1011_p2             |    xor   |      0|    0|    2|           1|           2|
    |sin_basis_fu_618_p2              |    xor   |      0|    0|    2|           1|           1|
    |tmp_s_fu_796_p2                  |    xor   |      0|    0|    2|           1|           2|
    +---------------------------------+----------+-------+-----+-----+------------+------------+
    |Total                            |          |      0| 1804| 2710|         974|        1273|
    +---------------------------------+----------+-------+-----+-----+------------+------------+

    * Multiplexer: 
    +-----------+-----+-----------+-----+-----------+
    |    Name   | LUT | Input Size| Bits| Total Bits|
    +-----------+-----+-----------+-----+-----------+
    |ap_NS_fsm  |  149|         33|    1|         33|
    |ap_return  |    9|          2|   64|        128|
    +-----------+-----+-----------+-----+-----------+
    |Total      |  158|         35|   65|        161|
    +-----------+-----+-----------+-----+-----------+

    * Register: 
    +----------------------------------------------+-----+----+-----+-----------+
    |                     Name                     |  FF | LUT| Bits| Const Bits|
    +----------------------------------------------+-----+----+-----+-----------+
    |Ex_V_reg_1220                                 |   11|   0|   11|          0|
    |Mx_V_read_assign_reg_1427                     |   63|   0|   63|          0|
    |Mx_V_reg_1213                                 |   63|   0|   63|          0|
    |Mx_zeros_V_reg_1194                           |    6|   0|    6|          0|
    |OP1_V_reg_1250                                |   49|   0|   98|         49|
    |ap_CS_fsm                                     |   32|   0|   32|          0|
    |ap_reg_grp_scaled_fixed2ieee_fu_260_ap_start  |    1|   0|    1|          0|
    |ap_return_preg                                |   64|   0|   64|          0|
    |closepath_reg_1109                            |    1|   0|    1|          0|
    |cos_basis_reg_1421                            |    1|   0|    1|          0|
    |expv_op_reg_1116                              |   11|   0|   11|          0|
    |hls_hotbm_fourth_o_29_reg_1299                |   52|   0|   52|          0|
    |hls_hotbm_fourth_o_31_reg_1304                |   44|   0|   44|          0|
    |hls_hotbm_fourth_o_33_reg_1376                |   33|   0|   33|          0|
    |hls_hotbm_fourth_o_35_reg_1381                |   25|   0|   25|          0|
    |isNeg_reg_1225                                |    1|   0|    1|          0|
    |loc_V_1_reg_1103                              |   52|   0|   52|          0|
    |loc_V_reg_1096                                |   11|   0|   11|          0|
    |not_do_cos_i_reg_1270                         |    1|   0|    1|          0|
    |p_Result_19_reg_1090                          |    1|   0|    1|          0|
    |p_Result_i_reg_1235                           |    7|   0|    7|          0|
    |p_Val2_11_reg_1189                            |  124|   0|  124|          0|
    |p_Val2_15_reg_1240                            |   56|   0|   56|          0|
    |p_Val2_19_reg_1361                            |   59|   0|   59|          0|
    |p_Val2_22_reg_1406                            |   64|   0|   64|          0|
    |p_Val2_29_reg_1168                            |    3|   0|    3|          0|
    |p_Val2_9_reg_1157                             |  124|   0|  124|          0|
    |p_Val2_i_reg_1179                             |  124|   0|  124|          0|
    |r_V_3_reg_1432                                |   64|   0|   64|          0|
    |result_V_reg_1447                             |   63|   0|   63|          0|
    |ret_V_reg_1136                                |  170|   0|  170|          0|
    |sh_assign_reg_1230                            |   12|   0|   12|          0|
    |table_256_V_reg_1131                          |  256|   0|  256|          0|
    |tmp_12_reg_1126                               |    7|   0|    7|          0|
    |tmp_13_reg_1174                               |    1|   0|    1|          0|
    |tmp_1_reg_1411                                |   37|   0|   37|          0|
    |tmp_23_i_reg_1366                             |   56|   0|   56|          0|
    |tmp_25_i_reg_1371                             |   48|   0|   48|          0|
    |tmp_2_reg_1416                                |   29|   0|   29|          0|
    |tmp_54_cast_reg_1452                          |   13|   0|   13|          0|
    |tmp_64_i_reg_1163                             |    3|   0|    3|          0|
    |tmp_6_reg_1200                                |    1|   0|    1|          0|
    |tmp_7_reg_1151                                |    1|   0|    1|          0|
    |tmp_8_reg_1206                                |    1|   0|    1|          0|
    |tmp_94_i_reg_1293                             |   49|   0|   49|          0|
    |tmp_96_i_reg_1351                             |   42|   0|   42|          0|
    |tmp_98_i_reg_1356                             |   35|   0|   35|          0|
    |tmp_99_i_reg_1276                             |    8|   0|   32|         24|
    |tmp_i1_reg_1245                               |   49|   0|   49|          0|
    |tmp_i_reg_1184                                |   11|   0|   11|          0|
    |tmp_reg_1263                                  |    1|   0|    1|          0|
    +----------------------------------------------+-----+----+-----+-----------+
    |Total                                         | 2040|   0| 2113|         73|
    +----------------------------------------------+-----+----+-----+-----------+



================================================================
== Interface
================================================================
* Summary: 
+-----------+-----+-----+------------+--------------------+--------------+
| RTL Ports | Dir | Bits|  Protocol  |    Source Object   |    C Type    |
+-----------+-----+-----+------------+--------------------+--------------+
|ap_clk     |  in |    1| ap_ctrl_hs | sin_or_cos<double> | return value |
|ap_rst     |  in |    1| ap_ctrl_hs | sin_or_cos<double> | return value |
|ap_start   |  in |    1| ap_ctrl_hs | sin_or_cos<double> | return value |
|ap_done    | out |    1| ap_ctrl_hs | sin_or_cos<double> | return value |
|ap_idle    | out |    1| ap_ctrl_hs | sin_or_cos<double> | return value |
|ap_ready   | out |    1| ap_ctrl_hs | sin_or_cos<double> | return value |
|ap_return  | out |   64| ap_ctrl_hs | sin_or_cos<double> | return value |
|t_in       |  in |   64|   ap_none  |        t_in        |    scalar    |
|do_cos     |  in |    1|   ap_none  |       do_cos       |    scalar    |
+-----------+-----+-----+------------+--------------------+--------------+

