INFO: [HLS 200-10] Running 'E:/Xilinx/Vivado_HLS/2017.2/bin/unwrapped/win64.o/vivado_hls.exe'
INFO: [HLS 200-10] For user 'au513437' on host 'desktop-eck2rks' (Windows NT_amd64 version 6.2) on Tue Dec 18 11:58:40 +0100 2018
INFO: [HLS 200-10] In directory 'C:/Users/au513437/Desktop/embd_miniproject/HoughTransform'
INFO: [HLS 200-10] Opening project 'C:/Users/au513437/Desktop/embd_miniproject/HoughTransform/houghTransfrom.prj'.
INFO: [HLS 200-10] Adding design file 'HoughTransform.cpp' to the project
INFO: [HLS 200-10] Adding test bench file 'HoughTransform_test.cpp' to the project
INFO: [HLS 200-10] Opening solution 'C:/Users/au513437/Desktop/embd_miniproject/HoughTransform/houghTransfrom.prj/solution2'.
INFO: [SYN 201-201] Setting up clock 'default' with a period of 8ns.
WARNING: [HLS 200-40] Cannot find library 'E:/Xilinx/Vivado_HLS/2017.2/common/technology/xilinx/null/null.lib'.
WARNING: [HLS 200-40] Cannot find library 'xilinx/null/null'.
INFO: [HLS 200-10] Setting target device to 'xc7z010clg400-1'
INFO: [HLS 200-10] Analyzing design file 'HoughTransform.cpp' ... 
INFO: [HLS 200-10] Validating synthesis directives ...
INFO: [HLS 200-111] Finished Checking Pragmas Time (s): cpu = 00:00:02 ; elapsed = 00:00:05 . Memory (MB): peak = 99.457 ; gain = 50.016
INFO: [HLS 200-111] Finished Linking Time (s): cpu = 00:00:02 ; elapsed = 00:01:05 . Memory (MB): peak = 99.477 ; gain = 50.035
INFO: [HLS 200-10] Starting code transformations ...
INFO: [XFORM 203-501] Unrolling loop 'houghTransform_label0' (HoughTransform.cpp:26) in function 'houghTransform(short (*) [50], short (*) [50], float (*) [180], float*, float*, float)': changing partial unrolling into complete unrolling since the unrolling factor (=180) is no less than the loop trip count (=180).
INFO: [XFORM 203-501] Unrolling loop 'houghTransform_label1' (HoughTransform.cpp:52) in function 'houghTransform(short (*) [50], short (*) [50], float (*) [180], float*, float*, float)': changing partial unrolling into complete unrolling since the unrolling factor (=50) is no less than the loop trip count (=50).
INFO: [XFORM 203-603] Inlining function 'ap_fixed_base<137, 84, false, (ap_q_mode)5, (ap_o_mode)3, 0>::operator<<' into 'hls::cast_IEEE754<int, (ap_q_mode)6, double>' (r:/builds/2017.2/nightly/2017_06_15_1909853/src/products/hls/hls_lib/src/hls/hls_round.h:441).
INFO: [XFORM 203-603] Inlining function 'ap_fixed_base<1, 32, false, (ap_q_mode)5, (ap_o_mode)0, 0>::overflow_adjust' into 'ap_fixed_base<1, 32, false, (ap_q_mode)5, (ap_o_mode)0, 0>::ap_fixed_base<137, 84, false, (ap_q_mode)5, (ap_o_mode)3, 0>' ().
INFO: [XFORM 203-603] Inlining function 'ap_fixed_base<124, 0, false, (ap_q_mode)5, (ap_o_mode)3, 0>::operator<<' into 'hls::range_redux_payne_hanek_hotbm_pi<61, double, 63, 63>' (r:/builds/2017.2/nightly/2017_06_15_1909853/src/products/hls/hls_lib/src/hls/hls_range_redux.h:645).
INFO: [XFORM 203-603] Inlining function 'ap_fixed_base<124, 0, false, (ap_q_mode)5, (ap_o_mode)3, 0>::operator<<' into 'hls::range_redux_payne_hanek_hotbm<61, double, 63, 63>' (r:/builds/2017.2/nightly/2017_06_15_1909853/src/products/hls/hls_lib/src/hls/hls_range_redux.h:528).
INFO: [XFORM 203-603] Inlining function 'ap_fixed_base<63, 0, false, (ap_q_mode)5, (ap_o_mode)3, 0>::operator<<' into 'hls::range_redux_payne_hanek_hotbm_pi<61, double, 63, 63>' (r:/builds/2017.2/nightly/2017_06_15_1909853/src/products/hls/hls_lib/src/hls/hls_range_redux.h:647).
INFO: [XFORM 203-603] Inlining function 'ap_fixed_base<63, 0, false, (ap_q_mode)5, (ap_o_mode)3, 0>::operator<<' into 'hls::range_redux_payne_hanek_hotbm<61, double, 63, 63>' (r:/builds/2017.2/nightly/2017_06_15_1909853/src/products/hls/hls_lib/src/hls/hls_range_redux.h:530).
INFO: [XFORM 203-603] Inlining function 'ap_fixed_base<63, 0, false, (ap_q_mode)0, (ap_o_mode)0, 0>::overflow_adjust' into 'ap_fixed_base<63, 0, false, (ap_q_mode)0, (ap_o_mode)0, 0>::ap_fixed_base<32, 32, true, (ap_q_mode)5, (ap_o_mode)3, 0>.1' ().
INFO: [XFORM 203-603] Inlining function 'ap_fixed_base<63, 1, true, (ap_q_mode)5, (ap_o_mode)3, 0>::operator<<' into 'hls::scaled_fixed2ieee<63, 1>' (r:/builds/2017.2/nightly/2017_06_15_1909853/src/products/hls/hls_lib/src/hls/utils/x_hls_float_utils.h:442).
INFO: [XFORM 203-603] Inlining function 'ap_fixed_base<111, 87, false, (ap_q_mode)5, (ap_o_mode)3, 0>::operator<<' into 'hls::cast_IEEE754<long long, (ap_q_mode)6, float>' (r:/builds/2017.2/nightly/2017_06_15_1909853/src/products/hls/hls_lib/src/hls/hls_round.h:441).
INFO: [XFORM 203-603] Inlining function 'ap_fixed_base<1, 64, false, (ap_q_mode)5, (ap_o_mode)0, 0>::overflow_adjust' into 'ap_fixed_base<1, 64, false, (ap_q_mode)5, (ap_o_mode)0, 0>::ap_fixed_base<169, 116, false, (ap_q_mode)5, (ap_o_mode)3, 0>' ().
INFO: [XFORM 203-603] Inlining function 'ap_fixed_base<1, 64, false, (ap_q_mode)5, (ap_o_mode)0, 0>::overflow_adjust' into 'ap_fixed_base<1, 64, false, (ap_q_mode)5, (ap_o_mode)0, 0>::ap_fixed_base<111, 87, false, (ap_q_mode)5, (ap_o_mode)3, 0>' ().
INFO: [XFORM 203-603] Inlining function 'ap_fixed_base<169, 116, false, (ap_q_mode)5, (ap_o_mode)3, 0>::operator<<' into 'hls::cast_IEEE754<long long, (ap_q_mode)6, double>' (r:/builds/2017.2/nightly/2017_06_15_1909853/src/products/hls/hls_lib/src/hls/hls_round.h:441).
INFO: [HLS 200-111] Finished Standard Transforms Time (s): cpu = 00:00:39 ; elapsed = 00:02:17 . Memory (MB): peak = 1247.477 ; gain = 1198.035
INFO: [HLS 200-10] Checking synthesizability ...
INFO: [XFORM 203-602] Inlining function 'fp_struct<double>::mantissa' into 'hls::cast_IEEE754<int, (ap_q_mode)6, double>' (r:/builds/2017.2/nightly/2017_06_15_1909853/src/products/hls/hls_lib/src/hls/hls_round.h:438) automatically.
INFO: [XFORM 203-602] Inlining function 'fp_struct<double>::expv' into 'hls::cast_IEEE754<int, (ap_q_mode)6, double>' (r:/builds/2017.2/nightly/2017_06_15_1909853/src/products/hls/hls_lib/src/hls/hls_round.h:441) automatically.
INFO: [XFORM 203-602] Inlining function 'fp_struct<double>::__signbit' into 'hls::cast_IEEE754<int, (ap_q_mode)6, double>' (r:/builds/2017.2/nightly/2017_06_15_1909853/src/products/hls/hls_lib/src/hls/hls_round.h:473) automatically.
INFO: [XFORM 203-602] Inlining function 'hls::cast_IEEE754<int, (ap_q_mode)6, double>' into 'hls::cast_IEEE754<int, double>' (r:/builds/2017.2/nightly/2017_06_15_1909853/src/products/hls/hls_lib/src/hls/hls_round.h:523) automatically.
INFO: [XFORM 203-602] Inlining function 'hls::cast_IEEE754<int, double>' into '__hls_fptosi_double_i32' (r:/builds/2017.2/nightly/2017_06_15_1909853/src/products/hls/hls_lib/src/lib_floatconversion.cpp:47) automatically.
INFO: [XFORM 203-602] Inlining function 'fp_struct<double>::expv' into 'hls::range_redux_payne_hanek_hotbm<61, double, 63, 63>' (r:/builds/2017.2/nightly/2017_06_15_1909853/src/products/hls/hls_lib/src/hls/hls_range_redux.h:465) automatically.
INFO: [XFORM 203-602] Inlining function 'hls::table_lookup_4oPi_hotbm<52, 61>' into 'hls::range_redux_payne_hanek_hotbm<61, double, 63, 63>' (r:/builds/2017.2/nightly/2017_06_15_1909853/src/products/hls/hls_lib/src/hls/hls_range_redux.h:491) automatically.
INFO: [XFORM 203-602] Inlining function 'hls::clz<61, 124, 0>' into 'hls::range_redux_payne_hanek_hotbm<61, double, 63, 63>' (r:/builds/2017.2/nightly/2017_06_15_1909853/src/products/hls/hls_lib/src/hls/hls_range_redux.h:519) automatically.
INFO: [XFORM 203-602] Inlining function 'fp_struct<double>::data' into 'fp_struct<double>::to_double' (r:/builds/2017.2/nightly/2017_06_15_1909853/src/products/hls/hls_lib/src/hls/utils/x_hls_utils.h:512) automatically.
INFO: [XFORM 203-602] Inlining function 'fp_struct<double>::to_double' into 'fp_struct<double>::to_ieee' (r:/builds/2017.2/nightly/2017_06_15_1909853/src/products/hls/hls_lib/src/hls/utils/x_hls_utils.h:526) automatically.
INFO: [XFORM 203-602] Inlining function 'hls::clz' into 'hls::scaled_fixed2ieee<63, 1>' (r:/builds/2017.2/nightly/2017_06_15_1909853/src/products/hls/hls_lib/src/hls/utils/x_hls_float_utils.h:434) automatically.
INFO: [XFORM 203-602] Inlining function 'fp_struct<double>::set_mantissa' into 'hls::scaled_fixed2ieee<63, 1>' (r:/builds/2017.2/nightly/2017_06_15_1909853/src/products/hls/hls_lib/src/hls/utils/x_hls_float_utils.h:462) automatically.
INFO: [XFORM 203-602] Inlining function 'fp_struct<double>::to_ieee' into 'hls::scaled_fixed2ieee<63, 1>' (r:/builds/2017.2/nightly/2017_06_15_1909853/src/products/hls/hls_lib/src/hls/utils/x_hls_float_utils.h:465) automatically.
INFO: [XFORM 203-602] Inlining function 'hls::hotbm::value_list<double>::sin_or_cos_approximation<63, 63>' into 'hls::hotbm::sin_or_cos<double>' (r:/builds/2017.2/nightly/2017_06_15_1909853/src/products/hls/hls_lib/src/hls/hls_hotbm.h:510) automatically.
INFO: [XFORM 203-602] Inlining function 'fp_struct<double>::to_ieee' into 'hls::hotbm::sin_or_cos<double>' (r:/builds/2017.2/nightly/2017_06_15_1909853/src/products/hls/hls_lib/src/hls/hls_hotbm.h:547) automatically.
INFO: [XFORM 203-602] Inlining function 'hls::hotbm::cos' into 'hls::cos' (r:/builds/2017.2/nightly/2017_06_15_1909853/src/products/hls/hls_lib/src/hls_math.h:352) automatically.
INFO: [XFORM 203-602] Inlining function 'hls::cos' into 'cos' (r:/builds/2017.2/nightly/2017_06_15_1909853/src/products/hls/hls_lib/src/lib_hlsm.cpp:101) automatically.
INFO: [XFORM 203-602] Inlining function 'hls::hotbm::sin' into 'hls::sin' (r:/builds/2017.2/nightly/2017_06_15_1909853/src/products/hls/hls_lib/src/hls_math.h:330) automatically.
INFO: [XFORM 203-602] Inlining function 'hls::sin' into 'sin' (r:/builds/2017.2/nightly/2017_06_15_1909853/src/products/hls/hls_lib/src/lib_hlsm.cpp:98) automatically.
INFO: [XFORM 203-602] Inlining function 'fp_struct<float>::data' into 'fp_struct<float>::to_float' (r:/builds/2017.2/nightly/2017_06_15_1909853/src/products/hls/hls_lib/src/hls/utils/x_hls_utils.h:349) automatically.
INFO: [XFORM 203-602] Inlining function 'fp_struct<float>::to_float' into 'fp_struct<float>::to_ieee' (r:/builds/2017.2/nightly/2017_06_15_1909853/src/products/hls/hls_lib/src/hls/utils/x_hls_utils.h:370) automatically.
INFO: [XFORM 203-602] Inlining function 'fp_struct<float>::to_ieee' into 'hls::copysignf' (r:/builds/2017.2/nightly/2017_06_15_1909853/src/products/hls/hls_lib/src/hls/hls_basic_math.h:345) automatically.
INFO: [XFORM 203-602] Inlining function 'hls::copysignf' into 'hls::copysign.1' (r:/builds/2017.2/nightly/2017_06_15_1909853/src/products/hls/hls_lib/src/hls/hls_basic_math.h:359) automatically.
INFO: [XFORM 203-602] Inlining function 'hls::copysign.1' into 'hls::generic_round<float>' (r:/builds/2017.2/nightly/2017_06_15_1909853/src/products/hls/hls_lib/src/hls/hls_round.h:278) automatically.
INFO: [XFORM 203-602] Inlining function 'fp_struct<float>::data' into 'hls::generic_round<float>' (r:/builds/2017.2/nightly/2017_06_15_1909853/src/products/hls/hls_lib/src/hls/hls_round.h:291) automatically.
INFO: [XFORM 203-602] Inlining function 'fp_struct<float>::to_ieee' into 'hls::generic_round<float>' (r:/builds/2017.2/nightly/2017_06_15_1909853/src/products/hls/hls_lib/src/hls/hls_round.h:294) automatically.
INFO: [XFORM 203-602] Inlining function 'hls::roundf' into 'roundf' (r:/builds/2017.2/nightly/2017_06_15_1909853/src/products/hls/hls_lib/src/lib_hlsm.cpp:299) automatically.
INFO: [XFORM 203-602] Inlining function 'fp_struct<float>::mantissa' into 'hls::cast_IEEE754<long long, (ap_q_mode)6, float>' (r:/builds/2017.2/nightly/2017_06_15_1909853/src/products/hls/hls_lib/src/hls/hls_round.h:438) automatically.
INFO: [XFORM 203-602] Inlining function 'fp_struct<float>::expv' into 'hls::cast_IEEE754<long long, (ap_q_mode)6, float>' (r:/builds/2017.2/nightly/2017_06_15_1909853/src/products/hls/hls_lib/src/hls/hls_round.h:441) automatically.
INFO: [XFORM 203-602] Inlining function 'fp_struct<float>::__signbit' into 'hls::cast_IEEE754<long long, (ap_q_mode)6, float>' (r:/builds/2017.2/nightly/2017_06_15_1909853/src/products/hls/hls_lib/src/hls/hls_round.h:473) automatically.
INFO: [XFORM 203-602] Inlining function 'hls::cast_IEEE754<long long, (ap_q_mode)6, float>' into 'hls::cast_IEEE754<long long, float>' (r:/builds/2017.2/nightly/2017_06_15_1909853/src/products/hls/hls_lib/src/hls/hls_round.h:523) automatically.
INFO: [XFORM 203-602] Inlining function 'hls::cast_IEEE754<long long, float>' into '__hls_fptosi_float_i64' (r:/builds/2017.2/nightly/2017_06_15_1909853/src/products/hls/hls_lib/src/lib_floatconversion.cpp:44) automatically.
INFO: [XFORM 203-602] Inlining function 'hls::hotbm::value_list<double>::sincos_approximation<63, 63>' into 'hls::hotbm::generic_sincos<double>' (r:/builds/2017.2/nightly/2017_06_15_1909853/src/products/hls/hls_lib/src/hls/hls_hotbm.h:419) automatically.
INFO: [XFORM 203-602] Inlining function 'fp_struct<double>::to_ieee' into 'hls::hotbm::generic_sincos<double>' (r:/builds/2017.2/nightly/2017_06_15_1909853/src/products/hls/hls_lib/src/hls/hls_hotbm.h:456) automatically.
INFO: [XFORM 203-602] Inlining function 'hls::hotbm::sincos' into 'hls::sincos' (r:/builds/2017.2/nightly/2017_06_15_1909853/src/products/hls/hls_lib/src/hls_math.h:448) automatically.
INFO: [XFORM 203-602] Inlining function 'hls::sincos' into 'hls::tan' (r:/builds/2017.2/nightly/2017_06_15_1909853/src/products/hls/hls_lib/src/hls_math.h:571) automatically.
INFO: [XFORM 203-602] Inlining function 'hls::tan' into 'tan' (r:/builds/2017.2/nightly/2017_06_15_1909853/src/products/hls/hls_lib/src/lib_hlsm.cpp:116) automatically.
INFO: [XFORM 203-602] Inlining function 'fp_struct<double>::to_ieee' into 'hls::copysign' (r:/builds/2017.2/nightly/2017_06_15_1909853/src/products/hls/hls_lib/src/hls/hls_basic_math.h:337) automatically.
INFO: [XFORM 203-602] Inlining function 'hls::copysign' into 'hls::generic_round<double>' (r:/builds/2017.2/nightly/2017_06_15_1909853/src/products/hls/hls_lib/src/hls/hls_round.h:278) automatically.
INFO: [XFORM 203-602] Inlining function 'fp_struct<double>::data' into 'hls::generic_round<double>' (r:/builds/2017.2/nightly/2017_06_15_1909853/src/products/hls/hls_lib/src/hls/hls_round.h:291) automatically.
INFO: [XFORM 203-602] Inlining function 'fp_struct<double>::to_ieee' into 'hls::generic_round<double>' (r:/builds/2017.2/nightly/2017_06_15_1909853/src/products/hls/hls_lib/src/hls/hls_round.h:294) automatically.
INFO: [XFORM 203-602] Inlining function 'hls::round' into 'round' (r:/builds/2017.2/nightly/2017_06_15_1909853/src/products/hls/hls_lib/src/lib_hlsm.cpp:295) automatically.
INFO: [XFORM 203-602] Inlining function 'fp_struct<double>::mantissa' into 'hls::cast_IEEE754<long long, (ap_q_mode)6, double>' (r:/builds/2017.2/nightly/2017_06_15_1909853/src/products/hls/hls_lib/src/hls/hls_round.h:438) automatically.
INFO: [XFORM 203-602] Inlining function 'fp_struct<double>::expv' into 'hls::cast_IEEE754<long long, (ap_q_mode)6, double>' (r:/builds/2017.2/nightly/2017_06_15_1909853/src/products/hls/hls_lib/src/hls/hls_round.h:441) automatically.
INFO: [XFORM 203-602] Inlining function 'fp_struct<double>::__signbit' into 'hls::cast_IEEE754<long long, (ap_q_mode)6, double>' (r:/builds/2017.2/nightly/2017_06_15_1909853/src/products/hls/hls_lib/src/hls/hls_round.h:473) automatically.
INFO: [XFORM 203-602] Inlining function 'hls::cast_IEEE754<long long, (ap_q_mode)6, double>' into 'hls::cast_IEEE754<long long, double>' (r:/builds/2017.2/nightly/2017_06_15_1909853/src/products/hls/hls_lib/src/hls/hls_round.h:523) automatically.
INFO: [XFORM 203-602] Inlining function 'hls::cast_IEEE754<long long, double>' into '__hls_fptosi_double_i64' (r:/builds/2017.2/nightly/2017_06_15_1909853/src/products/hls/hls_lib/src/lib_floatconversion.cpp:48) automatically.
INFO: [XFORM 203-602] Inlining function '__hls_fptosi_double_i32' into 'houghTransform' (HoughTransform.cpp:16) automatically.
INFO: [XFORM 203-602] Inlining function 'cos' into 'houghTransform' (HoughTransform.cpp:27) automatically.
INFO: [XFORM 203-602] Inlining function 'sin' into 'houghTransform' (HoughTransform.cpp:27) automatically.
INFO: [XFORM 203-602] Inlining function 'roundf' into 'houghTransform' (HoughTransform.cpp:27) automatically.
INFO: [XFORM 203-602] Inlining function '__hls_fptosi_float_i64' into 'houghTransform' (HoughTransform.cpp:27) automatically.
INFO: [XFORM 203-602] Inlining function 'tan' into 'houghTransform' (HoughTransform.cpp:75) automatically.
INFO: [XFORM 203-602] Inlining function 'round' into 'houghTransform' (HoughTransform.cpp:75) automatically.
INFO: [XFORM 203-602] Inlining function '__hls_fptosi_double_i64' into 'houghTransform' (HoughTransform.cpp:75) automatically.
WARNING: [SYNCHK 200-23] r:/builds/2017.2/nightly/2017_06_15_1909853/src/products/hls/hls_lib/src/hls/utils/x_hls_float_utils.h:424: variable-indexed range selection may cause suboptimal QoR.
INFO: [SYNCHK 200-10] 0 error(s), 1 warning(s).
INFO: [HLS 200-111] Finished Checking Synthesizability Time (s): cpu = 00:00:49 ; elapsed = 00:02:27 . Memory (MB): peak = 1402.555 ; gain = 1353.113
INFO: [XFORM 203-502] Unrolling all loops for pipelining in function 'hls::scaled_fixed2ieee<63, 1>' (r:/builds/2017.2/nightly/2017_06_15_1909853/src/products/hls/hls_lib/src/hls/utils/x_hls_float_utils.h:410).
INFO: [XFORM 203-501] Unrolling loop 'Loop-1' (r:/builds/2017.2/nightly/2017_06_15_1909853/src/products/hls/hls_lib/src/hls/utils/x_hls_float_utils.h:422) in function 'hls::scaled_fixed2ieee<63, 1>' completely.
INFO: [XFORM 203-501] Unrolling loop 'Loop-2' (r:/builds/2017.2/nightly/2017_06_15_1909853/src/products/hls/hls_lib/src/hls/utils/x_hls_float_utils.h:433) in function 'hls::scaled_fixed2ieee<63, 1>' completely.
INFO: [XFORM 203-501] Unrolling loop 'Loop-3' (r:/builds/2017.2/nightly/2017_06_15_1909853/src/products/hls/hls_lib/src/hls/utils/x_hls_float_utils.h:440) in function 'hls::scaled_fixed2ieee<63, 1>' completely.
INFO: [XFORM 203-501] Unrolling loop 'houghTransform_label0' (HoughTransform.cpp:26) in function 'houghTransform': changing partial unrolling into complete unrolling since the unrolling factor (=180) is no less than the loop trip count (=180).
INFO: [XFORM 203-501] Unrolling loop 'houghTransform_label1' (HoughTransform.cpp:52) in function 'houghTransform': changing partial unrolling into complete unrolling since the unrolling factor (=50) is no less than the loop trip count (=50).
INFO: [XFORM 203-501] Unrolling loop 'houghTransform_label0' (HoughTransform.cpp:26) in function 'houghTransform' completely.
WARNING: [XFORM 203-505] Pipeline directive for loop 'houghTransform_label0' (HoughTransform.cpp:26) in function 'houghTransform' has been removed because the loop is unrolled completely.
INFO: [XFORM 203-501] Unrolling loop 'houghTransform_label1' (HoughTransform.cpp:52) in function 'houghTransform' completely.
WARNING: [XFORM 203-505] Pipeline directive for loop 'houghTransform_label1' (HoughTransform.cpp:52) in function 'houghTransform' has been removed because the loop is unrolled completely.
INFO: [XFORM 203-102] Partitioning array 'out_bits.V' (r:/builds/2017.2/nightly/2017_06_15_1909853/src/products/hls/hls_lib/src/hls/utils/x_hls_float_utils.h:421) automatically.
INFO: [XFORM 203-102] Partitioning array 'c' (r:/builds/2017.2/nightly/2017_06_15_1909853/src/products/hls/hls_lib/src/hls/utils/x_hls_float_utils.h:432) automatically.
INFO: [XFORM 203-101] Partitioning array 'swap_table.2'  in dimension 1 completely.
INFO: [XFORM 203-101] Partitioning array 'swap_table.3'  in dimension 1 completely.
INFO: [XFORM 203-101] Partitioning array 'neg_sin_table.1'  in dimension 1 completely.
INFO: [XFORM 203-101] Partitioning array 'neg_cos_table.1'  in dimension 1 completely.
INFO: [XFORM 203-101] Partitioning array 'swap_table'  in dimension 1 completely.
INFO: [XFORM 203-101] Partitioning array 'neg_sin_table'  in dimension 1 completely.
INFO: [XFORM 203-101] Partitioning array 'neg_cos_table'  in dimension 1 completely.
INFO: [XFORM 203-602] Inlining function 'fp_struct<double>::mantissa' into 'hls::cast_IEEE754<int, (ap_q_mode)6, double>' (r:/builds/2017.2/nightly/2017_06_15_1909853/src/products/hls/hls_lib/src/hls/hls_round.h:438) automatically.
INFO: [XFORM 203-602] Inlining function 'fp_struct<double>::expv' into 'hls::cast_IEEE754<int, (ap_q_mode)6, double>' (r:/builds/2017.2/nightly/2017_06_15_1909853/src/products/hls/hls_lib/src/hls/hls_round.h:441) automatically.
INFO: [XFORM 203-602] Inlining function 'fp_struct<double>::__signbit' into 'hls::cast_IEEE754<int, (ap_q_mode)6, double>' (r:/builds/2017.2/nightly/2017_06_15_1909853/src/products/hls/hls_lib/src/hls/hls_round.h:473) automatically.
INFO: [XFORM 203-602] Inlining function 'hls::cast_IEEE754<int, (ap_q_mode)6, double>' into 'hls::cast_IEEE754<int, double>' (r:/builds/2017.2/nightly/2017_06_15_1909853/src/products/hls/hls_lib/src/hls/hls_round.h:523) automatically.
INFO: [XFORM 203-602] Inlining function 'hls::cast_IEEE754<int, double>' into '__hls_fptosi_double_i32' (r:/builds/2017.2/nightly/2017_06_15_1909853/src/products/hls/hls_lib/src/lib_floatconversion.cpp:47) automatically.
INFO: [XFORM 203-602] Inlining function 'fp_struct<float>::data' into 'fp_struct<float>::to_float' (r:/builds/2017.2/nightly/2017_06_15_1909853/src/products/hls/hls_lib/src/hls/utils/x_hls_utils.h:349) automatically.
INFO: [XFORM 203-602] Inlining function 'fp_struct<float>::to_float' into 'fp_struct<float>::to_ieee' (r:/builds/2017.2/nightly/2017_06_15_1909853/src/products/hls/hls_lib/src/hls/utils/x_hls_utils.h:370) automatically.
INFO: [XFORM 203-602] Inlining function 'fp_struct<float>::to_ieee' into 'hls::copysignf' (r:/builds/2017.2/nightly/2017_06_15_1909853/src/products/hls/hls_lib/src/hls/hls_basic_math.h:345) automatically.
INFO: [XFORM 203-602] Inlining function 'hls::copysignf' into 'hls::copysign.1' (r:/builds/2017.2/nightly/2017_06_15_1909853/src/products/hls/hls_lib/src/hls/hls_basic_math.h:359) automatically.
INFO: [XFORM 203-602] Inlining function 'hls::copysign.1' into 'hls::generic_round<float>' (r:/builds/2017.2/nightly/2017_06_15_1909853/src/products/hls/hls_lib/src/hls/hls_round.h:278) automatically.
INFO: [XFORM 203-602] Inlining function 'fp_struct<float>::data' into 'hls::generic_round<float>' (r:/builds/2017.2/nightly/2017_06_15_1909853/src/products/hls/hls_lib/src/hls/hls_round.h:291) automatically.
INFO: [XFORM 203-602] Inlining function 'fp_struct<float>::to_ieee' into 'hls::generic_round<float>' (r:/builds/2017.2/nightly/2017_06_15_1909853/src/products/hls/hls_lib/src/hls/hls_round.h:294) automatically.
INFO: [XFORM 203-602] Inlining function 'hls::generic_round<float>' into 'hls::roundf' (r:/builds/2017.2/nightly/2017_06_15_1909853/src/products/hls/hls_lib/src/hls/hls_round.h:308) automatically.
INFO: [XFORM 203-602] Inlining function 'hls::roundf' into 'roundf' (r:/builds/2017.2/nightly/2017_06_15_1909853/src/products/hls/hls_lib/src/lib_hlsm.cpp:299) automatically.
INFO: [XFORM 203-602] Inlining function 'fp_struct<float>::mantissa' into 'hls::cast_IEEE754<long long, (ap_q_mode)6, float>' (r:/builds/2017.2/nightly/2017_06_15_1909853/src/products/hls/hls_lib/src/hls/hls_round.h:438) automatically.
INFO: [XFORM 203-602] Inlining function 'fp_struct<float>::expv' into 'hls::cast_IEEE754<long long, (ap_q_mode)6, float>' (r:/builds/2017.2/nightly/2017_06_15_1909853/src/products/hls/hls_lib/src/hls/hls_round.h:441) automatically.
INFO: [XFORM 203-602] Inlining function 'fp_struct<float>::__signbit' into 'hls::cast_IEEE754<long long, (ap_q_mode)6, float>' (r:/builds/2017.2/nightly/2017_06_15_1909853/src/products/hls/hls_lib/src/hls/hls_round.h:473) automatically.
INFO: [XFORM 203-602] Inlining function 'hls::cast_IEEE754<long long, (ap_q_mode)6, float>' into 'hls::cast_IEEE754<long long, float>' (r:/builds/2017.2/nightly/2017_06_15_1909853/src/products/hls/hls_lib/src/hls/hls_round.h:523) automatically.
INFO: [XFORM 203-602] Inlining function 'hls::cast_IEEE754<long long, float>' into '__hls_fptosi_float_i64' (r:/builds/2017.2/nightly/2017_06_15_1909853/src/products/hls/hls_lib/src/lib_floatconversion.cpp:44) automatically.
INFO: [XFORM 203-602] Inlining function 'fp_struct<double>::expv' into 'hls::range_redux_payne_hanek_hotbm<61, double, 63, 63>' (r:/builds/2017.2/nightly/2017_06_15_1909853/src/products/hls/hls_lib/src/hls/hls_range_redux.h:465) automatically.
INFO: [XFORM 203-602] Inlining function 'hls::table_lookup_4oPi_hotbm<52, 61>' into 'hls::range_redux_payne_hanek_hotbm<61, double, 63, 63>' (r:/builds/2017.2/nightly/2017_06_15_1909853/src/products/hls/hls_lib/src/hls/hls_range_redux.h:491) automatically.
INFO: [XFORM 203-602] Inlining function 'hls::clz<61, 124, 0>' into 'hls::range_redux_payne_hanek_hotbm<61, double, 63, 63>' (r:/builds/2017.2/nightly/2017_06_15_1909853/src/products/hls/hls_lib/src/hls/hls_range_redux.h:519) automatically.
INFO: [XFORM 203-602] Inlining function 'fp_struct<double>::data' into 'fp_struct<double>::to_double' (r:/builds/2017.2/nightly/2017_06_15_1909853/src/products/hls/hls_lib/src/hls/utils/x_hls_utils.h:512) automatically.
INFO: [XFORM 203-602] Inlining function 'fp_struct<double>::to_double' into 'fp_struct<double>::to_ieee' (r:/builds/2017.2/nightly/2017_06_15_1909853/src/products/hls/hls_lib/src/hls/utils/x_hls_utils.h:526) automatically.
INFO: [XFORM 203-602] Inlining function 'hls::clz' into 'hls::scaled_fixed2ieee<63, 1>' (r:/builds/2017.2/nightly/2017_06_15_1909853/src/products/hls/hls_lib/src/hls/utils/x_hls_float_utils.h:434) automatically.
INFO: [XFORM 203-602] Inlining function 'fp_struct<double>::set_mantissa' into 'hls::scaled_fixed2ieee<63, 1>' (r:/builds/2017.2/nightly/2017_06_15_1909853/src/products/hls/hls_lib/src/hls/utils/x_hls_float_utils.h:462) automatically.
INFO: [XFORM 203-602] Inlining function 'fp_struct<double>::to_ieee' into 'hls::scaled_fixed2ieee<63, 1>' (r:/builds/2017.2/nightly/2017_06_15_1909853/src/products/hls/hls_lib/src/hls/utils/x_hls_float_utils.h:465) automatically.
INFO: [XFORM 203-602] Inlining function 'hls::range_redux_payne_hanek_hotbm<61, double, 63, 63>' into 'hls::hotbm::generic_sincos<double>' (r:/builds/2017.2/nightly/2017_06_15_1909853/src/products/hls/hls_lib/src/hls/hls_hotbm.h:416) automatically.
INFO: [XFORM 203-602] Inlining function 'hls::hotbm::value_list<double>::sincos_approximation<63, 63>' into 'hls::hotbm::generic_sincos<double>' (r:/builds/2017.2/nightly/2017_06_15_1909853/src/products/hls/hls_lib/src/hls/hls_hotbm.h:419) automatically.
INFO: [XFORM 203-602] Inlining function 'fp_struct<double>::to_ieee' into 'hls::hotbm::generic_sincos<double>' (r:/builds/2017.2/nightly/2017_06_15_1909853/src/products/hls/hls_lib/src/hls/hls_hotbm.h:456) automatically.
INFO: [XFORM 203-602] Inlining function 'hls::hotbm::sincos' into 'hls::sincos' (r:/builds/2017.2/nightly/2017_06_15_1909853/src/products/hls/hls_lib/src/hls_math.h:448) automatically.
INFO: [XFORM 203-602] Inlining function 'hls::sincos' into 'hls::tan' (r:/builds/2017.2/nightly/2017_06_15_1909853/src/products/hls/hls_lib/src/hls_math.h:571) automatically.
INFO: [XFORM 203-602] Inlining function 'hls::tan' into 'tan' (r:/builds/2017.2/nightly/2017_06_15_1909853/src/products/hls/hls_lib/src/lib_hlsm.cpp:116) automatically.
INFO: [XFORM 203-602] Inlining function 'hls::range_redux_payne_hanek_hotbm<61, double, 63, 63>' into 'hls::hotbm::sin_or_cos<double>' (r:/builds/2017.2/nightly/2017_06_15_1909853/src/products/hls/hls_lib/src/hls/hls_hotbm.h:499) automatically.
INFO: [XFORM 203-602] Inlining function 'hls::hotbm::value_list<double>::sin_or_cos_approximation<63, 63>' into 'hls::hotbm::sin_or_cos<double>' (r:/builds/2017.2/nightly/2017_06_15_1909853/src/products/hls/hls_lib/src/hls/hls_hotbm.h:510) automatically.
INFO: [XFORM 203-602] Inlining function 'fp_struct<double>::to_ieee' into 'hls::hotbm::sin_or_cos<double>' (r:/builds/2017.2/nightly/2017_06_15_1909853/src/products/hls/hls_lib/src/hls/hls_hotbm.h:547) automatically.
INFO: [XFORM 203-602] Inlining function 'hls::hotbm::cos' into 'hls::cos' (r:/builds/2017.2/nightly/2017_06_15_1909853/src/products/hls/hls_lib/src/hls_math.h:352) automatically.
INFO: [XFORM 203-602] Inlining function 'hls::cos' into 'cos' (r:/builds/2017.2/nightly/2017_06_15_1909853/src/products/hls/hls_lib/src/lib_hlsm.cpp:101) automatically.
INFO: [XFORM 203-602] Inlining function 'fp_struct<double>::to_ieee' into 'hls::copysign' (r:/builds/2017.2/nightly/2017_06_15_1909853/src/products/hls/hls_lib/src/hls/hls_basic_math.h:337) automatically.
INFO: [XFORM 203-602] Inlining function 'hls::copysign' into 'hls::generic_round<double>' (r:/builds/2017.2/nightly/2017_06_15_1909853/src/products/hls/hls_lib/src/hls/hls_round.h:278) automatically.
INFO: [XFORM 203-602] Inlining function 'fp_struct<double>::data' into 'hls::generic_round<double>' (r:/builds/2017.2/nightly/2017_06_15_1909853/src/products/hls/hls_lib/src/hls/hls_round.h:291) automatically.
INFO: [XFORM 203-602] Inlining function 'fp_struct<double>::to_ieee' into 'hls::generic_round<double>' (r:/builds/2017.2/nightly/2017_06_15_1909853/src/products/hls/hls_lib/src/hls/hls_round.h:294) automatically.
INFO: [XFORM 203-602] Inlining function 'hls::generic_round<double>' into 'hls::round' (r:/builds/2017.2/nightly/2017_06_15_1909853/src/products/hls/hls_lib/src/hls/hls_round.h:301) automatically.
INFO: [XFORM 203-602] Inlining function 'hls::round' into 'round' (r:/builds/2017.2/nightly/2017_06_15_1909853/src/products/hls/hls_lib/src/lib_hlsm.cpp:295) automatically.
INFO: [XFORM 203-602] Inlining function 'fp_struct<double>::mantissa' into 'hls::cast_IEEE754<long long, (ap_q_mode)6, double>' (r:/builds/2017.2/nightly/2017_06_15_1909853/src/products/hls/hls_lib/src/hls/hls_round.h:438) automatically.
INFO: [XFORM 203-602] Inlining function 'fp_struct<double>::expv' into 'hls::cast_IEEE754<long long, (ap_q_mode)6, double>' (r:/builds/2017.2/nightly/2017_06_15_1909853/src/products/hls/hls_lib/src/hls/hls_round.h:441) automatically.
INFO: [XFORM 203-602] Inlining function 'fp_struct<double>::__signbit' into 'hls::cast_IEEE754<long long, (ap_q_mode)6, double>' (r:/builds/2017.2/nightly/2017_06_15_1909853/src/products/hls/hls_lib/src/hls/hls_round.h:473) automatically.
INFO: [XFORM 203-602] Inlining function 'hls::cast_IEEE754<long long, (ap_q_mode)6, double>' into 'hls::cast_IEEE754<long long, double>' (r:/builds/2017.2/nightly/2017_06_15_1909853/src/products/hls/hls_lib/src/hls/hls_round.h:523) automatically.
INFO: [XFORM 203-602] Inlining function 'hls::cast_IEEE754<long long, double>' into '__hls_fptosi_double_i64' (r:/builds/2017.2/nightly/2017_06_15_1909853/src/products/hls/hls_lib/src/lib_floatconversion.cpp:48) automatically.
INFO: [XFORM 203-602] Inlining function '__hls_fptosi_double_i32' into 'houghTransform' (HoughTransform.cpp:16) automatically.
INFO: [XFORM 203-602] Inlining function 'tan' into 'houghTransform' (HoughTransform.cpp:75) automatically.
INFO: [XFORM 203-602] Inlining function 'cos' into 'houghTransform' (HoughTransform.cpp:75) automatically.
INFO: [XFORM 203-602] Inlining function 'round' into 'houghTransform' (HoughTransform.cpp:75) automatically.
INFO: [XFORM 203-602] Inlining function '__hls_fptosi_double_i64' into 'houghTransform' (HoughTransform.cpp:75) automatically.
INFO: [XFORM 203-401] Performing if-conversion on hyperblock from (r:/builds/2017.2/nightly/2017_06_15_1909853/src/products/hls/hls_lib/src/lib_hlsm.cpp:298:20) to (r:/builds/2017.2/nightly/2017_06_15_1909853/src/products/hls/hls_lib/src/lib_hlsm.cpp:299:12) in function 'roundf'... converting 5 basic blocks.
INFO: [XFORM 203-401] Performing if-conversion on hyperblock from (HoughTransform.cpp:75:28) to (HoughTransform.cpp:76:4) in function 'houghTransform'... converting 5 basic blocks.
INFO: [XFORM 203-401] Performing if-conversion on hyperblock to (r:/builds/2017.2/nightly/2017_06_15_1909853/src/products/hls/hls_lib/src/hls/utils/x_hls_float_utils.h:466:1) in function 'hls::scaled_fixed2ieee<63, 1>'... converting 7 basic blocks.
INFO: [XFORM 203-401] Performing if-conversion on hyperblock from (r:/builds/2017.2/nightly/2017_06_15_1909853/src/products/hls/hls_lib/src/hls/hls_hotbm.h:469:16) to (r:/builds/2017.2/nightly/2017_06_15_1909853/src/products/hls/hls_lib/src/hls/hls_hotbm.h:547:12) in function 'hls::hotbm::sin_or_cos<double>'... converting 10 basic blocks.
INFO: [XFORM 203-401] Performing if-conversion on hyperblock from (r:/builds/2017.2/nightly/2017_06_15_1909853/src/products/hls/hls_lib/src/hls/hls_hotbm.h:389:23) to (r:/builds/2017.2/nightly/2017_06_15_1909853/src/products/hls/hls_lib/src/hls/hls_hotbm.h:465:1) in function 'hls::hotbm::generic_sincos<double>'... converting 10 basic blocks.
INFO: [XFORM 203-602] Inlining function 'hls::scaled_fixed2ieee<63, 1>' into 'hls::hotbm::generic_sincos<double>' (r:/builds/2017.2/nightly/2017_06_15_1909853/src/products/hls/hls_lib/src/hls/hls_hotbm.h:422) automatically.
INFO: [XFORM 203-602] Inlining function 'hls::scaled_fixed2ieee<63, 1>' into 'hls::hotbm::sin_or_cos<double>' (r:/builds/2017.2/nightly/2017_06_15_1909853/src/products/hls/hls_lib/src/hls/hls_hotbm.h:512) automatically.
INFO: [XFORM 203-11] Balancing expressions in function 'hls::hotbm::generic_sincos<double>' (r:/builds/2017.2/nightly/2017_06_15_1909853/src/products/hls/hls_lib/src/hls/hls_hotbm.h:389)...7 expression(s) balanced.
INFO: [HLS 200-111] Finished Pre-synthesis Time (s): cpu = 00:01:05 ; elapsed = 00:02:51 . Memory (MB): peak = 1930.715 ; gain = 1881.273
WARNING: [XFORM 203-631] Renaming function 'hls::hotbm::generic_sincos<double>' (r:/builds/2017.2/nightly/2017_06_15_1909853/src/products/hls/hls_lib/src/hls/hls_hotbm.h:97:1) into generic_sincos.
WARNING: [XFORM 203-631] Renaming function 'hls::hotbm::sin_or_cos<double>' (r:/builds/2017.2/nightly/2017_06_15_1909853/src/products/hls/hls_lib/src/hls/hls_hotbm.h:469) into sin_or_cos<double>.
WARNING: [XFORM 203-631] Renaming function '__hls_fptosi_float_i64' (r:/builds/2017.2/nightly/2017_06_15_1909853/src/products/hls/hls_lib/src/lib_floatconversion.cpp:44:54) into __hls_fptosi_float_i.
INFO: [HLS 200-111] Finished Architecture Synthesis Time (s): cpu = 00:01:16 ; elapsed = 00:03:08 . Memory (MB): peak = 2276.184 ; gain = 2226.742
INFO: [HLS 200-10] Starting hardware synthesis ...
INFO: [HLS 200-10] Synthesizing 'houghTransform' ...
WARNING: [SYN 201-103] Legalizing function name '__hls_fptosi_float_i' to 'p_hls_fptosi_float_i'.
WARNING: [SYN 201-103] Legalizing function name 'sin_or_cos<double>' to 'sin_or_cos_double_s'.
WARNING: [SYN 201-107] Renaming port name 'houghTransform/in' to 'houghTransform/in_r' to avoid the conflict with HDL keywords or other object names.
WARNING: [SYN 201-107] Renaming port name 'houghTransform/out' to 'houghTransform/out_r' to avoid the conflict with HDL keywords or other object names.
INFO: [HLS 200-10] ----------------------------------------------------------------
INFO: [HLS 200-10] -- Implementing module 'roundf' 
INFO: [HLS 200-10] ----------------------------------------------------------------
INFO: [SCHED 204-11] Starting scheduling ...
INFO: [SCHED 204-11] Finished scheduling.
INFO: [HLS 200-111]  Elapsed time: 188.985 seconds; current allocated memory: 1.996 GB.
INFO: [BIND 205-100] Starting micro-architecture generation ...
INFO: [BIND 205-101] Performing variable lifetime analysis.
INFO: [BIND 205-101] Exploring resource sharing.
INFO: [BIND 205-101] Binding ...
INFO: [BIND 205-100] Finished micro-architecture generation.
INFO: [HLS 200-111]  Elapsed time: 0.723 seconds; current allocated memory: 1.997 GB.
INFO: [HLS 200-10] ----------------------------------------------------------------
INFO: [HLS 200-10] -- Implementing module 'p_hls_fptosi_float_i' 
INFO: [HLS 200-10] ----------------------------------------------------------------
INFO: [SCHED 204-11] Starting scheduling ...
INFO: [SCHED 204-11] Finished scheduling.
INFO: [HLS 200-111]  Elapsed time: 0.781 seconds; current allocated memory: 1.997 GB.
INFO: [BIND 205-100] Starting micro-architecture generation ...
INFO: [BIND 205-101] Performing variable lifetime analysis.
INFO: [BIND 205-101] Exploring resource sharing.
INFO: [BIND 205-101] Binding ...
INFO: [BIND 205-100] Finished micro-architecture generation.
INFO: [HLS 200-111]  Elapsed time: 0.711 seconds; current allocated memory: 1.997 GB.
INFO: [HLS 200-10] ----------------------------------------------------------------
INFO: [HLS 200-10] -- Implementing module 'generic_sincos' 
INFO: [HLS 200-10] ----------------------------------------------------------------
INFO: [SCHED 204-11] Starting scheduling ...
INFO: [SCHED 204-11] Finished scheduling.
INFO: [HLS 200-111]  Elapsed time: 1.235 seconds; current allocated memory: 1.998 GB.
INFO: [BIND 205-100] Starting micro-architecture generation ...
INFO: [BIND 205-101] Performing variable lifetime analysis.
INFO: [BIND 205-101] Exploring resource sharing.
INFO: [BIND 205-101] Binding ...
INFO: [BIND 205-100] Finished micro-architecture generation.
INFO: [HLS 200-111]  Elapsed time: 1.77 seconds; current allocated memory: 1.999 GB.
INFO: [HLS 200-10] ----------------------------------------------------------------
INFO: [HLS 200-10] -- Implementing module 'sin_or_cos_double_s' 
INFO: [HLS 200-10] ----------------------------------------------------------------
INFO: [SCHED 204-11] Starting scheduling ...
INFO: [SCHED 204-11] Finished scheduling.
INFO: [HLS 200-111]  Elapsed time: 2.263 seconds; current allocated memory: 2.000 GB.
INFO: [BIND 205-100] Starting micro-architecture generation ...
INFO: [BIND 205-101] Performing variable lifetime analysis.
INFO: [BIND 205-101] Exploring resource sharing.
INFO: [BIND 205-101] Binding ...
INFO: [BIND 205-100] Finished micro-architecture generation.
INFO: [HLS 200-111]  Elapsed time: 1.366 seconds; current allocated memory: 2.001 GB.
INFO: [HLS 200-10] ----------------------------------------------------------------
INFO: [HLS 200-10] -- Implementing module 'houghTransform' 
INFO: [HLS 200-10] ----------------------------------------------------------------
INFO: [SCHED 204-11] Starting scheduling ...
WARNING: [SCHED 204-21] Estimated clock period (8.95ns) exceeds the target (target clock period: 8ns, clock uncertainty: 1ns, effective delay budget: 7ns).
WARNING: [SCHED 204-21] The critical path consists of the following:
	'mul' operation ('tmp_519', HoughTransform.cpp:78) (3.36 ns)
	'add' operation ('tmp_520', HoughTransform.cpp:78) (3.02 ns)
	'getelementptr' operation ('out_addr', HoughTransform.cpp:78) (0 ns)
	'store' operation (HoughTransform.cpp:78) of constant 1 on array 'out_r' (2.57 ns)
INFO: [SCHED 204-11] Finished scheduling.
INFO: [HLS 200-111]  Elapsed time: 15.39 seconds; current allocated memory: 2.016 GB.
INFO: [BIND 205-100] Starting micro-architecture generation ...
INFO: [BIND 205-101] Performing variable lifetime analysis.
INFO: [BIND 205-101] Exploring resource sharing.
INFO: [BIND 205-101] Binding ...
INFO: [BIND 205-100] Finished micro-architecture generation.
INFO: [HLS 200-111]  Elapsed time: 40.073 seconds; current allocated memory: 2.043 GB.
INFO: [HLS 200-10] ----------------------------------------------------------------
INFO: [HLS 200-10] -- Generating RTL for module 'roundf' 
INFO: [HLS 200-10] ----------------------------------------------------------------
INFO: [SYN 201-210] Renamed object name 'roundf_one_half_table2' to 'roundf_one_half_tbkb' due to the length limit 20
INFO: [RTGEN 206-100] Finished creating RTL model for 'roundf'.
INFO: [HLS 200-111]  Elapsed time: 39.733 seconds; current allocated memory: 2.047 GB.
INFO: [HLS 200-10] ----------------------------------------------------------------
INFO: [HLS 200-10] -- Generating RTL for module 'p_hls_fptosi_float_i' 
INFO: [HLS 200-10] ----------------------------------------------------------------
INFO: [RTGEN 206-100] Finished creating RTL model for 'p_hls_fptosi_float_i'.
INFO: [HLS 200-111]  Elapsed time: 0.949 seconds; current allocated memory: 2.047 GB.
INFO: [HLS 200-10] ----------------------------------------------------------------
INFO: [HLS 200-10] -- Generating RTL for module 'generic_sincos' 
INFO: [HLS 200-10] ----------------------------------------------------------------
INFO: [SYN 201-210] Renamed object name 'generic_sincos_hls_ref_4oPi_table_s' to 'generic_sincos_hlcud' due to the length limit 20
INFO: [SYN 201-210] Renamed object name 'generic_sincos_hls_hotbm_fourth_o_22' to 'generic_sincos_hldEe' due to the length limit 20
INFO: [SYN 201-210] Renamed object name 'generic_sincos_hls_hotbm_fourth_o_23' to 'generic_sincos_hleOg' due to the length limit 20
INFO: [SYN 201-210] Renamed object name 'generic_sincos_hls_hotbm_fourth_o_24' to 'generic_sincos_hlfYi' due to the length limit 20
INFO: [SYN 201-210] Renamed object name 'generic_sincos_hls_hotbm_fourth_o_25' to 'generic_sincos_hlg8j' due to the length limit 20
INFO: [SYN 201-210] Renamed object name 'generic_sincos_hls_hotbm_fourth_o_26' to 'generic_sincos_hlhbi' due to the length limit 20
INFO: [SYN 201-210] Renamed object name 'generic_sincos_hls_hotbm_fourth_o_9' to 'generic_sincos_hlibs' due to the length limit 20
INFO: [SYN 201-210] Renamed object name 'generic_sincos_hls_hotbm_fourth_o_15' to 'generic_sincos_hljbC' due to the length limit 20
INFO: [SYN 201-210] Renamed object name 'generic_sincos_hls_hotbm_fourth_o_16' to 'generic_sincos_hlkbM' due to the length limit 20
INFO: [SYN 201-210] Renamed object name 'generic_sincos_hls_hotbm_fourth_o_17' to 'generic_sincos_hllbW' due to the length limit 20
INFO: [SYN 201-210] Renamed object name 'generic_sincos_hls_hotbm_fourth_o_18' to 'generic_sincos_hlmb6' due to the length limit 20
INFO: [SYN 201-210] Renamed object name 'houghTransform_mul_53ns_170ns_223_5' to 'houghTransform_muncg' due to the length limit 20
INFO: [SYN 201-210] Renamed object name 'houghTransform_mux_164_1_1' to 'houghTransform_muocq' due to the length limit 20
INFO: [SYN 201-210] Renamed object name 'houghTransform_mux_83_1_1' to 'houghTransform_mupcA' due to the length limit 20
INFO: [SYN 201-210] Renamed object name 'houghTransform_mul_49ns_49ns_98_5' to 'houghTransform_muqcK' due to the length limit 20
INFO: [SYN 201-210] Renamed object name 'houghTransform_mul_44ns_49ns_93_5' to 'houghTransform_murcU' due to the length limit 20
INFO: [SYN 201-210] Renamed object name 'houghTransform_mul_51s_56ns_107_5' to 'houghTransform_musc4' due to the length limit 20
INFO: [SYN 201-210] Renamed object name 'houghTransform_mul_43s_49ns_92_5' to 'houghTransform_mutde' due to the length limit 20
INFO: [SYN 201-210] Renamed object name 'houghTransform_mul_53s_56ns_109_5' to 'houghTransform_muudo' due to the length limit 20
INFO: [SYN 201-210] Renamed object name 'houghTransform_mul_35s_42ns_77_2' to 'houghTransform_muvdy' due to the length limit 20
INFO: [SYN 201-210] Renamed object name 'houghTransform_mul_27s_35ns_62_2' to 'houghTransform_muwdI' due to the length limit 20
INFO: [SYN 201-210] Renamed object name 'houghTransform_mul_33s_42ns_75_2' to 'houghTransform_muxdS' due to the length limit 20
INFO: [SYN 201-210] Renamed object name 'houghTransform_mul_23ns_35ns_58_2' to 'houghTransform_muyd2' due to the length limit 20
INFO: [SYN 201-210] Renamed object name 'houghTransform_mul_63ns_62ns_125_5' to 'houghTransform_muzec' due to the length limit 20
INFO: [RTGEN 206-100] Generating core module 'houghTransform_muncg': 1 instance(s).
INFO: [RTGEN 206-100] Generating core module 'houghTransform_muocq': 2 instance(s).
INFO: [RTGEN 206-100] Generating core module 'houghTransform_mupcA': 1 instance(s).
INFO: [RTGEN 206-100] Generating core module 'houghTransform_muqcK': 3 instance(s).
INFO: [RTGEN 206-100] Generating core module 'houghTransform_murcU': 1 instance(s).
INFO: [RTGEN 206-100] Generating core module 'houghTransform_musc4': 1 instance(s).
INFO: [RTGEN 206-100] Generating core module 'houghTransform_mutde': 1 instance(s).
INFO: [RTGEN 206-100] Generating core module 'houghTransform_muudo': 1 instance(s).
INFO: [RTGEN 206-100] Generating core module 'houghTransform_muvdy': 1 instance(s).
INFO: [RTGEN 206-100] Generating core module 'houghTransform_muwdI': 1 instance(s).
INFO: [RTGEN 206-100] Generating core module 'houghTransform_muxdS': 1 instance(s).
INFO: [RTGEN 206-100] Generating core module 'houghTransform_muyd2': 1 instance(s).
INFO: [RTGEN 206-100] Generating core module 'houghTransform_muzec': 1 instance(s).
INFO: [RTGEN 206-100] Finished creating RTL model for 'generic_sincos'.
INFO: [HLS 200-111]  Elapsed time: 1.109 seconds; current allocated memory: 2.050 GB.
INFO: [HLS 200-10] ----------------------------------------------------------------
INFO: [HLS 200-10] -- Generating RTL for module 'sin_or_cos_double_s' 
INFO: [HLS 200-10] ----------------------------------------------------------------
INFO: [SYN 201-210] Renamed object name 'sin_or_cos_double_s_hls_ref_4oPi_table_s' to 'sin_or_cos_doubleAem' due to the length limit 20
INFO: [SYN 201-210] Renamed object name 'sin_or_cos_double_s_hls_hotbm_fourth_o_19' to 'sin_or_cos_doubleBew' due to the length limit 20
INFO: [SYN 201-210] Renamed object name 'sin_or_cos_double_s_hls_hotbm_fourth_o_20' to 'sin_or_cos_doubleCeG' due to the length limit 20
INFO: [SYN 201-210] Renamed object name 'sin_or_cos_double_s_hls_hotbm_fourth_o_21' to 'sin_or_cos_doubleDeQ' due to the length limit 20
INFO: [SYN 201-210] Renamed object name 'sin_or_cos_double_s_hls_hotbm_fourth_o_27' to 'sin_or_cos_doubleEe0' due to the length limit 20
INFO: [SYN 201-210] Renamed object name 'sin_or_cos_double_s_hls_hotbm_fourth_o' to 'sin_or_cos_doubleFfa' due to the length limit 20
WARNING: [RTGEN 206-101] RTL name 'houghTransform_muncg' is changed to 'houghTransform_muncg_x' due to conflict.
WARNING: [RTGEN 206-101] RTL name 'houghTransform_mupcA' is changed to 'houghTransform_mupcA_x' due to conflict.
WARNING: [RTGEN 206-101] RTL name 'houghTransform_muocq' is changed to 'houghTransform_muocq_x' due to conflict.
WARNING: [RTGEN 206-101] RTL name 'houghTransform_muqcK' is changed to 'houghTransform_muqcK_x' due to conflict.
INFO: [SYN 201-210] Renamed object name 'houghTransform_mul_52s_56ns_108_5' to 'houghTransform_muGfk' due to the length limit 20
INFO: [SYN 201-210] Renamed object name 'houghTransform_mul_44s_49ns_93_5' to 'houghTransform_muHfu' due to the length limit 20
INFO: [SYN 201-210] Renamed object name 'houghTransform_mul_33ns_42ns_75_2' to 'houghTransform_muIfE' due to the length limit 20
INFO: [SYN 201-210] Renamed object name 'houghTransform_mul_25ns_35ns_60_2' to 'houghTransform_muJfO' due to the length limit 20
INFO: [SYN 201-210] Renamed object name 'houghTransform_mul_63ns_64s_126_5' to 'houghTransform_muKfY' due to the length limit 20
INFO: [RTGEN 206-100] Generating core module 'houghTransform_muGfk': 1 instance(s).
INFO: [RTGEN 206-100] Generating core module 'houghTransform_muHfu': 1 instance(s).
INFO: [RTGEN 206-100] Generating core module 'houghTransform_muIfE': 1 instance(s).
INFO: [RTGEN 206-100] Generating core module 'houghTransform_muJfO': 1 instance(s).
INFO: [RTGEN 206-100] Generating core module 'houghTransform_muKfY': 1 instance(s).
INFO: [RTGEN 206-100] Generating core module 'houghTransform_muncg': 1 instance(s).
INFO: [RTGEN 206-100] Generating core module 'houghTransform_muocq': 2 instance(s).
INFO: [RTGEN 206-100] Generating core module 'houghTransform_mupcA': 1 instance(s).
INFO: [RTGEN 206-100] Generating core module 'houghTransform_muqcK': 3 instance(s).
INFO: [RTGEN 206-100] Finished creating RTL model for 'sin_or_cos_double_s'.
INFO: [HLS 200-111]  Elapsed time: 2.901 seconds; current allocated memory: 2.052 GB.
INFO: [HLS 200-10] ----------------------------------------------------------------
INFO: [HLS 200-10] -- Generating RTL for module 'houghTransform' 
INFO: [HLS 200-10] ----------------------------------------------------------------
INFO: [RTGEN 206-500] Setting interface mode on port 'houghTransform/in_r' to 's_axilite & ap_memory'.
INFO: [RTGEN 206-500] Setting interface mode on port 'houghTransform/out_r' to 's_axilite & ap_memory'.
INFO: [RTGEN 206-500] Setting interface mode on port 'houghTransform/acc' to 's_axilite & ap_memory'.
INFO: [RTGEN 206-500] Setting interface mode on port 'houghTransform/dNonZero' to 's_axilite & ap_memory'.
INFO: [RTGEN 206-500] Setting interface mode on port 'houghTransform/fiNonZero' to 's_axilite & ap_memory'.
INFO: [RTGEN 206-500] Setting interface mode on port 'houghTransform/threshold' to 's_axilite & ap_none'.
INFO: [RTGEN 206-500] Setting interface mode on function 'houghTransform' to 's_axilite & ap_ctrl_hs'.
INFO: [SYN 201-210] Renamed object name 'houghTransform_mask_table4' to 'houghTransform_maLf8' due to the length limit 20
INFO: [SYN 201-210] Renamed object name 'houghTransform_one_half_table6' to 'houghTransform_onMgi' due to the length limit 20
INFO: [RTGEN 206-100] Bundling port 'return', 'in_r', 'out_r', 'acc', 'dNonZero', 'fiNonZero' to AXI-Lite port hough.
INFO: [SYN 201-210] Renamed object name 'houghTransform_fadd_32ns_32ns_32_7_full_dsp' to 'houghTransform_faNgs' due to the length limit 20
INFO: [SYN 201-210] Renamed object name 'houghTransform_fdiv_32ns_32ns_32_16' to 'houghTransform_fdOgC' due to the length limit 20
INFO: [SYN 201-210] Renamed object name 'houghTransform_sitofp_64s_32_6' to 'houghTransform_siPgM' due to the length limit 20
INFO: [SYN 201-210] Renamed object name 'houghTransform_fptrunc_64ns_32_1' to 'houghTransform_fpQgW' due to the length limit 20
INFO: [SYN 201-210] Renamed object name 'houghTransform_fpext_32ns_64_1' to 'houghTransform_fpRg6' due to the length limit 20
INFO: [SYN 201-210] Renamed object name 'houghTransform_fcmp_32ns_32ns_1_1' to 'houghTransform_fcShg' due to the length limit 20
INFO: [SYN 201-210] Renamed object name 'houghTransform_dadd_64ns_64ns_64_8_full_dsp' to 'houghTransform_daThq' due to the length limit 20
INFO: [SYN 201-210] Renamed object name 'houghTransform_dmul_64ns_64ns_64_7_max_dsp' to 'houghTransform_dmUhA' due to the length limit 20
INFO: [SYN 201-210] Renamed object name 'houghTransform_ddiv_64ns_64ns_64_59' to 'houghTransform_ddVhK' due to the length limit 20
INFO: [SYN 201-210] Renamed object name 'houghTransform_sitodp_64ns_64_6' to 'houghTransform_siWhU' due to the length limit 20
INFO: [SYN 201-210] Renamed object name 'houghTransform_mul_mul_9ns_17s_17_1' to 'houghTransform_muXh4' due to the length limit 20
INFO: [SYN 201-210] Renamed object name 'houghTransform_mac_muladd_9ns_17s_4ns_17_1' to 'houghTransform_maYie' due to the length limit 20
INFO: [SYN 201-210] Renamed object name 'houghTransform_mac_muladd_9ns_17s_5ns_17_1' to 'houghTransform_maZio' due to the length limit 20
INFO: [SYN 201-210] Renamed object name 'houghTransform_mac_muladd_9ns_17s_6ns_17_1' to 'houghTransform_ma0iy' due to the length limit 20
INFO: [SYN 201-210] Renamed object name 'houghTransform_mac_muladd_9ns_17s_7ns_17_1' to 'houghTransform_ma1iI' due to the length limit 20
INFO: [SYN 201-210] Renamed object name 'houghTransform_mac_muladd_9ns_17s_8ns_17_1' to 'houghTransform_ma2iS' due to the length limit 20
INFO: [SYN 201-210] Renamed object name 'houghTransform_mac_muladd_9ns_17s_9ns_17_1' to 'houghTransform_ma3i2' due to the length limit 20
INFO: [SYN 201-210] Renamed object name 'houghTransform_mac_muladd_7ns_13s_6ns_13_1' to 'houghTransform_ma4jc' due to the length limit 20
INFO: [RTGEN 206-104] Estimated max fanout for 'houghTransform' is 22912 from HDL expression: (1'b1 == ap_CS_fsm_state29)
INFO: [RTGEN 206-100] Generating core module 'houghTransform_daThq': 179 instance(s).
INFO: [RTGEN 206-100] Generating core module 'houghTransform_ddVhK': 1 instance(s).
INFO: [RTGEN 206-100] Generating core module 'houghTransform_dmUhA': 179 instance(s).
INFO: [RTGEN 206-100] Generating core module 'houghTransform_faNgs': 1 instance(s).
INFO: [RTGEN 206-100] Generating core module 'houghTransform_fcShg': 1 instance(s).
INFO: [RTGEN 206-100] Generating core module 'houghTransform_fdOgC': 1 instance(s).
INFO: [RTGEN 206-100] Generating core module 'houghTransform_fpQgW': 179 instance(s).
INFO: [RTGEN 206-100] Generating core module 'houghTransform_fpRg6': 1 instance(s).
INFO: [RTGEN 206-100] Generating core module 'houghTransform_ma0iy': 16 instance(s).
INFO: [RTGEN 206-100] Generating core module 'houghTransform_ma1iI': 32 instance(s).
INFO: [RTGEN 206-100] Generating core module 'houghTransform_ma2iS': 64 instance(s).
INFO: [RTGEN 206-100] Generating core module 'houghTransform_ma3i2': 52 instance(s).
INFO: [RTGEN 206-100] Generating core module 'houghTransform_ma4jc': 1 instance(s).
INFO: [RTGEN 206-100] Generating core module 'houghTransform_maYie': 4 instance(s).
INFO: [RTGEN 206-100] Generating core module 'houghTransform_maZio': 8 instance(s).
INFO: [RTGEN 206-100] Generating core module 'houghTransform_muXh4': 4 instance(s).
INFO: [RTGEN 206-100] Generating core module 'houghTransform_siPgM': 1 instance(s).
INFO: [RTGEN 206-100] Generating core module 'houghTransform_siWhU': 1 instance(s).
INFO: [RTGEN 206-100] Finished creating RTL model for 'houghTransform'.
INFO: [HLS 200-111]  Elapsed time: 17.374 seconds; current allocated memory: 2.092 GB.
INFO: [RTMG 210-279] Implementing memory 'roundf_mask_table1_rom' using distributed ROMs.
INFO: [RTMG 210-279] Implementing memory 'roundf_one_half_tbkb_rom' using distributed ROMs.
INFO: [RTMG 210-282] Generating pipelined core: 'houghTransform_muncg_MulnS_0'
INFO: [RTMG 210-282] Generating pipelined core: 'houghTransform_muqcK_MulnS_1'
INFO: [RTMG 210-282] Generating pipelined core: 'houghTransform_murcU_MulnS_2'
INFO: [RTMG 210-282] Generating pipelined core: 'houghTransform_musc4_MulnS_3'
INFO: [RTMG 210-282] Generating pipelined core: 'houghTransform_mutde_MulnS_4'
INFO: [RTMG 210-282] Generating pipelined core: 'houghTransform_muudo_MulnS_5'
INFO: [RTMG 210-282] Generating pipelined core: 'houghTransform_muvdy_MulnS_6'
INFO: [RTMG 210-282] Generating pipelined core: 'houghTransform_muwdI_MulnS_7'
INFO: [RTMG 210-282] Generating pipelined core: 'houghTransform_muxdS_MulnS_8'
INFO: [RTMG 210-282] Generating pipelined core: 'houghTransform_muyd2_MulnS_9'
INFO: [RTMG 210-282] Generating pipelined core: 'houghTransform_muzec_MulnS_10'
INFO: [RTMG 210-279] Implementing memory 'generic_sincos_hlcud_rom' using auto ROMs.
INFO: [RTMG 210-279] Implementing memory 'generic_sincos_hldEe_rom' using distributed ROMs.
INFO: [RTMG 210-279] Implementing memory 'generic_sincos_hleOg_rom' using distributed ROMs.
INFO: [RTMG 210-279] Implementing memory 'generic_sincos_hlfYi_rom' using distributed ROMs.
INFO: [RTMG 210-279] Implementing memory 'generic_sincos_hlg8j_rom' using distributed ROMs.
INFO: [RTMG 210-279] Implementing memory 'generic_sincos_hlhbi_rom' using distributed ROMs.
INFO: [RTMG 210-279] Implementing memory 'generic_sincos_hlibs_rom' using distributed ROMs.
INFO: [RTMG 210-279] Implementing memory 'generic_sincos_hljbC_rom' using distributed ROMs.
INFO: [RTMG 210-279] Implementing memory 'generic_sincos_hlkbM_rom' using distributed ROMs.
INFO: [RTMG 210-279] Implementing memory 'generic_sincos_hllbW_rom' using distributed ROMs.
INFO: [RTMG 210-279] Implementing memory 'generic_sincos_hlmb6_rom' using distributed ROMs.
INFO: [RTMG 210-282] Generating pipelined core: 'houghTransform_muGfk_MulnS_11'
INFO: [RTMG 210-282] Generating pipelined core: 'houghTransform_muHfu_MulnS_12'
INFO: [RTMG 210-282] Generating pipelined core: 'houghTransform_muIfE_MulnS_13'
INFO: [RTMG 210-282] Generating pipelined core: 'houghTransform_muJfO_MulnS_14'
INFO: [RTMG 210-282] Generating pipelined core: 'houghTransform_muKfY_MulnS_15'
INFO: [RTMG 210-279] Implementing memory 'sin_or_cos_doubleBew_rom' using distributed ROMs.
INFO: [RTMG 210-279] Implementing memory 'sin_or_cos_doubleCeG_rom' using distributed ROMs.
INFO: [RTMG 210-279] Implementing memory 'sin_or_cos_doubleDeQ_rom' using distributed ROMs.
INFO: [RTMG 210-279] Implementing memory 'sin_or_cos_doubleEe0_rom' using distributed ROMs.
INFO: [RTMG 210-279] Implementing memory 'sin_or_cos_doubleFfa_rom' using distributed ROMs.
INFO: [RTMG 210-279] Implementing memory 'houghTransform_maLf8_rom' using auto ROMs.
INFO: [RTMG 210-279] Implementing memory 'houghTransform_onMgi_rom' using auto ROMs.
INFO: [HLS 200-111] Finished generating all RTL models Time (s): cpu = 00:04:14 ; elapsed = 00:06:27 . Memory (MB): peak = 2376.391 ; gain = 2326.949
INFO: [SYSC 207-301] Generating SystemC RTL for houghTransform.
INFO: [VHDL 208-304] Generating VHDL RTL for houghTransform.
INFO: [VLOG 209-307] Generating Verilog RTL for houghTransform.
INFO: [HLS 200-112] Total elapsed time: 387.725 seconds; peak allocated memory: 2.092 GB.
