Unable to capture context for thread 3892 in process 7360, can not generate back trace
Unable to capture context for thread 2488 in process 7360, can not generate back trace
Unable to capture context for thread 6196 in process 7360, can not generate back trace
Exception at PC 0x00007FF8613CBB93
Printing stacktrace...

[0]  [0x00007FF8613CBB93]
[1]  [0x00007FF8613CBB93]
[2]  [0x00007FF8613CB4A1]
[3]  [0x00007FF8613CB3EF]
[4]  [0x00007FF8613B19FE]
[5]  [0x00007FF8613B0ED1]
[6]  [0x00007FF8613B0D76]
[7]  [0x00007FF8613579F6]
[8]  [0x00007FF861347AFB]
[9]  [0x00007FF86146E90A]
[10]  [0x00007FF861489F87]
[11]  [0x00007FF86148A05F]
[12] (BaseThreadInitThunk+0x14) [0x00007FF8C9ED3034]
[13] (RtlUserThreadStart+0x21) [0x00007FF8CA883691]
Done
Exception at PC 0x00007FF8610D1A52
Attemped to write at address 0x00007FF8A54DABA4
Printing stacktrace...

[0]  [0x00007FF8610D1A52]
[1]  [0x00007FF8610D1A52]
[2]  [0x00007FF8610D1AD4]
[3]  [0x00007FF861213FF7]
[4]  [0x00007FF8610F9128]
[5]  [0x00007FF8613ADFB9]
[6]  [0x00007FF86157EF23]
[7]  [0x00007FF86148B06B]
[8]  [0x00007FF8614808AF]
[9]  [0x00007FF861480A32]
[10] (RtlActivateActivationContextUnsafeFast+0x123) [0x00007FF8CA84B583]
[11] (LdrShutdownProcess+0x125) [0x00007FF8CA857F85]
[12] (RtlExitUserProcess+0xd8) [0x00007FF8CA857E48]
[13] (FatalExit+0xa) [0x00007FF8C9EDB19A]
[14] (exit+0x75) [0x00007FF8C9CB9CE5]
[15] (initterm_e+0x235) [0x00007FF8C9CBA345]
[16]  [0x00000000004014CD]
[17]  [0x000000000040151B]
[18] (BaseThreadInitThunk+0x14) [0x00007FF8C9ED3034]
[19] (RtlUserThreadStart+0x21) [0x00007FF8CA883691]
Done
