12:40:35 INFO  : Registering command handlers for SDK TCF services
12:40:36 INFO  : Launching XSCT server: xsct.bat -interactive C:\Users\au513437\Desktop\EMBD_vivado\miniproject_zybo\miniproject_zybo.sdk\temp_xsdb_launch_script.tcl
12:40:42 INFO  : XSCT server has started successfully.
12:40:43 INFO  : Successfully done setting XSCT server connection channel  
12:40:46 INFO  : Successfully done setting SDK workspace  
12:40:46 INFO  : Processing command line option -hwspec C:/Users/au513437/Desktop/EMBD_vivado/miniproject_zybo/miniproject_zybo.sdk/system_wrapper.hdf.
12:50:59 INFO  : Connected to target on host '127.0.0.1' and port '3121'.
12:52:11 INFO  : Connected to target on host '127.0.0.1' and port '3121'.
12:52:11 INFO  : 'targets -set -filter {jtag_cable_name =~ "Digilent Zybo 210279A6A756A" && level==0} -index 1' command is executed.
12:52:12 INFO  : FPGA configured successfully with bitstream "C:/Users/au513437/Desktop/EMBD_vivado/miniproject_zybo/miniproject_zybo.sdk/system_wrapper_hw_platform_0/system_wrapper.bit"
12:52:26 INFO  : ps7_init is completed.
12:52:26 INFO  : ps7_post_config is completed.
12:52:26 INFO  : Processor reset is completed for ps7_cortexa9_0
12:57:30 ERROR : Unexpected error while parsing XMD response ?: com.google.gson.JsonSyntaxException: com.google.gson.stream.MalformedJsonException: invalid number or unquoted string near 
13:04:09 INFO  : Registering command handlers for SDK TCF services
13:04:09 INFO  : Launching XSCT server: xsct.bat -interactive C:\Users\au513437\Desktop\EMBD_vivado\miniproject_zybo\miniproject_zybo.sdk\temp_xsdb_launch_script.tcl
13:04:11 INFO  : XSCT server has started successfully.
13:04:12 INFO  : Successfully done setting XSCT server connection channel  
13:04:12 INFO  : Processing command line option -hwspec C:/Users/au513437/Desktop/EMBD_vivado/miniproject_zybo/miniproject_zybo.sdk/system_wrapper.hdf.
13:04:12 INFO  : Successfully done setting SDK workspace  
13:04:12 INFO  : Checking for hwspec changes in the project system_wrapper_hw_platform_0.
13:04:14 INFO  : SDK has detected change in the last modified timestamps for source hardware specification file Source:1545048209584,  Project:1545046648659
13:04:14 INFO  : The hardware specification for project 'system_wrapper_hw_platform_0' is different from C:/Users/au513437/Desktop/EMBD_vivado/miniproject_zybo/miniproject_zybo.sdk/system_wrapper.hdf.
13:04:15 INFO  : Copied contents of C:/Users/au513437/Desktop/EMBD_vivado/miniproject_zybo/miniproject_zybo.sdk/system_wrapper.hdf into \system_wrapper_hw_platform_0\system.hdf.
13:04:19 INFO  : Synchronizing projects in the workspace with the hardware platform specification changes.
13:04:23 INFO  : 
13:04:23 INFO  : Updating hardware inferred compiler options for miniproject.
13:04:23 INFO  : Clearing existing target manager status.
13:11:33 ERROR : Unexpected error while parsing XMD response ?: com.google.gson.JsonSyntaxException: com.google.gson.stream.MalformedJsonException: invalid number or unquoted string near 
13:16:27 INFO  : Launching XSCT server: xsct.bat -interactive C:\Users\au513437\Desktop\EMBD_vivado\miniproject_zybo\miniproject_zybo.sdk\temp_xsdb_launch_script.tcl
13:16:29 INFO  : XSCT server has started successfully.
13:16:29 INFO  : Successfully done setting XSCT server connection channel  
13:16:30 INFO  : Successfully done setting SDK workspace  
13:16:35 INFO  : Registering command handlers for SDK TCF services
13:16:35 INFO  : Processing command line option -hwspec C:/Users/au513437/Desktop/EMBD_vivado/miniproject_zybo/miniproject_zybo.sdk/system_wrapper.hdf.
13:16:36 INFO  : Checking for hwspec changes in the project system_wrapper_hw_platform_0.
13:16:36 INFO  : SDK has detected change in the last modified timestamps for source hardware specification file Source:1545048925906,  Project:1545048209584
13:16:36 INFO  : The hardware specification for project 'system_wrapper_hw_platform_0' is different from C:/Users/au513437/Desktop/EMBD_vivado/miniproject_zybo/miniproject_zybo.sdk/system_wrapper.hdf.
13:16:36 INFO  : Copied contents of C:/Users/au513437/Desktop/EMBD_vivado/miniproject_zybo/miniproject_zybo.sdk/system_wrapper.hdf into \system_wrapper_hw_platform_0\system.hdf.
13:17:05 INFO  : Synchronizing projects in the workspace with the hardware platform specification changes.
13:17:09 INFO  : 
13:17:12 INFO  : 
13:17:13 INFO  : Updating hardware inferred compiler options for miniproject.
13:17:13 INFO  : Clearing existing target manager status.
13:18:52 INFO  : Project 'system_wrapper_hw_platform_1' created. You can now create BSPs and application projects targeting this hardware platform.
13:23:32 INFO  : Refreshed build settings on project miniproject
14:50:30 INFO  : Example project standalone_bsp_1_xscutimer_polled_example_1 has been created successfully.
15:07:05 INFO  : Connected to target on host '127.0.0.1' and port '3121'.
15:07:07 INFO  : 'targets -set -filter {jtag_cable_name =~ "Digilent Zybo 210279A6A756A" && level==0} -index 1' command is executed.
15:07:08 INFO  : FPGA configured successfully with bitstream "C:/Users/au513437/Desktop/EMBD_vivado/miniproject_zybo/miniproject_zybo.sdk/system_wrapper_hw_platform_0/system_wrapper.bit"
15:07:21 INFO  : Processor reset is completed for ps7_cortexa9_0
15:07:54 INFO  : Processor reset is completed for ps7_cortexa9_0
15:15:01 INFO  : Processor reset is completed for ps7_cortexa9_0
15:17:46 INFO  : Processor reset is completed for ps7_cortexa9_0
15:22:51 INFO  : Processor reset is completed for ps7_cortexa9_0
15:23:14 INFO  : Processor reset is completed for ps7_cortexa9_0
15:24:45 INFO  : Connected to target on host '127.0.0.1' and port '3121'.
15:24:45 INFO  : 'targets -set -filter {jtag_cable_name =~ "Digilent Zybo 210279A6A756A" && level==0} -index 1' command is executed.
15:24:46 INFO  : FPGA configured successfully with bitstream "C:/Users/au513437/Desktop/EMBD_vivado/miniproject_zybo/miniproject_zybo.sdk/system_wrapper_hw_platform_1/system_wrapper.bit"
15:25:08 INFO  : Processor reset is completed for ps7_cortexa9_0
15:28:00 INFO  : Processor reset is completed for ps7_cortexa9_0
15:29:53 INFO  : ps7_cortexa9_0 Processor is in use. Please stop existing Run or Debug sessions before launching.
15:29:54 INFO  : Processor reset is completed for ps7_cortexa9_0
15:35:09 INFO  : Processor reset is completed for ps7_cortexa9_0
15:35:46 INFO  : ps7_cortexa9_0 Processor is in use. Please stop existing Run or Debug sessions before launching.
15:35:48 INFO  : Processor reset is completed for ps7_cortexa9_0
15:37:40 INFO  : Processor reset is completed for ps7_cortexa9_0
15:38:14 INFO  : 'targets -set -filter {jtag_cable_name =~ "Digilent Zybo 210279A6A756A" && level==0} -index 1' command is executed.
15:38:14 INFO  : 'fpga -state' command is executed.
15:38:14 INFO  : Connected to target on host '127.0.0.1' and port '3121'.
15:38:14 INFO  : Jtag cable 'Digilent Zybo 210279A6A756A' is selected.
15:38:14 INFO  : 'jtag frequency' command is executed.
15:38:14 INFO  : Sourcing of 'C:/Users/au513437/Desktop/EMBD_vivado/miniproject_zybo/miniproject_zybo.sdk/system_wrapper_hw_platform_1/ps7_init.tcl' is done.
15:38:14 INFO  : Context for 'APU' is selected.
15:38:14 INFO  : Hardware design information is loaded from 'C:/Users/au513437/Desktop/EMBD_vivado/miniproject_zybo/miniproject_zybo.sdk/system_wrapper_hw_platform_1/system.hdf'.
15:38:14 INFO  : 'configparams force-mem-access 1' command is executed.
15:38:14 INFO  : Context for 'APU' is selected.
15:38:14 INFO  : 'stop' command is executed.
15:38:15 INFO  : 'ps7_init' command is executed.
15:38:15 INFO  : 'ps7_post_config' command is executed.
15:38:15 INFO  : Context for processor 'ps7_cortexa9_0' is selected.
15:38:15 INFO  : Processor reset is completed for 'ps7_cortexa9_0'.
15:38:15 INFO  : Context for processor 'ps7_cortexa9_0' is selected.
15:38:17 INFO  : The application 'C:/Users/au513437/Desktop/EMBD_vivado/miniproject_zybo/miniproject_zybo.sdk/miniproject/Debug/miniproject.elf' is downloaded to processor 'ps7_cortexa9_0'.
15:38:17 INFO  : 'configparams force-mem-access 0' command is executed.
15:38:17 INFO  : ----------------XSDB Script----------------
connect -url tcp:127.0.0.1:3121
source C:/Users/au513437/Desktop/EMBD_vivado/miniproject_zybo/miniproject_zybo.sdk/system_wrapper_hw_platform_1/ps7_init.tcl
targets -set -nocase -filter {name =~"APU*" && jtag_cable_name =~ "Digilent Zybo 210279A6A756A"} -index 0
loadhw -hw C:/Users/au513437/Desktop/EMBD_vivado/miniproject_zybo/miniproject_zybo.sdk/system_wrapper_hw_platform_1/system.hdf -mem-ranges [list {0x40000000 0xbfffffff}]
configparams force-mem-access 1
targets -set -nocase -filter {name =~"APU*" && jtag_cable_name =~ "Digilent Zybo 210279A6A756A"} -index 0
stop
ps7_init
ps7_post_config
targets -set -nocase -filter {name =~ "ARM*#0" && jtag_cable_name =~ "Digilent Zybo 210279A6A756A"} -index 0
rst -processor
targets -set -nocase -filter {name =~ "ARM*#0" && jtag_cable_name =~ "Digilent Zybo 210279A6A756A"} -index 0
dow C:/Users/au513437/Desktop/EMBD_vivado/miniproject_zybo/miniproject_zybo.sdk/miniproject/Debug/miniproject.elf
configparams force-mem-access 0
----------------End of Script----------------

15:38:18 INFO  : Memory regions updated for context APU
15:38:18 INFO  : Context for processor 'ps7_cortexa9_0' is selected.
15:38:18 INFO  : 'con' command is executed.
15:38:18 INFO  : ----------------XSDB Script (After Launch)----------------
targets -set -nocase -filter {name =~ "ARM*#0" && jtag_cable_name =~ "Digilent Zybo 210279A6A756A"} -index 0
con
----------------End of Script----------------

15:38:18 INFO  : Launch script is exported to file 'C:\Users\au513437\Desktop\EMBD_vivado\miniproject_zybo\miniproject_zybo.sdk\.sdk\launch_scripts\xilinx_c-c++_application_(system_debugger)\system_debugger_using_debug_miniproject.elf_on_local.tcl'
15:40:06 INFO  : Disconnected from the channel tcfchan#1.
15:40:07 INFO  : 'targets -set -filter {jtag_cable_name =~ "Digilent Zybo 210279A6A756A" && level==0} -index 1' command is executed.
15:40:07 INFO  : 'fpga -state' command is executed.
15:40:07 INFO  : Connected to target on host '127.0.0.1' and port '3121'.
15:40:07 INFO  : Jtag cable 'Digilent Zybo 210279A6A756A' is selected.
15:40:07 INFO  : 'jtag frequency' command is executed.
15:40:07 INFO  : Sourcing of 'C:/Users/au513437/Desktop/EMBD_vivado/miniproject_zybo/miniproject_zybo.sdk/system_wrapper_hw_platform_1/ps7_init.tcl' is done.
15:40:07 INFO  : Context for 'APU' is selected.
15:40:08 INFO  : Hardware design information is loaded from 'C:/Users/au513437/Desktop/EMBD_vivado/miniproject_zybo/miniproject_zybo.sdk/system_wrapper_hw_platform_1/system.hdf'.
15:40:08 INFO  : 'configparams force-mem-access 1' command is executed.
15:40:08 INFO  : Context for 'APU' is selected.
15:40:08 INFO  : 'stop' command is executed.
15:40:08 INFO  : 'ps7_init' command is executed.
15:40:08 INFO  : 'ps7_post_config' command is executed.
15:40:08 INFO  : Context for processor 'ps7_cortexa9_0' is selected.
15:40:08 INFO  : Processor reset is completed for 'ps7_cortexa9_0'.
15:40:08 INFO  : Context for processor 'ps7_cortexa9_0' is selected.
15:40:10 INFO  : The application 'C:/Users/au513437/Desktop/EMBD_vivado/miniproject_zybo/miniproject_zybo.sdk/miniproject/Debug/miniproject.elf' is downloaded to processor 'ps7_cortexa9_0'.
15:40:10 INFO  : 'configparams force-mem-access 0' command is executed.
15:40:10 INFO  : ----------------XSDB Script----------------
connect -url tcp:127.0.0.1:3121
source C:/Users/au513437/Desktop/EMBD_vivado/miniproject_zybo/miniproject_zybo.sdk/system_wrapper_hw_platform_1/ps7_init.tcl
targets -set -nocase -filter {name =~"APU*" && jtag_cable_name =~ "Digilent Zybo 210279A6A756A"} -index 0
loadhw -hw C:/Users/au513437/Desktop/EMBD_vivado/miniproject_zybo/miniproject_zybo.sdk/system_wrapper_hw_platform_1/system.hdf -mem-ranges [list {0x40000000 0xbfffffff}]
configparams force-mem-access 1
targets -set -nocase -filter {name =~"APU*" && jtag_cable_name =~ "Digilent Zybo 210279A6A756A"} -index 0
stop
ps7_init
ps7_post_config
targets -set -nocase -filter {name =~ "ARM*#0" && jtag_cable_name =~ "Digilent Zybo 210279A6A756A"} -index 0
rst -processor
targets -set -nocase -filter {name =~ "ARM*#0" && jtag_cable_name =~ "Digilent Zybo 210279A6A756A"} -index 0
dow C:/Users/au513437/Desktop/EMBD_vivado/miniproject_zybo/miniproject_zybo.sdk/miniproject/Debug/miniproject.elf
configparams force-mem-access 0
----------------End of Script----------------

15:40:10 INFO  : Memory regions updated for context APU
15:40:11 INFO  : Context for processor 'ps7_cortexa9_0' is selected.
15:40:11 INFO  : 'con' command is executed.
15:40:11 INFO  : ----------------XSDB Script (After Launch)----------------
targets -set -nocase -filter {name =~ "ARM*#0" && jtag_cable_name =~ "Digilent Zybo 210279A6A756A"} -index 0
con
----------------End of Script----------------

15:40:11 INFO  : Launch script is exported to file 'C:\Users\au513437\Desktop\EMBD_vivado\miniproject_zybo\miniproject_zybo.sdk\.sdk\launch_scripts\xilinx_c-c++_application_(system_debugger)\system_debugger_using_debug_miniproject.elf_on_local.tcl'
16:01:50 INFO  : Disconnected from the channel tcfchan#2.
16:01:53 INFO  : Processor reset is completed for ps7_cortexa9_0
16:03:16 ERROR : Unexpected error while parsing XMD response ?: com.google.gson.JsonSyntaxException: com.google.gson.stream.MalformedJsonException: invalid number or unquoted string near 
