Copyright 1986-2017 Xilinx, Inc. All Rights Reserved.
---------------------------------------------------------------------------------------------------------------------------------------------------------------------
| Tool Version : Vivado v.2017.2 (win64) Build 1909853 Thu Jun 15 18:39:09 MDT 2017
| Date         : Thu Dec 20 11:39:29 2018
| Host         : DESKTOP-ECK2RKS running 64-bit major release  (build 9200)
| Command      : report_timing_summary -warn_on_violation -max_paths 10 -file convolveMedium_timing_summary_routed.rpt -rpx convolveMedium_timing_summary_routed.rpx
| Design       : convolveMedium
| Device       : 7z010-clg400
| Speed File   : -1  PRODUCTION 1.11 2014-09-11
---------------------------------------------------------------------------------------------------------------------------------------------------------------------

Timing Summary Report

------------------------------------------------------------------------------------------------
| Timer Settings
| --------------
------------------------------------------------------------------------------------------------

  Enable Multi Corner Analysis               :  Yes
  Enable Pessimism Removal                   :  Yes
  Pessimism Removal Resolution               :  Nearest Common Node
  Enable Input Delay Default Clock           :  No
  Enable Preset / Clear Arcs                 :  No
  Disable Flight Delays                      :  No
  Ignore I/O Paths                           :  No
  Timing Early Launch at Borrowing Latches   :  false

  Corner  Analyze    Analyze    
  Name    Max Paths  Min Paths  
  ------  ---------  ---------  
  Slow    Yes        Yes        
  Fast    Yes        Yes        



check_timing report

Table of Contents
-----------------
1. checking no_clock
2. checking constant_clock
3. checking pulse_width_clock
4. checking unconstrained_internal_endpoints
5. checking no_input_delay
6. checking no_output_delay
7. checking multiple_clock
8. checking generated_clocks
9. checking loops
10. checking partial_input_delay
11. checking partial_output_delay
12. checking latch_loops

1. checking no_clock
--------------------
 There are 0 register/latch pins with no clock.


2. checking constant_clock
--------------------------
 There are 0 register/latch pins with constant_clock.


3. checking pulse_width_clock
-----------------------------
 There are 0 register/latch pins which need pulse_width check


4. checking unconstrained_internal_endpoints
--------------------------------------------
 There are 0 pins that are not constrained for maximum delay.

 There are 0 pins that are not constrained for maximum delay due to constant clock.


5. checking no_input_delay
--------------------------
 There are 78 input ports with no input delay specified. (HIGH)

 There are 0 input ports with no input delay but user has a false path constraint.


6. checking no_output_delay
---------------------------
 There are 38 ports with no output delay specified. (HIGH)

 There are 0 ports with no output delay but user has a false path constraint

 There are 0 ports with no output delay but with a timing clock defined on it or propagating through it


7. checking multiple_clock
--------------------------
 There are 0 register/latch pins with multiple clocks.


8. checking generated_clocks
----------------------------
 There are 0 generated clocks that are not connected to a clock source.


9. checking loops
-----------------
 There are 0 combinational loops in the design.


10. checking partial_input_delay
--------------------------------
 There are 0 input ports with partial input delay specified.


11. checking partial_output_delay
---------------------------------
 There are 0 ports with partial output delay specified.


12. checking latch_loops
------------------------
 There are 0 combinational latch loops in the design through latch input



------------------------------------------------------------------------------------------------
| Design Timing Summary
| ---------------------
------------------------------------------------------------------------------------------------

    WNS(ns)      TNS(ns)  TNS Failing Endpoints  TNS Total Endpoints      WHS(ns)      THS(ns)  THS Failing Endpoints  THS Total Endpoints     WPWS(ns)     TPWS(ns)  TPWS Failing Endpoints  TPWS Total Endpoints  
    -------      -------  ---------------------  -------------------      -------      -------  ---------------------  -------------------     --------     --------  ----------------------  --------------------  
      0.395        0.000                      0                 4149        0.029        0.000                      0                 4149        3.500        0.000                       0                   725  


All user specified timing constraints are met.


------------------------------------------------------------------------------------------------
| Clock Summary
| -------------
------------------------------------------------------------------------------------------------

Clock   Waveform(ns)         Period(ns)      Frequency(MHz)
-----   ------------         ----------      --------------
ap_clk  {0.000 4.000}        8.000           125.000         


------------------------------------------------------------------------------------------------
| Intra Clock Table
| -----------------
------------------------------------------------------------------------------------------------

Clock             WNS(ns)      TNS(ns)  TNS Failing Endpoints  TNS Total Endpoints      WHS(ns)      THS(ns)  THS Failing Endpoints  THS Total Endpoints     WPWS(ns)     TPWS(ns)  TPWS Failing Endpoints  TPWS Total Endpoints  
-----             -------      -------  ---------------------  -------------------      -------      -------  ---------------------  -------------------     --------     --------  ----------------------  --------------------  
ap_clk              0.395        0.000                      0                 4149        0.029        0.000                      0                 4149        3.500        0.000                       0                   725  


------------------------------------------------------------------------------------------------
| Inter Clock Table
| -----------------
------------------------------------------------------------------------------------------------

From Clock    To Clock          WNS(ns)      TNS(ns)  TNS Failing Endpoints  TNS Total Endpoints      WHS(ns)      THS(ns)  THS Failing Endpoints  THS Total Endpoints  
----------    --------          -------      -------  ---------------------  -------------------      -------      -------  ---------------------  -------------------  


------------------------------------------------------------------------------------------------
| Other Path Groups Table
| -----------------------
------------------------------------------------------------------------------------------------

Path Group    From Clock    To Clock          WNS(ns)      TNS(ns)  TNS Failing Endpoints  TNS Total Endpoints      WHS(ns)      THS(ns)  THS Failing Endpoints  THS Total Endpoints  
----------    ----------    --------          -------      -------  ---------------------  -------------------      -------      -------  ---------------------  -------------------  


------------------------------------------------------------------------------------------------
| Timing Details
| --------------
------------------------------------------------------------------------------------------------


---------------------------------------------------------------------------------------------------
From Clock:  ap_clk
  To Clock:  ap_clk

Setup :            0  Failing Endpoints,  Worst Slack        0.395ns,  Total Violation        0.000ns
Hold  :            0  Failing Endpoints,  Worst Slack        0.029ns,  Total Violation        0.000ns
PW    :            0  Failing Endpoints,  Worst Slack        3.500ns,  Total Violation        0.000ns
---------------------------------------------------------------------------------------------------


Max Delay Paths
--------------------------------------------------------------------------------------
Slack (MET) :             0.395ns  (required time - arrival time)
  Source:                 convolveMedium_mabkb_U19/convolveMedium_mabkb_DSP48_0_U/p/CLK
                            (rising edge-triggered cell DSP48E1 clocked by ap_clk  {rise@0.000ns fall@4.000ns period=8.000ns})
  Destination:            convolveMedium_macud_U18/convolveMedium_macud_DSP48_1_U/p/C[16]
                            (rising edge-triggered cell DSP48E1 clocked by ap_clk  {rise@0.000ns fall@4.000ns period=8.000ns})
  Path Group:             ap_clk
  Path Type:              Setup (Max at Slow Process Corner)
  Requirement:            8.000ns  (ap_clk rise@8.000ns - ap_clk rise@0.000ns)
  Data Path Delay:        5.837ns  (logic 4.009ns (68.686%)  route 1.828ns (31.314%))
  Logic Levels:           0  
  Clock Path Skew:        -0.032ns (DCD - SCD + CPR)
    Destination Clock Delay (DCD):    1.581ns = ( 9.581 - 8.000 ) 
    Source Clock Delay      (SCD):    1.762ns
    Clock Pessimism Removal (CPR):    0.149ns
  Clock Uncertainty:      0.035ns  ((TSJ^2 + TIJ^2)^1/2 + DJ) / 2 + PE
    Total System Jitter     (TSJ):    0.071ns
    Total Input Jitter      (TIJ):    0.000ns
    Discrete Jitter          (DJ):    0.000ns
    Phase Error              (PE):    0.000ns

    Location             Delay type                Incr(ns)  Path(ns)    Netlist Resource(s)
  -------------------------------------------------------------------    -------------------
                         (clock ap_clk rise edge)     0.000     0.000 r  
                                                      0.000     0.000 r  ap_clk (IN)
                         net (fo=733, unset)          1.762     1.762    convolveMedium_mabkb_U19/convolveMedium_mabkb_DSP48_0_U/ap_clk
    DSP48_X1Y5           DSP48E1                                      r  convolveMedium_mabkb_U19/convolveMedium_mabkb_DSP48_0_U/p/CLK
  -------------------------------------------------------------------    -------------------
    DSP48_X1Y5           DSP48E1 (Prop_dsp48e1_CLK_P[7])
                                                      4.009     5.771 r  convolveMedium_mabkb_U19/convolveMedium_mabkb_DSP48_0_U/p/P[7]
                         net (fo=41, routed)          1.828     7.598    convolveMedium_macud_U18/convolveMedium_macud_DSP48_1_U/p_1[7]
    DSP48_X1Y8           DSP48E1                                      r  convolveMedium_macud_U18/convolveMedium_macud_DSP48_1_U/p/C[16]
  -------------------------------------------------------------------    -------------------

                         (clock ap_clk rise edge)     8.000     8.000 r  
                                                      0.000     8.000 r  ap_clk (IN)
                         net (fo=733, unset)          1.581     9.581    convolveMedium_macud_U18/convolveMedium_macud_DSP48_1_U/ap_clk
    DSP48_X1Y8           DSP48E1                                      r  convolveMedium_macud_U18/convolveMedium_macud_DSP48_1_U/p/CLK
                         clock pessimism              0.149     9.730    
                         clock uncertainty           -0.035     9.694    
    DSP48_X1Y8           DSP48E1 (Setup_dsp48e1_CLK_C[16])
                                                     -1.701     7.993    convolveMedium_macud_U18/convolveMedium_macud_DSP48_1_U/p
  -------------------------------------------------------------------
                         required time                          7.993    
                         arrival time                          -7.598    
  -------------------------------------------------------------------
                         slack                                  0.395    

Slack (MET) :             0.412ns  (required time - arrival time)
  Source:                 convolveMedium_mabkb_U19/convolveMedium_mabkb_DSP48_0_U/p/CLK
                            (rising edge-triggered cell DSP48E1 clocked by ap_clk  {rise@0.000ns fall@4.000ns period=8.000ns})
  Destination:            convolveMedium_macud_U18/convolveMedium_macud_DSP48_1_U/p/C[12]
                            (rising edge-triggered cell DSP48E1 clocked by ap_clk  {rise@0.000ns fall@4.000ns period=8.000ns})
  Path Group:             ap_clk
  Path Type:              Setup (Max at Slow Process Corner)
  Requirement:            8.000ns  (ap_clk rise@8.000ns - ap_clk rise@0.000ns)
  Data Path Delay:        5.819ns  (logic 4.009ns (68.893%)  route 1.810ns (31.107%))
  Logic Levels:           0  
  Clock Path Skew:        -0.032ns (DCD - SCD + CPR)
    Destination Clock Delay (DCD):    1.581ns = ( 9.581 - 8.000 ) 
    Source Clock Delay      (SCD):    1.762ns
    Clock Pessimism Removal (CPR):    0.149ns
  Clock Uncertainty:      0.035ns  ((TSJ^2 + TIJ^2)^1/2 + DJ) / 2 + PE
    Total System Jitter     (TSJ):    0.071ns
    Total Input Jitter      (TIJ):    0.000ns
    Discrete Jitter          (DJ):    0.000ns
    Phase Error              (PE):    0.000ns

    Location             Delay type                Incr(ns)  Path(ns)    Netlist Resource(s)
  -------------------------------------------------------------------    -------------------
                         (clock ap_clk rise edge)     0.000     0.000 r  
                                                      0.000     0.000 r  ap_clk (IN)
                         net (fo=733, unset)          1.762     1.762    convolveMedium_mabkb_U19/convolveMedium_mabkb_DSP48_0_U/ap_clk
    DSP48_X1Y5           DSP48E1                                      r  convolveMedium_mabkb_U19/convolveMedium_mabkb_DSP48_0_U/p/CLK
  -------------------------------------------------------------------    -------------------
    DSP48_X1Y5           DSP48E1 (Prop_dsp48e1_CLK_P[7])
                                                      4.009     5.771 r  convolveMedium_mabkb_U19/convolveMedium_mabkb_DSP48_0_U/p/P[7]
                         net (fo=41, routed)          1.810     7.581    convolveMedium_macud_U18/convolveMedium_macud_DSP48_1_U/p_1[7]
    DSP48_X1Y8           DSP48E1                                      r  convolveMedium_macud_U18/convolveMedium_macud_DSP48_1_U/p/C[12]
  -------------------------------------------------------------------    -------------------

                         (clock ap_clk rise edge)     8.000     8.000 r  
                                                      0.000     8.000 r  ap_clk (IN)
                         net (fo=733, unset)          1.581     9.581    convolveMedium_macud_U18/convolveMedium_macud_DSP48_1_U/ap_clk
    DSP48_X1Y8           DSP48E1                                      r  convolveMedium_macud_U18/convolveMedium_macud_DSP48_1_U/p/CLK
                         clock pessimism              0.149     9.730    
                         clock uncertainty           -0.035     9.694    
    DSP48_X1Y8           DSP48E1 (Setup_dsp48e1_CLK_C[12])
                                                     -1.701     7.993    convolveMedium_macud_U18/convolveMedium_macud_DSP48_1_U/p
  -------------------------------------------------------------------
                         required time                          7.993    
                         arrival time                          -7.581    
  -------------------------------------------------------------------
                         slack                                  0.412    

Slack (MET) :             0.412ns  (required time - arrival time)
  Source:                 convolveMedium_mabkb_U19/convolveMedium_mabkb_DSP48_0_U/p/CLK
                            (rising edge-triggered cell DSP48E1 clocked by ap_clk  {rise@0.000ns fall@4.000ns period=8.000ns})
  Destination:            convolveMedium_macud_U18/convolveMedium_macud_DSP48_1_U/p/C[37]
                            (rising edge-triggered cell DSP48E1 clocked by ap_clk  {rise@0.000ns fall@4.000ns period=8.000ns})
  Path Group:             ap_clk
  Path Type:              Setup (Max at Slow Process Corner)
  Requirement:            8.000ns  (ap_clk rise@8.000ns - ap_clk rise@0.000ns)
  Data Path Delay:        5.819ns  (logic 4.009ns (68.893%)  route 1.810ns (31.107%))
  Logic Levels:           0  
  Clock Path Skew:        -0.032ns (DCD - SCD + CPR)
    Destination Clock Delay (DCD):    1.581ns = ( 9.581 - 8.000 ) 
    Source Clock Delay      (SCD):    1.762ns
    Clock Pessimism Removal (CPR):    0.149ns
  Clock Uncertainty:      0.035ns  ((TSJ^2 + TIJ^2)^1/2 + DJ) / 2 + PE
    Total System Jitter     (TSJ):    0.071ns
    Total Input Jitter      (TIJ):    0.000ns
    Discrete Jitter          (DJ):    0.000ns
    Phase Error              (PE):    0.000ns

    Location             Delay type                Incr(ns)  Path(ns)    Netlist Resource(s)
  -------------------------------------------------------------------    -------------------
                         (clock ap_clk rise edge)     0.000     0.000 r  
                                                      0.000     0.000 r  ap_clk (IN)
                         net (fo=733, unset)          1.762     1.762    convolveMedium_mabkb_U19/convolveMedium_mabkb_DSP48_0_U/ap_clk
    DSP48_X1Y5           DSP48E1                                      r  convolveMedium_mabkb_U19/convolveMedium_mabkb_DSP48_0_U/p/CLK
  -------------------------------------------------------------------    -------------------
    DSP48_X1Y5           DSP48E1 (Prop_dsp48e1_CLK_P[7])
                                                      4.009     5.771 r  convolveMedium_mabkb_U19/convolveMedium_mabkb_DSP48_0_U/p/P[7]
                         net (fo=41, routed)          1.810     7.581    convolveMedium_macud_U18/convolveMedium_macud_DSP48_1_U/p_1[7]
    DSP48_X1Y8           DSP48E1                                      r  convolveMedium_macud_U18/convolveMedium_macud_DSP48_1_U/p/C[37]
  -------------------------------------------------------------------    -------------------

                         (clock ap_clk rise edge)     8.000     8.000 r  
                                                      0.000     8.000 r  ap_clk (IN)
                         net (fo=733, unset)          1.581     9.581    convolveMedium_macud_U18/convolveMedium_macud_DSP48_1_U/ap_clk
    DSP48_X1Y8           DSP48E1                                      r  convolveMedium_macud_U18/convolveMedium_macud_DSP48_1_U/p/CLK
                         clock pessimism              0.149     9.730    
                         clock uncertainty           -0.035     9.694    
    DSP48_X1Y8           DSP48E1 (Setup_dsp48e1_CLK_C[37])
                                                     -1.701     7.993    convolveMedium_macud_U18/convolveMedium_macud_DSP48_1_U/p
  -------------------------------------------------------------------
                         required time                          7.993    
                         arrival time                          -7.581    
  -------------------------------------------------------------------
                         slack                                  0.412    

Slack (MET) :             0.436ns  (required time - arrival time)
  Source:                 convolveMedium_mabkb_U19/convolveMedium_mabkb_DSP48_0_U/p/CLK
                            (rising edge-triggered cell DSP48E1 clocked by ap_clk  {rise@0.000ns fall@4.000ns period=8.000ns})
  Destination:            convolveMedium_macud_U18/convolveMedium_macud_DSP48_1_U/p/C[17]
                            (rising edge-triggered cell DSP48E1 clocked by ap_clk  {rise@0.000ns fall@4.000ns period=8.000ns})
  Path Group:             ap_clk
  Path Type:              Setup (Max at Slow Process Corner)
  Requirement:            8.000ns  (ap_clk rise@8.000ns - ap_clk rise@0.000ns)
  Data Path Delay:        5.795ns  (logic 4.009ns (69.177%)  route 1.786ns (30.823%))
  Logic Levels:           0  
  Clock Path Skew:        -0.032ns (DCD - SCD + CPR)
    Destination Clock Delay (DCD):    1.581ns = ( 9.581 - 8.000 ) 
    Source Clock Delay      (SCD):    1.762ns
    Clock Pessimism Removal (CPR):    0.149ns
  Clock Uncertainty:      0.035ns  ((TSJ^2 + TIJ^2)^1/2 + DJ) / 2 + PE
    Total System Jitter     (TSJ):    0.071ns
    Total Input Jitter      (TIJ):    0.000ns
    Discrete Jitter          (DJ):    0.000ns
    Phase Error              (PE):    0.000ns

    Location             Delay type                Incr(ns)  Path(ns)    Netlist Resource(s)
  -------------------------------------------------------------------    -------------------
                         (clock ap_clk rise edge)     0.000     0.000 r  
                                                      0.000     0.000 r  ap_clk (IN)
                         net (fo=733, unset)          1.762     1.762    convolveMedium_mabkb_U19/convolveMedium_mabkb_DSP48_0_U/ap_clk
    DSP48_X1Y5           DSP48E1                                      r  convolveMedium_mabkb_U19/convolveMedium_mabkb_DSP48_0_U/p/CLK
  -------------------------------------------------------------------    -------------------
    DSP48_X1Y5           DSP48E1 (Prop_dsp48e1_CLK_P[7])
                                                      4.009     5.771 r  convolveMedium_mabkb_U19/convolveMedium_mabkb_DSP48_0_U/p/P[7]
                         net (fo=41, routed)          1.786     7.557    convolveMedium_macud_U18/convolveMedium_macud_DSP48_1_U/p_1[7]
    DSP48_X1Y8           DSP48E1                                      r  convolveMedium_macud_U18/convolveMedium_macud_DSP48_1_U/p/C[17]
  -------------------------------------------------------------------    -------------------

                         (clock ap_clk rise edge)     8.000     8.000 r  
                                                      0.000     8.000 r  ap_clk (IN)
                         net (fo=733, unset)          1.581     9.581    convolveMedium_macud_U18/convolveMedium_macud_DSP48_1_U/ap_clk
    DSP48_X1Y8           DSP48E1                                      r  convolveMedium_macud_U18/convolveMedium_macud_DSP48_1_U/p/CLK
                         clock pessimism              0.149     9.730    
                         clock uncertainty           -0.035     9.694    
    DSP48_X1Y8           DSP48E1 (Setup_dsp48e1_CLK_C[17])
                                                     -1.701     7.993    convolveMedium_macud_U18/convolveMedium_macud_DSP48_1_U/p
  -------------------------------------------------------------------
                         required time                          7.993    
                         arrival time                          -7.557    
  -------------------------------------------------------------------
                         slack                                  0.436    

Slack (MET) :             0.436ns  (required time - arrival time)
  Source:                 convolveMedium_mabkb_U19/convolveMedium_mabkb_DSP48_0_U/p/CLK
                            (rising edge-triggered cell DSP48E1 clocked by ap_clk  {rise@0.000ns fall@4.000ns period=8.000ns})
  Destination:            convolveMedium_macud_U18/convolveMedium_macud_DSP48_1_U/p/C[39]
                            (rising edge-triggered cell DSP48E1 clocked by ap_clk  {rise@0.000ns fall@4.000ns period=8.000ns})
  Path Group:             ap_clk
  Path Type:              Setup (Max at Slow Process Corner)
  Requirement:            8.000ns  (ap_clk rise@8.000ns - ap_clk rise@0.000ns)
  Data Path Delay:        5.795ns  (logic 4.009ns (69.177%)  route 1.786ns (30.823%))
  Logic Levels:           0  
  Clock Path Skew:        -0.032ns (DCD - SCD + CPR)
    Destination Clock Delay (DCD):    1.581ns = ( 9.581 - 8.000 ) 
    Source Clock Delay      (SCD):    1.762ns
    Clock Pessimism Removal (CPR):    0.149ns
  Clock Uncertainty:      0.035ns  ((TSJ^2 + TIJ^2)^1/2 + DJ) / 2 + PE
    Total System Jitter     (TSJ):    0.071ns
    Total Input Jitter      (TIJ):    0.000ns
    Discrete Jitter          (DJ):    0.000ns
    Phase Error              (PE):    0.000ns

    Location             Delay type                Incr(ns)  Path(ns)    Netlist Resource(s)
  -------------------------------------------------------------------    -------------------
                         (clock ap_clk rise edge)     0.000     0.000 r  
                                                      0.000     0.000 r  ap_clk (IN)
                         net (fo=733, unset)          1.762     1.762    convolveMedium_mabkb_U19/convolveMedium_mabkb_DSP48_0_U/ap_clk
    DSP48_X1Y5           DSP48E1                                      r  convolveMedium_mabkb_U19/convolveMedium_mabkb_DSP48_0_U/p/CLK
  -------------------------------------------------------------------    -------------------
    DSP48_X1Y5           DSP48E1 (Prop_dsp48e1_CLK_P[7])
                                                      4.009     5.771 r  convolveMedium_mabkb_U19/convolveMedium_mabkb_DSP48_0_U/p/P[7]
                         net (fo=41, routed)          1.786     7.557    convolveMedium_macud_U18/convolveMedium_macud_DSP48_1_U/p_1[7]
    DSP48_X1Y8           DSP48E1                                      r  convolveMedium_macud_U18/convolveMedium_macud_DSP48_1_U/p/C[39]
  -------------------------------------------------------------------    -------------------

                         (clock ap_clk rise edge)     8.000     8.000 r  
                                                      0.000     8.000 r  ap_clk (IN)
                         net (fo=733, unset)          1.581     9.581    convolveMedium_macud_U18/convolveMedium_macud_DSP48_1_U/ap_clk
    DSP48_X1Y8           DSP48E1                                      r  convolveMedium_macud_U18/convolveMedium_macud_DSP48_1_U/p/CLK
                         clock pessimism              0.149     9.730    
                         clock uncertainty           -0.035     9.694    
    DSP48_X1Y8           DSP48E1 (Setup_dsp48e1_CLK_C[39])
                                                     -1.701     7.993    convolveMedium_macud_U18/convolveMedium_macud_DSP48_1_U/p
  -------------------------------------------------------------------
                         required time                          7.993    
                         arrival time                          -7.557    
  -------------------------------------------------------------------
                         slack                                  0.436    

Slack (MET) :             0.436ns  (required time - arrival time)
  Source:                 convolveMedium_mabkb_U19/convolveMedium_mabkb_DSP48_0_U/p/CLK
                            (rising edge-triggered cell DSP48E1 clocked by ap_clk  {rise@0.000ns fall@4.000ns period=8.000ns})
  Destination:            convolveMedium_macud_U18/convolveMedium_macud_DSP48_1_U/p/C[44]
                            (rising edge-triggered cell DSP48E1 clocked by ap_clk  {rise@0.000ns fall@4.000ns period=8.000ns})
  Path Group:             ap_clk
  Path Type:              Setup (Max at Slow Process Corner)
  Requirement:            8.000ns  (ap_clk rise@8.000ns - ap_clk rise@0.000ns)
  Data Path Delay:        5.795ns  (logic 4.009ns (69.177%)  route 1.786ns (30.823%))
  Logic Levels:           0  
  Clock Path Skew:        -0.032ns (DCD - SCD + CPR)
    Destination Clock Delay (DCD):    1.581ns = ( 9.581 - 8.000 ) 
    Source Clock Delay      (SCD):    1.762ns
    Clock Pessimism Removal (CPR):    0.149ns
  Clock Uncertainty:      0.035ns  ((TSJ^2 + TIJ^2)^1/2 + DJ) / 2 + PE
    Total System Jitter     (TSJ):    0.071ns
    Total Input Jitter      (TIJ):    0.000ns
    Discrete Jitter          (DJ):    0.000ns
    Phase Error              (PE):    0.000ns

    Location             Delay type                Incr(ns)  Path(ns)    Netlist Resource(s)
  -------------------------------------------------------------------    -------------------
                         (clock ap_clk rise edge)     0.000     0.000 r  
                                                      0.000     0.000 r  ap_clk (IN)
                         net (fo=733, unset)          1.762     1.762    convolveMedium_mabkb_U19/convolveMedium_mabkb_DSP48_0_U/ap_clk
    DSP48_X1Y5           DSP48E1                                      r  convolveMedium_mabkb_U19/convolveMedium_mabkb_DSP48_0_U/p/CLK
  -------------------------------------------------------------------    -------------------
    DSP48_X1Y5           DSP48E1 (Prop_dsp48e1_CLK_P[7])
                                                      4.009     5.771 r  convolveMedium_mabkb_U19/convolveMedium_mabkb_DSP48_0_U/p/P[7]
                         net (fo=41, routed)          1.786     7.557    convolveMedium_macud_U18/convolveMedium_macud_DSP48_1_U/p_1[7]
    DSP48_X1Y8           DSP48E1                                      r  convolveMedium_macud_U18/convolveMedium_macud_DSP48_1_U/p/C[44]
  -------------------------------------------------------------------    -------------------

                         (clock ap_clk rise edge)     8.000     8.000 r  
                                                      0.000     8.000 r  ap_clk (IN)
                         net (fo=733, unset)          1.581     9.581    convolveMedium_macud_U18/convolveMedium_macud_DSP48_1_U/ap_clk
    DSP48_X1Y8           DSP48E1                                      r  convolveMedium_macud_U18/convolveMedium_macud_DSP48_1_U/p/CLK
                         clock pessimism              0.149     9.730    
                         clock uncertainty           -0.035     9.694    
    DSP48_X1Y8           DSP48E1 (Setup_dsp48e1_CLK_C[44])
                                                     -1.701     7.993    convolveMedium_macud_U18/convolveMedium_macud_DSP48_1_U/p
  -------------------------------------------------------------------
                         required time                          7.993    
                         arrival time                          -7.557    
  -------------------------------------------------------------------
                         slack                                  0.436    

Slack (MET) :             0.436ns  (required time - arrival time)
  Source:                 convolveMedium_mabkb_U19/convolveMedium_mabkb_DSP48_0_U/p/CLK
                            (rising edge-triggered cell DSP48E1 clocked by ap_clk  {rise@0.000ns fall@4.000ns period=8.000ns})
  Destination:            convolveMedium_macud_U18/convolveMedium_macud_DSP48_1_U/p/C[46]
                            (rising edge-triggered cell DSP48E1 clocked by ap_clk  {rise@0.000ns fall@4.000ns period=8.000ns})
  Path Group:             ap_clk
  Path Type:              Setup (Max at Slow Process Corner)
  Requirement:            8.000ns  (ap_clk rise@8.000ns - ap_clk rise@0.000ns)
  Data Path Delay:        5.795ns  (logic 4.009ns (69.177%)  route 1.786ns (30.823%))
  Logic Levels:           0  
  Clock Path Skew:        -0.032ns (DCD - SCD + CPR)
    Destination Clock Delay (DCD):    1.581ns = ( 9.581 - 8.000 ) 
    Source Clock Delay      (SCD):    1.762ns
    Clock Pessimism Removal (CPR):    0.149ns
  Clock Uncertainty:      0.035ns  ((TSJ^2 + TIJ^2)^1/2 + DJ) / 2 + PE
    Total System Jitter     (TSJ):    0.071ns
    Total Input Jitter      (TIJ):    0.000ns
    Discrete Jitter          (DJ):    0.000ns
    Phase Error              (PE):    0.000ns

    Location             Delay type                Incr(ns)  Path(ns)    Netlist Resource(s)
  -------------------------------------------------------------------    -------------------
                         (clock ap_clk rise edge)     0.000     0.000 r  
                                                      0.000     0.000 r  ap_clk (IN)
                         net (fo=733, unset)          1.762     1.762    convolveMedium_mabkb_U19/convolveMedium_mabkb_DSP48_0_U/ap_clk
    DSP48_X1Y5           DSP48E1                                      r  convolveMedium_mabkb_U19/convolveMedium_mabkb_DSP48_0_U/p/CLK
  -------------------------------------------------------------------    -------------------
    DSP48_X1Y5           DSP48E1 (Prop_dsp48e1_CLK_P[7])
                                                      4.009     5.771 r  convolveMedium_mabkb_U19/convolveMedium_mabkb_DSP48_0_U/p/P[7]
                         net (fo=41, routed)          1.786     7.557    convolveMedium_macud_U18/convolveMedium_macud_DSP48_1_U/p_1[7]
    DSP48_X1Y8           DSP48E1                                      r  convolveMedium_macud_U18/convolveMedium_macud_DSP48_1_U/p/C[46]
  -------------------------------------------------------------------    -------------------

                         (clock ap_clk rise edge)     8.000     8.000 r  
                                                      0.000     8.000 r  ap_clk (IN)
                         net (fo=733, unset)          1.581     9.581    convolveMedium_macud_U18/convolveMedium_macud_DSP48_1_U/ap_clk
    DSP48_X1Y8           DSP48E1                                      r  convolveMedium_macud_U18/convolveMedium_macud_DSP48_1_U/p/CLK
                         clock pessimism              0.149     9.730    
                         clock uncertainty           -0.035     9.694    
    DSP48_X1Y8           DSP48E1 (Setup_dsp48e1_CLK_C[46])
                                                     -1.701     7.993    convolveMedium_macud_U18/convolveMedium_macud_DSP48_1_U/p
  -------------------------------------------------------------------
                         required time                          7.993    
                         arrival time                          -7.557    
  -------------------------------------------------------------------
                         slack                                  0.436    

Slack (MET) :             0.454ns  (required time - arrival time)
  Source:                 convolveMedium_mabkb_U19/convolveMedium_mabkb_DSP48_0_U/p/CLK
                            (rising edge-triggered cell DSP48E1 clocked by ap_clk  {rise@0.000ns fall@4.000ns period=8.000ns})
  Destination:            convolveMedium_macud_U18/convolveMedium_macud_DSP48_1_U/p/C[19]
                            (rising edge-triggered cell DSP48E1 clocked by ap_clk  {rise@0.000ns fall@4.000ns period=8.000ns})
  Path Group:             ap_clk
  Path Type:              Setup (Max at Slow Process Corner)
  Requirement:            8.000ns  (ap_clk rise@8.000ns - ap_clk rise@0.000ns)
  Data Path Delay:        5.778ns  (logic 4.009ns (69.387%)  route 1.769ns (30.613%))
  Logic Levels:           0  
  Clock Path Skew:        -0.032ns (DCD - SCD + CPR)
    Destination Clock Delay (DCD):    1.581ns = ( 9.581 - 8.000 ) 
    Source Clock Delay      (SCD):    1.762ns
    Clock Pessimism Removal (CPR):    0.149ns
  Clock Uncertainty:      0.035ns  ((TSJ^2 + TIJ^2)^1/2 + DJ) / 2 + PE
    Total System Jitter     (TSJ):    0.071ns
    Total Input Jitter      (TIJ):    0.000ns
    Discrete Jitter          (DJ):    0.000ns
    Phase Error              (PE):    0.000ns

    Location             Delay type                Incr(ns)  Path(ns)    Netlist Resource(s)
  -------------------------------------------------------------------    -------------------
                         (clock ap_clk rise edge)     0.000     0.000 r  
                                                      0.000     0.000 r  ap_clk (IN)
                         net (fo=733, unset)          1.762     1.762    convolveMedium_mabkb_U19/convolveMedium_mabkb_DSP48_0_U/ap_clk
    DSP48_X1Y5           DSP48E1                                      r  convolveMedium_mabkb_U19/convolveMedium_mabkb_DSP48_0_U/p/CLK
  -------------------------------------------------------------------    -------------------
    DSP48_X1Y5           DSP48E1 (Prop_dsp48e1_CLK_P[7])
                                                      4.009     5.771 r  convolveMedium_mabkb_U19/convolveMedium_mabkb_DSP48_0_U/p/P[7]
                         net (fo=41, routed)          1.769     7.539    convolveMedium_macud_U18/convolveMedium_macud_DSP48_1_U/p_1[7]
    DSP48_X1Y8           DSP48E1                                      r  convolveMedium_macud_U18/convolveMedium_macud_DSP48_1_U/p/C[19]
  -------------------------------------------------------------------    -------------------

                         (clock ap_clk rise edge)     8.000     8.000 r  
                                                      0.000     8.000 r  ap_clk (IN)
                         net (fo=733, unset)          1.581     9.581    convolveMedium_macud_U18/convolveMedium_macud_DSP48_1_U/ap_clk
    DSP48_X1Y8           DSP48E1                                      r  convolveMedium_macud_U18/convolveMedium_macud_DSP48_1_U/p/CLK
                         clock pessimism              0.149     9.730    
                         clock uncertainty           -0.035     9.694    
    DSP48_X1Y8           DSP48E1 (Setup_dsp48e1_CLK_C[19])
                                                     -1.701     7.993    convolveMedium_macud_U18/convolveMedium_macud_DSP48_1_U/p
  -------------------------------------------------------------------
                         required time                          7.993    
                         arrival time                          -7.539    
  -------------------------------------------------------------------
                         slack                                  0.454    

Slack (MET) :             0.454ns  (required time - arrival time)
  Source:                 convolveMedium_mabkb_U19/convolveMedium_mabkb_DSP48_0_U/p/CLK
                            (rising edge-triggered cell DSP48E1 clocked by ap_clk  {rise@0.000ns fall@4.000ns period=8.000ns})
  Destination:            convolveMedium_macud_U18/convolveMedium_macud_DSP48_1_U/p/C[47]
                            (rising edge-triggered cell DSP48E1 clocked by ap_clk  {rise@0.000ns fall@4.000ns period=8.000ns})
  Path Group:             ap_clk
  Path Type:              Setup (Max at Slow Process Corner)
  Requirement:            8.000ns  (ap_clk rise@8.000ns - ap_clk rise@0.000ns)
  Data Path Delay:        5.778ns  (logic 4.009ns (69.387%)  route 1.769ns (30.613%))
  Logic Levels:           0  
  Clock Path Skew:        -0.032ns (DCD - SCD + CPR)
    Destination Clock Delay (DCD):    1.581ns = ( 9.581 - 8.000 ) 
    Source Clock Delay      (SCD):    1.762ns
    Clock Pessimism Removal (CPR):    0.149ns
  Clock Uncertainty:      0.035ns  ((TSJ^2 + TIJ^2)^1/2 + DJ) / 2 + PE
    Total System Jitter     (TSJ):    0.071ns
    Total Input Jitter      (TIJ):    0.000ns
    Discrete Jitter          (DJ):    0.000ns
    Phase Error              (PE):    0.000ns

    Location             Delay type                Incr(ns)  Path(ns)    Netlist Resource(s)
  -------------------------------------------------------------------    -------------------
                         (clock ap_clk rise edge)     0.000     0.000 r  
                                                      0.000     0.000 r  ap_clk (IN)
                         net (fo=733, unset)          1.762     1.762    convolveMedium_mabkb_U19/convolveMedium_mabkb_DSP48_0_U/ap_clk
    DSP48_X1Y5           DSP48E1                                      r  convolveMedium_mabkb_U19/convolveMedium_mabkb_DSP48_0_U/p/CLK
  -------------------------------------------------------------------    -------------------
    DSP48_X1Y5           DSP48E1 (Prop_dsp48e1_CLK_P[7])
                                                      4.009     5.771 r  convolveMedium_mabkb_U19/convolveMedium_mabkb_DSP48_0_U/p/P[7]
                         net (fo=41, routed)          1.769     7.539    convolveMedium_macud_U18/convolveMedium_macud_DSP48_1_U/p_1[7]
    DSP48_X1Y8           DSP48E1                                      r  convolveMedium_macud_U18/convolveMedium_macud_DSP48_1_U/p/C[47]
  -------------------------------------------------------------------    -------------------

                         (clock ap_clk rise edge)     8.000     8.000 r  
                                                      0.000     8.000 r  ap_clk (IN)
                         net (fo=733, unset)          1.581     9.581    convolveMedium_macud_U18/convolveMedium_macud_DSP48_1_U/ap_clk
    DSP48_X1Y8           DSP48E1                                      r  convolveMedium_macud_U18/convolveMedium_macud_DSP48_1_U/p/CLK
                         clock pessimism              0.149     9.730    
                         clock uncertainty           -0.035     9.694    
    DSP48_X1Y8           DSP48E1 (Setup_dsp48e1_CLK_C[47])
                                                     -1.701     7.993    convolveMedium_macud_U18/convolveMedium_macud_DSP48_1_U/p
  -------------------------------------------------------------------
                         required time                          7.993    
                         arrival time                          -7.539    
  -------------------------------------------------------------------
                         slack                                  0.454    

Slack (MET) :             0.457ns  (required time - arrival time)
  Source:                 convolveMedium_mabkb_U19/convolveMedium_mabkb_DSP48_0_U/p/CLK
                            (rising edge-triggered cell DSP48E1 clocked by ap_clk  {rise@0.000ns fall@4.000ns period=8.000ns})
  Destination:            convolveMedium_macud_U18/convolveMedium_macud_DSP48_1_U/p/C[14]
                            (rising edge-triggered cell DSP48E1 clocked by ap_clk  {rise@0.000ns fall@4.000ns period=8.000ns})
  Path Group:             ap_clk
  Path Type:              Setup (Max at Slow Process Corner)
  Requirement:            8.000ns  (ap_clk rise@8.000ns - ap_clk rise@0.000ns)
  Data Path Delay:        5.774ns  (logic 4.009ns (69.429%)  route 1.765ns (30.571%))
  Logic Levels:           0  
  Clock Path Skew:        -0.032ns (DCD - SCD + CPR)
    Destination Clock Delay (DCD):    1.581ns = ( 9.581 - 8.000 ) 
    Source Clock Delay      (SCD):    1.762ns
    Clock Pessimism Removal (CPR):    0.149ns
  Clock Uncertainty:      0.035ns  ((TSJ^2 + TIJ^2)^1/2 + DJ) / 2 + PE
    Total System Jitter     (TSJ):    0.071ns
    Total Input Jitter      (TIJ):    0.000ns
    Discrete Jitter          (DJ):    0.000ns
    Phase Error              (PE):    0.000ns

    Location             Delay type                Incr(ns)  Path(ns)    Netlist Resource(s)
  -------------------------------------------------------------------    -------------------
                         (clock ap_clk rise edge)     0.000     0.000 r  
                                                      0.000     0.000 r  ap_clk (IN)
                         net (fo=733, unset)          1.762     1.762    convolveMedium_mabkb_U19/convolveMedium_mabkb_DSP48_0_U/ap_clk
    DSP48_X1Y5           DSP48E1                                      r  convolveMedium_mabkb_U19/convolveMedium_mabkb_DSP48_0_U/p/CLK
  -------------------------------------------------------------------    -------------------
    DSP48_X1Y5           DSP48E1 (Prop_dsp48e1_CLK_P[7])
                                                      4.009     5.771 r  convolveMedium_mabkb_U19/convolveMedium_mabkb_DSP48_0_U/p/P[7]
                         net (fo=41, routed)          1.765     7.536    convolveMedium_macud_U18/convolveMedium_macud_DSP48_1_U/p_1[7]
    DSP48_X1Y8           DSP48E1                                      r  convolveMedium_macud_U18/convolveMedium_macud_DSP48_1_U/p/C[14]
  -------------------------------------------------------------------    -------------------

                         (clock ap_clk rise edge)     8.000     8.000 r  
                                                      0.000     8.000 r  ap_clk (IN)
                         net (fo=733, unset)          1.581     9.581    convolveMedium_macud_U18/convolveMedium_macud_DSP48_1_U/ap_clk
    DSP48_X1Y8           DSP48E1                                      r  convolveMedium_macud_U18/convolveMedium_macud_DSP48_1_U/p/CLK
                         clock pessimism              0.149     9.730    
                         clock uncertainty           -0.035     9.694    
    DSP48_X1Y8           DSP48E1 (Setup_dsp48e1_CLK_C[14])
                                                     -1.701     7.993    convolveMedium_macud_U18/convolveMedium_macud_DSP48_1_U/p
  -------------------------------------------------------------------
                         required time                          7.993    
                         arrival time                          -7.536    
  -------------------------------------------------------------------
                         slack                                  0.457    





Min Delay Paths
--------------------------------------------------------------------------------------
Slack (MET) :             0.029ns  (arrival time - required time)
  Source:                 tmp_1_reg_1024_reg[6]/C
                            (rising edge-triggered cell FDRE clocked by ap_clk  {rise@0.000ns fall@4.000ns period=8.000ns})
  Destination:            tmp_18_cast_cast_reg_1029_reg[6]/D
                            (rising edge-triggered cell FDRE clocked by ap_clk  {rise@0.000ns fall@4.000ns period=8.000ns})
  Path Group:             ap_clk
  Path Type:              Hold (Min at Fast Process Corner)
  Requirement:            0.000ns  (ap_clk rise@0.000ns - ap_clk rise@0.000ns)
  Data Path Delay:        0.366ns  (logic 0.141ns (38.484%)  route 0.225ns (61.516%))
  Logic Levels:           0  
  Clock Path Skew:        0.261ns (DCD - SCD - CPR)
    Destination Clock Delay (DCD):    0.815ns
    Source Clock Delay      (SCD):    0.549ns
    Clock Pessimism Removal (CPR):    0.005ns

    Location             Delay type                Incr(ns)  Path(ns)    Netlist Resource(s)
  -------------------------------------------------------------------    -------------------
                         (clock ap_clk rise edge)     0.000     0.000 r  
                                                      0.000     0.000 r  ap_clk (IN)
                         net (fo=733, unset)          0.549     0.549    ap_clk
    SLICE_X21Y26         FDRE                                         r  tmp_1_reg_1024_reg[6]/C
  -------------------------------------------------------------------    -------------------
    SLICE_X21Y26         FDRE (Prop_fdre_C_Q)         0.141     0.690 r  tmp_1_reg_1024_reg[6]/Q
                         net (fo=2, routed)           0.225     0.915    tmp_1_reg_1024_reg_n_0_[6]
    SLICE_X25Y26         FDRE                                         r  tmp_18_cast_cast_reg_1029_reg[6]/D
  -------------------------------------------------------------------    -------------------

                         (clock ap_clk rise edge)     0.000     0.000 r  
                                                      0.000     0.000 r  ap_clk (IN)
                         net (fo=733, unset)          0.815     0.815    ap_clk
    SLICE_X25Y26         FDRE                                         r  tmp_18_cast_cast_reg_1029_reg[6]/C
                         clock pessimism             -0.005     0.810    
    SLICE_X25Y26         FDRE (Hold_fdre_C_D)         0.076     0.886    tmp_18_cast_cast_reg_1029_reg[6]
  -------------------------------------------------------------------
                         required time                         -0.886    
                         arrival time                           0.915    
  -------------------------------------------------------------------
                         slack                                  0.029    

Slack (MET) :             0.047ns  (arrival time - required time)
  Source:                 r1_reg_338_reg[7]/C
                            (rising edge-triggered cell FDRE clocked by ap_clk  {rise@0.000ns fall@4.000ns period=8.000ns})
  Destination:            tmp_8_cast_reg_990_reg[15]/D
                            (rising edge-triggered cell FDRE clocked by ap_clk  {rise@0.000ns fall@4.000ns period=8.000ns})
  Path Group:             ap_clk
  Path Type:              Hold (Min at Fast Process Corner)
  Requirement:            0.000ns  (ap_clk rise@0.000ns - ap_clk rise@0.000ns)
  Data Path Delay:        0.404ns  (logic 0.186ns (46.032%)  route 0.218ns (53.968%))
  Logic Levels:           1  (LUT3=1)
  Clock Path Skew:        0.265ns (DCD - SCD - CPR)
    Destination Clock Delay (DCD):    0.821ns
    Source Clock Delay      (SCD):    0.551ns
    Clock Pessimism Removal (CPR):    0.005ns

    Location             Delay type                Incr(ns)  Path(ns)    Netlist Resource(s)
  -------------------------------------------------------------------    -------------------
                         (clock ap_clk rise edge)     0.000     0.000 r  
                                                      0.000     0.000 r  ap_clk (IN)
                         net (fo=733, unset)          0.551     0.551    ap_clk
    SLICE_X22Y28         FDRE                                         r  r1_reg_338_reg[7]/C
  -------------------------------------------------------------------    -------------------
    SLICE_X22Y28         FDRE (Prop_fdre_C_Q)         0.141     0.692 r  r1_reg_338_reg[7]/Q
                         net (fo=5, routed)           0.218     0.910    r1_reg_338_reg_n_0_[7]
    SLICE_X21Y29         LUT3 (Prop_lut3_I2_O)        0.045     0.955 r  tmp_8_cast_reg_990[15]_i_1/O
                         net (fo=1, routed)           0.000     0.955    r_fu_418_p2[7]
    SLICE_X21Y29         FDRE                                         r  tmp_8_cast_reg_990_reg[15]/D
  -------------------------------------------------------------------    -------------------

                         (clock ap_clk rise edge)     0.000     0.000 r  
                                                      0.000     0.000 r  ap_clk (IN)
                         net (fo=733, unset)          0.821     0.821    ap_clk
    SLICE_X21Y29         FDRE                                         r  tmp_8_cast_reg_990_reg[15]/C
                         clock pessimism             -0.005     0.816    
    SLICE_X21Y29         FDRE (Hold_fdre_C_D)         0.092     0.908    tmp_8_cast_reg_990_reg[15]
  -------------------------------------------------------------------
                         required time                         -0.908    
                         arrival time                           0.955    
  -------------------------------------------------------------------
                         slack                                  0.047    

Slack (MET) :             0.066ns  (arrival time - required time)
  Source:                 tmp_1_reg_1024_reg[4]/C
                            (rising edge-triggered cell FDRE clocked by ap_clk  {rise@0.000ns fall@4.000ns period=8.000ns})
  Destination:            tmp_18_cast_cast_reg_1029_reg[4]/D
                            (rising edge-triggered cell FDRE clocked by ap_clk  {rise@0.000ns fall@4.000ns period=8.000ns})
  Path Group:             ap_clk
  Path Type:              Hold (Min at Fast Process Corner)
  Requirement:            0.000ns  (ap_clk rise@0.000ns - ap_clk rise@0.000ns)
  Data Path Delay:        0.348ns  (logic 0.128ns (36.760%)  route 0.220ns (63.240%))
  Logic Levels:           0  
  Clock Path Skew:        0.261ns (DCD - SCD - CPR)
    Destination Clock Delay (DCD):    0.815ns
    Source Clock Delay      (SCD):    0.549ns
    Clock Pessimism Removal (CPR):    0.005ns

    Location             Delay type                Incr(ns)  Path(ns)    Netlist Resource(s)
  -------------------------------------------------------------------    -------------------
                         (clock ap_clk rise edge)     0.000     0.000 r  
                                                      0.000     0.000 r  ap_clk (IN)
                         net (fo=733, unset)          0.549     0.549    ap_clk
    SLICE_X21Y26         FDRE                                         r  tmp_1_reg_1024_reg[4]/C
  -------------------------------------------------------------------    -------------------
    SLICE_X21Y26         FDRE (Prop_fdre_C_Q)         0.128     0.677 r  tmp_1_reg_1024_reg[4]/Q
                         net (fo=2, routed)           0.220     0.897    tmp_1_reg_1024_reg_n_0_[4]
    SLICE_X25Y26         FDRE                                         r  tmp_18_cast_cast_reg_1029_reg[4]/D
  -------------------------------------------------------------------    -------------------

                         (clock ap_clk rise edge)     0.000     0.000 r  
                                                      0.000     0.000 r  ap_clk (IN)
                         net (fo=733, unset)          0.815     0.815    ap_clk
    SLICE_X25Y26         FDRE                                         r  tmp_18_cast_cast_reg_1029_reg[4]/C
                         clock pessimism             -0.005     0.810    
    SLICE_X25Y26         FDRE (Hold_fdre_C_D)         0.021     0.831    tmp_18_cast_cast_reg_1029_reg[4]
  -------------------------------------------------------------------
                         required time                         -0.831    
                         arrival time                           0.897    
  -------------------------------------------------------------------
                         slack                                  0.066    

Slack (MET) :             0.069ns  (arrival time - required time)
  Source:                 tmp_1_reg_1024_reg[8]/C
                            (rising edge-triggered cell FDRE clocked by ap_clk  {rise@0.000ns fall@4.000ns period=8.000ns})
  Destination:            tmp_18_cast_cast_reg_1029_reg[8]/D
                            (rising edge-triggered cell FDRE clocked by ap_clk  {rise@0.000ns fall@4.000ns period=8.000ns})
  Path Group:             ap_clk
  Path Type:              Hold (Min at Fast Process Corner)
  Requirement:            0.000ns  (ap_clk rise@0.000ns - ap_clk rise@0.000ns)
  Data Path Delay:        0.346ns  (logic 0.128ns (36.964%)  route 0.218ns (63.036%))
  Logic Levels:           0  
  Clock Path Skew:        0.264ns (DCD - SCD - CPR)
    Destination Clock Delay (DCD):    0.818ns
    Source Clock Delay      (SCD):    0.549ns
    Clock Pessimism Removal (CPR):    0.005ns

    Location             Delay type                Incr(ns)  Path(ns)    Netlist Resource(s)
  -------------------------------------------------------------------    -------------------
                         (clock ap_clk rise edge)     0.000     0.000 r  
                                                      0.000     0.000 r  ap_clk (IN)
                         net (fo=733, unset)          0.549     0.549    ap_clk
    SLICE_X21Y26         FDRE                                         r  tmp_1_reg_1024_reg[8]/C
  -------------------------------------------------------------------    -------------------
    SLICE_X21Y26         FDRE (Prop_fdre_C_Q)         0.128     0.677 r  tmp_1_reg_1024_reg[8]/Q
                         net (fo=2, routed)           0.218     0.895    tmp_1_reg_1024_reg_n_0_[8]
    SLICE_X25Y28         FDRE                                         r  tmp_18_cast_cast_reg_1029_reg[8]/D
  -------------------------------------------------------------------    -------------------

                         (clock ap_clk rise edge)     0.000     0.000 r  
                                                      0.000     0.000 r  ap_clk (IN)
                         net (fo=733, unset)          0.818     0.818    ap_clk
    SLICE_X25Y28         FDRE                                         r  tmp_18_cast_cast_reg_1029_reg[8]/C
                         clock pessimism             -0.005     0.813    
    SLICE_X25Y28         FDRE (Hold_fdre_C_D)         0.013     0.826    tmp_18_cast_cast_reg_1029_reg[8]
  -------------------------------------------------------------------
                         required time                         -0.826    
                         arrival time                           0.895    
  -------------------------------------------------------------------
                         slack                                  0.069    

Slack (MET) :             0.077ns  (arrival time - required time)
  Source:                 col_offset_1_2_reg_1174_reg[0]/C
                            (rising edge-triggered cell FDRE clocked by ap_clk  {rise@0.000ns fall@4.000ns period=8.000ns})
  Destination:            col_offset_1_2_cast_s_reg_1203_reg[0]/D
                            (rising edge-triggered cell FDRE clocked by ap_clk  {rise@0.000ns fall@4.000ns period=8.000ns})
  Path Group:             ap_clk
  Path Type:              Hold (Min at Fast Process Corner)
  Requirement:            0.000ns  (ap_clk rise@0.000ns - ap_clk rise@0.000ns)
  Data Path Delay:        0.408ns  (logic 0.141ns (34.588%)  route 0.267ns (65.412%))
  Logic Levels:           0  
  Clock Path Skew:        0.261ns (DCD - SCD - CPR)
    Destination Clock Delay (DCD):    0.818ns
    Source Clock Delay      (SCD):    0.552ns
    Clock Pessimism Removal (CPR):    0.005ns

    Location             Delay type                Incr(ns)  Path(ns)    Netlist Resource(s)
  -------------------------------------------------------------------    -------------------
                         (clock ap_clk rise edge)     0.000     0.000 r  
                                                      0.000     0.000 r  ap_clk (IN)
                         net (fo=733, unset)          0.552     0.552    ap_clk
    SLICE_X15Y23         FDRE                                         r  col_offset_1_2_reg_1174_reg[0]/C
  -------------------------------------------------------------------    -------------------
    SLICE_X15Y23         FDRE (Prop_fdre_C_Q)         0.141     0.693 r  col_offset_1_2_reg_1174_reg[0]/Q
                         net (fo=3, routed)           0.267     0.960    col_offset_1_2_reg_1174_reg_n_0_[0]
    SLICE_X22Y20         FDRE                                         r  col_offset_1_2_cast_s_reg_1203_reg[0]/D
  -------------------------------------------------------------------    -------------------

                         (clock ap_clk rise edge)     0.000     0.000 r  
                                                      0.000     0.000 r  ap_clk (IN)
                         net (fo=733, unset)          0.818     0.818    ap_clk
    SLICE_X22Y20         FDRE                                         r  col_offset_1_2_cast_s_reg_1203_reg[0]/C
                         clock pessimism             -0.005     0.813    
    SLICE_X22Y20         FDRE (Hold_fdre_C_D)         0.070     0.883    col_offset_1_2_cast_s_reg_1203_reg[0]
  -------------------------------------------------------------------
                         required time                         -0.883    
                         arrival time                           0.960    
  -------------------------------------------------------------------
                         slack                                  0.077    

Slack (MET) :             0.085ns  (arrival time - required time)
  Source:                 r1_reg_338_reg[7]/C
                            (rising edge-triggered cell FDRE clocked by ap_clk  {rise@0.000ns fall@4.000ns period=8.000ns})
  Destination:            tmp_6_cast_reg_975_reg[15]/D
                            (rising edge-triggered cell FDRE clocked by ap_clk  {rise@0.000ns fall@4.000ns period=8.000ns})
  Path Group:             ap_clk
  Path Type:              Hold (Min at Fast Process Corner)
  Requirement:            0.000ns  (ap_clk rise@0.000ns - ap_clk rise@0.000ns)
  Data Path Delay:        0.457ns  (logic 0.187ns (40.913%)  route 0.270ns (59.087%))
  Logic Levels:           1  (LUT3=1)
  Clock Path Skew:        0.265ns (DCD - SCD - CPR)
    Destination Clock Delay (DCD):    0.821ns
    Source Clock Delay      (SCD):    0.551ns
    Clock Pessimism Removal (CPR):    0.005ns

    Location             Delay type                Incr(ns)  Path(ns)    Netlist Resource(s)
  -------------------------------------------------------------------    -------------------
                         (clock ap_clk rise edge)     0.000     0.000 r  
                                                      0.000     0.000 r  ap_clk (IN)
                         net (fo=733, unset)          0.551     0.551    ap_clk
    SLICE_X22Y28         FDRE                                         r  r1_reg_338_reg[7]/C
  -------------------------------------------------------------------    -------------------
    SLICE_X22Y28         FDRE (Prop_fdre_C_Q)         0.141     0.692 r  r1_reg_338_reg[7]/Q
                         net (fo=5, routed)           0.270     0.962    r1_reg_338_reg_n_0_[7]
    SLICE_X21Y29         LUT3 (Prop_lut3_I2_O)        0.046     1.008 r  tmp_6_cast_reg_975[15]_i_2/O
                         net (fo=1, routed)           0.000     1.008    tmp_6_cast_reg_975[15]_i_2_n_0
    SLICE_X21Y29         FDRE                                         r  tmp_6_cast_reg_975_reg[15]/D
  -------------------------------------------------------------------    -------------------

                         (clock ap_clk rise edge)     0.000     0.000 r  
                                                      0.000     0.000 r  ap_clk (IN)
                         net (fo=733, unset)          0.821     0.821    ap_clk
    SLICE_X21Y29         FDRE                                         r  tmp_6_cast_reg_975_reg[15]/C
                         clock pessimism             -0.005     0.816    
    SLICE_X21Y29         FDRE (Hold_fdre_C_D)         0.107     0.923    tmp_6_cast_reg_975_reg[15]
  -------------------------------------------------------------------
                         required time                         -0.923    
                         arrival time                           1.008    
  -------------------------------------------------------------------
                         slack                                  0.085    

Slack (MET) :             0.087ns  (arrival time - required time)
  Source:                 tmp_8_cast_reg_990_reg[15]/C
                            (rising edge-triggered cell FDRE clocked by ap_clk  {rise@0.000ns fall@4.000ns period=8.000ns})
  Destination:            in_addr_5_reg_1010_reg[15]/D
                            (rising edge-triggered cell FDRE clocked by ap_clk  {rise@0.000ns fall@4.000ns period=8.000ns})
  Path Group:             ap_clk
  Path Type:              Hold (Min at Fast Process Corner)
  Requirement:            0.000ns  (ap_clk rise@0.000ns - ap_clk rise@0.000ns)
  Data Path Delay:        0.455ns  (logic 0.256ns (56.241%)  route 0.199ns (43.759%))
  Logic Levels:           1  (CARRY4=1)
  Clock Path Skew:        0.263ns (DCD - SCD - CPR)
    Destination Clock Delay (DCD):    0.820ns
    Source Clock Delay      (SCD):    0.552ns
    Clock Pessimism Removal (CPR):    0.005ns

    Location             Delay type                Incr(ns)  Path(ns)    Netlist Resource(s)
  -------------------------------------------------------------------    -------------------
                         (clock ap_clk rise edge)     0.000     0.000 r  
                                                      0.000     0.000 r  ap_clk (IN)
                         net (fo=733, unset)          0.552     0.552    ap_clk
    SLICE_X21Y29         FDRE                                         r  tmp_8_cast_reg_990_reg[15]/C
  -------------------------------------------------------------------    -------------------
    SLICE_X21Y29         FDRE (Prop_fdre_C_Q)         0.141     0.693 r  tmp_8_cast_reg_990_reg[15]/Q
                         net (fo=7, routed)           0.199     0.892    tmp_8_cast_reg_990[15]
    SLICE_X23Y30         CARRY4 (Prop_carry4_S[0]_O[0])
                                                      0.115     1.007 r  in_addr_5_reg_1010_reg[15]_i_1/O[0]
                         net (fo=1, routed)           0.000     1.007    tmp_6_fu_461_p2[15]
    SLICE_X23Y30         FDRE                                         r  in_addr_5_reg_1010_reg[15]/D
  -------------------------------------------------------------------    -------------------

                         (clock ap_clk rise edge)     0.000     0.000 r  
                                                      0.000     0.000 r  ap_clk (IN)
                         net (fo=733, unset)          0.820     0.820    ap_clk
    SLICE_X23Y30         FDRE                                         r  in_addr_5_reg_1010_reg[15]/C
                         clock pessimism             -0.005     0.815    
    SLICE_X23Y30         FDRE (Hold_fdre_C_D)         0.105     0.920    in_addr_5_reg_1010_reg[15]
  -------------------------------------------------------------------
                         required time                         -0.920    
                         arrival time                           1.007    
  -------------------------------------------------------------------
                         slack                                  0.087    

Slack (MET) :             0.096ns  (arrival time - required time)
  Source:                 tmp_3_cast_reg_962_reg[13]/C
                            (rising edge-triggered cell FDRE clocked by ap_clk  {rise@0.000ns fall@4.000ns period=8.000ns})
  Destination:            out_addr_2_reg_1233_reg[13]/D
                            (rising edge-triggered cell FDRE clocked by ap_clk  {rise@0.000ns fall@4.000ns period=8.000ns})
  Path Group:             ap_clk
  Path Type:              Hold (Min at Fast Process Corner)
  Requirement:            0.000ns  (ap_clk rise@0.000ns - ap_clk rise@0.000ns)
  Data Path Delay:        0.486ns  (logic 0.251ns (51.695%)  route 0.235ns (48.305%))
  Logic Levels:           1  (CARRY4=1)
  Clock Path Skew:        0.260ns (DCD - SCD - CPR)
    Destination Clock Delay (DCD):    0.820ns
    Source Clock Delay      (SCD):    0.555ns
    Clock Pessimism Removal (CPR):    0.005ns

    Location             Delay type                Incr(ns)  Path(ns)    Netlist Resource(s)
  -------------------------------------------------------------------    -------------------
                         (clock ap_clk rise edge)     0.000     0.000 r  
                                                      0.000     0.000 r  ap_clk (IN)
                         net (fo=733, unset)          0.555     0.555    ap_clk
    SLICE_X19Y29         FDRE                                         r  tmp_3_cast_reg_962_reg[13]/C
  -------------------------------------------------------------------    -------------------
    SLICE_X19Y29         FDRE (Prop_fdre_C_Q)         0.141     0.696 r  tmp_3_cast_reg_962_reg[13]/Q
                         net (fo=7, routed)           0.235     0.931    convolveMedium_convm_s_axi_U/int_in_r/tmp_3_cast_reg_962_reg[15]_0[5]
    SLICE_X24Y31         CARRY4 (Prop_carry4_S[2]_O[2])
                                                      0.110     1.041 r  convolveMedium_convm_s_axi_U/int_in_r/out_addr_2_reg_1233_reg[14]_i_1/O[2]
                         net (fo=2, routed)           0.000     1.041    data7[13]
    SLICE_X24Y31         FDRE                                         r  out_addr_2_reg_1233_reg[13]/D
  -------------------------------------------------------------------    -------------------

                         (clock ap_clk rise edge)     0.000     0.000 r  
                                                      0.000     0.000 r  ap_clk (IN)
                         net (fo=733, unset)          0.820     0.820    ap_clk
    SLICE_X24Y31         FDRE                                         r  out_addr_2_reg_1233_reg[13]/C
                         clock pessimism             -0.005     0.815    
    SLICE_X24Y31         FDRE (Hold_fdre_C_D)         0.130     0.945    out_addr_2_reg_1233_reg[13]
  -------------------------------------------------------------------
                         required time                         -0.945    
                         arrival time                           1.041    
  -------------------------------------------------------------------
                         slack                                  0.096    

Slack (MET) :             0.098ns  (arrival time - required time)
  Source:                 col_offset_2_2_cast_s_reg_1295_reg[1]/C
                            (rising edge-triggered cell FDRE clocked by ap_clk  {rise@0.000ns fall@4.000ns period=8.000ns})
  Destination:            out_addr_3_reg_1320_reg[1]/D
                            (rising edge-triggered cell FDRE clocked by ap_clk  {rise@0.000ns fall@4.000ns period=8.000ns})
  Path Group:             ap_clk
  Path Type:              Hold (Min at Fast Process Corner)
  Requirement:            0.000ns  (ap_clk rise@0.000ns - ap_clk rise@0.000ns)
  Data Path Delay:        0.375ns  (logic 0.148ns (39.437%)  route 0.227ns (60.563%))
  Logic Levels:           0  
  Clock Path Skew:        0.264ns (DCD - SCD - CPR)
    Destination Clock Delay (DCD):    0.817ns
    Source Clock Delay      (SCD):    0.548ns
    Clock Pessimism Removal (CPR):    0.005ns

    Location             Delay type                Incr(ns)  Path(ns)    Netlist Resource(s)
  -------------------------------------------------------------------    -------------------
                         (clock ap_clk rise edge)     0.000     0.000 r  
                                                      0.000     0.000 r  ap_clk (IN)
                         net (fo=733, unset)          0.548     0.548    ap_clk
    SLICE_X20Y24         FDRE                                         r  col_offset_2_2_cast_s_reg_1295_reg[1]/C
  -------------------------------------------------------------------    -------------------
    SLICE_X20Y24         FDRE (Prop_fdre_C_Q)         0.148     0.696 r  col_offset_2_2_cast_s_reg_1295_reg[1]/Q
                         net (fo=3, routed)           0.227     0.923    col_offset_2_2_cast_s_reg_1295[1]
    SLICE_X23Y22         FDRE                                         r  out_addr_3_reg_1320_reg[1]/D
  -------------------------------------------------------------------    -------------------

                         (clock ap_clk rise edge)     0.000     0.000 r  
                                                      0.000     0.000 r  ap_clk (IN)
                         net (fo=733, unset)          0.817     0.817    ap_clk
    SLICE_X23Y22         FDRE                                         r  out_addr_3_reg_1320_reg[1]/C
                         clock pessimism             -0.005     0.812    
    SLICE_X23Y22         FDRE (Hold_fdre_C_D)         0.013     0.825    out_addr_3_reg_1320_reg[1]
  -------------------------------------------------------------------
                         required time                         -0.825    
                         arrival time                           0.923    
  -------------------------------------------------------------------
                         slack                                  0.098    

Slack (MET) :             0.102ns  (arrival time - required time)
  Source:                 tmp_3_7_reg_1311_reg[0]/C
                            (rising edge-triggered cell FDRE clocked by ap_clk  {rise@0.000ns fall@4.000ns period=8.000ns})
  Destination:            ap_CS_fsm_reg[26]/D
                            (rising edge-triggered cell FDRE clocked by ap_clk  {rise@0.000ns fall@4.000ns period=8.000ns})
  Path Group:             ap_clk
  Path Type:              Hold (Min at Fast Process Corner)
  Requirement:            0.000ns  (ap_clk rise@0.000ns - ap_clk rise@0.000ns)
  Data Path Delay:        0.453ns  (logic 0.209ns (46.184%)  route 0.244ns (53.816%))
  Logic Levels:           1  (LUT4=1)
  Clock Path Skew:        0.260ns (DCD - SCD - CPR)
    Destination Clock Delay (DCD):    0.813ns
    Source Clock Delay      (SCD):    0.548ns
    Clock Pessimism Removal (CPR):    0.005ns

    Location             Delay type                Incr(ns)  Path(ns)    Netlist Resource(s)
  -------------------------------------------------------------------    -------------------
                         (clock ap_clk rise edge)     0.000     0.000 r  
                                                      0.000     0.000 r  ap_clk (IN)
                         net (fo=733, unset)          0.548     0.548    ap_clk
    SLICE_X20Y24         FDRE                                         r  tmp_3_7_reg_1311_reg[0]/C
  -------------------------------------------------------------------    -------------------
    SLICE_X20Y24         FDRE (Prop_fdre_C_Q)         0.164     0.712 r  tmp_3_7_reg_1311_reg[0]/Q
                         net (fo=5, routed)           0.244     0.956    tmp_3_7_reg_1311
    SLICE_X22Y24         LUT4 (Prop_lut4_I1_O)        0.045     1.001 r  ap_CS_fsm[26]_i_1/O
                         net (fo=1, routed)           0.000     1.001    ap_CS_fsm[26]_i_1_n_0
    SLICE_X22Y24         FDRE                                         r  ap_CS_fsm_reg[26]/D
  -------------------------------------------------------------------    -------------------

                         (clock ap_clk rise edge)     0.000     0.000 r  
                                                      0.000     0.000 r  ap_clk (IN)
                         net (fo=733, unset)          0.813     0.813    ap_clk
    SLICE_X22Y24         FDRE                                         r  ap_CS_fsm_reg[26]/C
                         clock pessimism             -0.005     0.808    
    SLICE_X22Y24         FDRE (Hold_fdre_C_D)         0.091     0.899    ap_CS_fsm_reg[26]
  -------------------------------------------------------------------
                         required time                         -0.899    
                         arrival time                           1.001    
  -------------------------------------------------------------------
                         slack                                  0.102    





Pulse Width Checks
--------------------------------------------------------------------------------------
Clock Name:         ap_clk
Waveform(ns):       { 0.000 4.000 }
Period(ns):         8.000
Sources:            { ap_clk }

Check Type        Corner  Lib Pin      Reference Pin  Required(ns)  Actual(ns)  Slack(ns)  Location      Pin
Min Period        n/a     DSP48E1/CLK  n/a            3.884         8.000       4.116      DSP48_X0Y10   convolveMedium_macud_U5/convolveMedium_macud_DSP48_1_U/p/CLK
Min Period        n/a     DSP48E1/CLK  n/a            3.884         8.000       4.116      DSP48_X0Y8    convolveMedium_mabkb_U12/convolveMedium_mabkb_DSP48_0_U/p/CLK
Min Period        n/a     DSP48E1/CLK  n/a            3.884         8.000       4.116      DSP48_X0Y9    convolveMedium_mabkb_U1/convolveMedium_mabkb_DSP48_0_U/p/CLK
Min Period        n/a     DSP48E1/CLK  n/a            3.884         8.000       4.116      DSP48_X0Y7    convolveMedium_mabkb_U7/convolveMedium_mabkb_DSP48_0_U/p/CLK
Min Period        n/a     DSP48E1/CLK  n/a            3.884         8.000       4.116      DSP48_X0Y5    convolveMedium_macud_U13/convolveMedium_macud_DSP48_1_U/p/CLK
Min Period        n/a     DSP48E1/CLK  n/a            3.884         8.000       4.116      DSP48_X0Y3    convolveMedium_mabkb_U17/convolveMedium_mabkb_DSP48_0_U/p/CLK
Min Period        n/a     DSP48E1/CLK  n/a            3.884         8.000       4.116      DSP48_X1Y7    convolveMedium_macud_U8/convolveMedium_macud_DSP48_1_U/p/CLK
Min Period        n/a     DSP48E1/CLK  n/a            3.884         8.000       4.116      DSP48_X1Y8    convolveMedium_macud_U18/convolveMedium_macud_DSP48_1_U/p/CLK
Min Period        n/a     DSP48E1/CLK  n/a            3.884         8.000       4.116      DSP48_X1Y9    convolveMedium_mabkb_U3/convolveMedium_mabkb_DSP48_0_U/p/CLK
Min Period        n/a     DSP48E1/CLK  n/a            3.884         8.000       4.116      DSP48_X0Y12   convolveMedium_mabkb_U0/convolveMedium_mabkb_DSP48_0_U/p/CLK
Low Pulse Width   Fast    FDRE/C       n/a            0.500         4.000       3.500      SLICE_X20Y17  ap_CS_fsm_reg[15]/C
Low Pulse Width   Fast    FDRE/C       n/a            0.500         4.000       3.500      SLICE_X20Y17  ap_CS_fsm_reg[16]/C
Low Pulse Width   Fast    FDRE/C       n/a            0.500         4.000       3.500      SLICE_X20Y17  ap_CS_fsm_reg[17]/C
Low Pulse Width   Slow    FDRE/C       n/a            0.500         4.000       3.500      SLICE_X14Y17  ap_CS_fsm_reg[22]/C
Low Pulse Width   Slow    FDRE/C       n/a            0.500         4.000       3.500      SLICE_X14Y17  ap_CS_fsm_reg[23]/C
Low Pulse Width   Fast    FDRE/C       n/a            0.500         4.000       3.500      SLICE_X24Y33  in_addr_3_reg_1000_reg[10]/C
Low Pulse Width   Slow    FDRE/C       n/a            0.500         4.000       3.500      SLICE_X23Y23  ap_CS_fsm_reg[9]/C
Low Pulse Width   Fast    FDSE/C       n/a            0.500         4.000       3.500      SLICE_X20Y23  c_reg_349_reg[0]/C
Low Pulse Width   Fast    FDRE/C       n/a            0.500         4.000       3.500      SLICE_X20Y23  c_reg_349_reg[2]/C
Low Pulse Width   Fast    FDRE/C       n/a            0.500         4.000       3.500      SLICE_X20Y23  c_reg_349_reg[3]/C
High Pulse Width  Fast    FDRE/C       n/a            0.500         4.000       3.500      SLICE_X20Y19  ap_CS_fsm_reg[29]/C
High Pulse Width  Fast    FDRE/C       n/a            0.500         4.000       3.500      SLICE_X20Y30  in_addr_4_reg_1005_reg[10]/C
High Pulse Width  Fast    FDRE/C       n/a            0.500         4.000       3.500      SLICE_X16Y29  c_reg_349_reg[8]/C
High Pulse Width  Fast    FDRE/C       n/a            0.500         4.000       3.500      SLICE_X18Y20  col_offset_0_2_cast_s_reg_1117_reg[2]/C
High Pulse Width  Fast    FDRE/C       n/a            0.500         4.000       3.500      SLICE_X17Y20  col_offset_0_2_reg_1099_reg[2]/C
High Pulse Width  Fast    FDRE/C       n/a            0.500         4.000       3.500      SLICE_X20Y30  in_addr_4_reg_1005_reg[8]/C
High Pulse Width  Fast    FDRE/C       n/a            0.500         4.000       3.500      SLICE_X20Y30  in_addr_4_reg_1005_reg[9]/C
High Pulse Width  Fast    FDRE/C       n/a            0.500         4.000       3.500      SLICE_X22Y17  in_load_11_reg_1257_reg[4]/C
High Pulse Width  Fast    FDRE/C       n/a            0.500         4.000       3.500      SLICE_X26Y20  krnl_load_4_reg_1091_reg[0]/C
High Pulse Width  Fast    FDRE/C       n/a            0.500         4.000       3.500      SLICE_X26Y20  krnl_load_4_reg_1091_reg[3]/C



