#-----------------------------------------------------------
# xsim v2017.2 (64-bit)
# SW Build 1909853 on Thu Jun 15 18:39:09 MDT 2017
# IP Build 1909766 on Thu Jun 15 19:58:00 MDT 2017
# Start of session at: Wed Dec 19 12:42:29 2018
# Process ID: 6892
# Current directory: C:/Users/au513437/Desktop/embd_miniproject/ConvolutionMedium/convolutionMedium.prj/solution2/sim/vhdl
# Command line: xsim.exe -mode tcl -source {xsim.dir/convolveMedium/xsim_script.tcl}
# Log file: C:/Users/au513437/Desktop/embd_miniproject/ConvolutionMedium/convolutionMedium.prj/solution2/sim/vhdl/xsim.log
# Journal file: C:/Users/au513437/Desktop/embd_miniproject/ConvolutionMedium/convolutionMedium.prj/solution2/sim/vhdl\xsim.jou
#-----------------------------------------------------------
source xsim.dir/convolveMedium/xsim_script.tcl
# xsim {convolveMedium} -autoloadwcfg -tclbatch {convolveMedium.tcl}
Vivado Simulator 2017.2
Time resolution is 1 ps
source convolveMedium.tcl
## run all
Note: simulation done!
Time: 12658220 ns  Iteration: 1  Process: /apatb_convolveMedium_top/generate_sim_done_proc  File: C:/Users/au513437/Desktop/embd_miniproject/ConvolutionMedium/convolutionMedium.prj/solution2/sim/vhdl/convolveMedium.autotb.vhd
Failure: NORMAL EXIT (note: failure is to force the simulator to stop)
Time: 12658220 ns  Iteration: 1  Process: /apatb_convolveMedium_top/generate_sim_done_proc  File: C:/Users/au513437/Desktop/embd_miniproject/ConvolutionMedium/convolutionMedium.prj/solution2/sim/vhdl/convolveMedium.autotb.vhd
$finish called at time : 12658220 ns
run: Time (s): cpu = 00:00:00 ; elapsed = 00:00:29 . Memory (MB): peak = 217.977 ; gain = 0.000
## quit
INFO: [Common 17-206] Exiting xsim at Wed Dec 19 12:43:04 2018...
