Unable to capture context for thread 9348 in process 6776, can not generate back trace
Unable to capture context for thread 5232 in process 6776, can not generate back trace
Unable to capture context for thread 5840 in process 6776, can not generate back trace
Exception at PC 0x00007FFFFBE2BB93
Printing stacktrace...

[0]  [0x00007FFFFBE2BB93]
[1]  [0x00007FFFFBE2BB93]
[2]  [0x00007FFFFBE2B4A1]
[3]  [0x00007FFFFBE2B3EF]
[4]  [0x00007FFFFBE119FE]
[5]  [0x00007FFFFBE10ED1]
[6]  [0x00007FFFFBE10D76]
[7]  [0x00007FFFFBDB79F6]
[8]  [0x00007FFFFBDA7AFB]
[9]  [0x00007FFFFBECE90A]
[10]  [0x00007FFFFBEE9F87]
[11]  [0x00007FFFFBEEA05F]
[12] (BaseThreadInitThunk+0x14) [0x00007FF867343034]
[13] (RtlUserThreadStart+0x21) [0x00007FF869C63691]
Done
Exception at PC 0x00007FFFFBB31A52
Attemped to write at address 0x00007FF8366CABA4
Printing stacktrace...

[0]  [0x00007FFFFBB31A52]
[1]  [0x00007FFFFBB31A52]
[2]  [0x00007FFFFBB31AD4]
[3]  [0x00007FFFFBC73FF7]
[4]  [0x00007FFFFBB59128]
[5]  [0x00007FFFFBE0DFB9]
[6]  [0x00007FFFFBFDEF23]
[7]  [0x00007FFFFBEEB06B]
[8]  [0x00007FFFFBEE08AF]
[9]  [0x00007FFFFBEE0A32]
[10] (RtlActivateActivationContextUnsafeFast+0x123) [0x00007FF869C2B583]
[11] (LdrShutdownProcess+0x125) [0x00007FF869C37F85]
[12] (RtlExitUserProcess+0xd8) [0x00007FF869C37E48]
[13] (FatalExit+0xa) [0x00007FF86734B19A]
[14] (exit+0x75) [0x00007FF867CE9CE5]
[15] (initterm_e+0x235) [0x00007FF867CEA345]
[16]  [0x00000000004014CD]
[17]  [0x000000000040151B]
[18] (BaseThreadInitThunk+0x14) [0x00007FF867343034]
[19] (RtlUserThreadStart+0x21) [0x00007FF869C63691]
Done
